生成启动时间为 2015/11/18 10:41:15。
     1>项目“C:\XDiag\uoncore\busmaster\Sources\LIN_Kvaser\LIN_Kvaser.vcxproj”在节点 2 上(Rebuild 个目标)。
     1>ClCompile:
         C:\Program Files\Microsoft Visual Studio 11.0\VC\bin\CL.exe /c /IC:\XDiag\uoncore\busmaster\Sources\ /IC:\WinDDK\7600.16385.1\inc\mfc42 /IC:\WinDDK\7600.16385.1\inc\atl71 /I..\EXTERNAL\libxml2\include /I..\EXTERNAL\iconv\include /I..\Include /IINC /Zi /nologo /W3 /WX- /Od /Oi /Oy- /D WIN32 /D NDEBUG /D _WINDOWS /D _USRDLL /D _USING_V110_SDK71_ /D _WINDLL /D _MBCS /D _AFXDLL /Gm- /EHsc /MD /GS /Gy /fp:precise /Zc:wchar_t /Zc:forScope /Fo"C:\XDiag\uoncore\busmaster\Sources\/bin/DumpFiles/busmaster_debug\/OBJ/LIN_Kvaser/" /Fd"busmaster_debug\vc110.pdb" /Gd /TP /analyze- /errorReport:prompt ..\DIL_Interface\CommanDIL_LIN.cpp HardwareListing.cpp LIN_Kvaser.cpp LIN_Kvaser_stdafx.cpp
         CommanDIL_LIN.cpp
     1>..\DIL_Interface\CommanDIL_LIN.cpp(188): warning C4996: 'strcpy': This function or variable may be unsafe. Consider using strcpy_s instead. To disable deprecation, use _CRT_SECURE_NO_WARNINGS. See online help for details.
                 C:\Program Files\Microsoft Visual Studio 11.0\VC\include\string.h(110) : 参见“strcpy”的声明
     1>..\DIL_Interface\CommanDIL_LIN.cpp(203): warning C4996: 'strcpy': This function or variable may be unsafe. Consider using strcpy_s instead. To disable deprecation, use _CRT_SECURE_NO_WARNINGS. See online help for details.
                 C:\Program Files\Microsoft Visual Studio 11.0\VC\include\string.h(110) : 参见“strcpy”的声明
     1>..\DIL_Interface\CommanDIL_LIN.cpp(472): warning C4018: “<”: 有符号/无符号不匹配
     1>..\DIL_Interface\CommanDIL_LIN.cpp(544): warning C4244: “=”: 从“unsigned short”转换到“UCHAR”，可能丢失数据
     1>..\DIL_Interface\CommanDIL_LIN.cpp(797): warning C4018: “>=”: 有符号/无符号不匹配
         HardwareListing.cpp
         LIN_Kvaser.cpp
     1>c:\xdiag\uoncore\busmaster\sources\lin_kvaser\EXTERNAL\INC\canlib.h(4106): warning C4819: 该文件包含不能在当前代码页(936)中表示的字符。请将该文件保存为 Unicode 格式以防止数据丢失
     1>c:\xdiag\uoncore\busmaster\sources\lin_kvaser\EXTERNAL\INC\canlib.h(4820): warning C4819: 该文件包含不能在当前代码页(936)中表示的字符。请将该文件保存为 Unicode 格式以防止数据丢失
     1>LIN_Kvaser.cpp(125): warning C4018: “>=”: 有符号/无符号不匹配
     1>LIN_Kvaser.cpp(139): warning C4244: “=”: 从“LONGLONG”转换到“unsigned long”，可能丢失数据
     1>LIN_Kvaser.cpp(389): warning C4996: 'strcpy': This function or variable may be unsafe. Consider using strcpy_s instead. To disable deprecation, use _CRT_SECURE_NO_WARNINGS. See online help for details.
                 C:\Program Files\Microsoft Visual Studio 11.0\VC\include\string.h(110) : 参见“strcpy”的声明
     1>LIN_Kvaser.cpp(472): warning C4018: “>=”: 有符号/无符号不匹配
     1>LIN_Kvaser.cpp(494): warning C4996: 'sprintf': This function or variable may be unsafe. Consider using sprintf_s instead. To disable deprecation, use _CRT_SECURE_NO_WARNINGS. See online help for details.
                 C:\Program Files\Microsoft Visual Studio 11.0\VC\include\stdio.h(357) : 参见“sprintf”的声明
     1>LIN_Kvaser.cpp(536): warning C4996: 'sprintf': This function or variable may be unsafe. Consider using sprintf_s instead. To disable deprecation, use _CRT_SECURE_NO_WARNINGS. See online help for details.
                 C:\Program Files\Microsoft Visual Studio 11.0\VC\include\stdio.h(357) : 参见“sprintf”的声明
     1>LIN_Kvaser.cpp(542): warning C4996: 'sprintf': This function or variable may be unsafe. Consider using sprintf_s instead. To disable deprecation, use _CRT_SECURE_NO_WARNINGS. See online help for details.
                 C:\Program Files\Microsoft Visual Studio 11.0\VC\include\stdio.h(357) : 参见“sprintf”的声明
     1>LIN_Kvaser.cpp(1273): warning C4018: “<”: 有符号/无符号不匹配
         LIN_Kvaser_stdafx.cpp
         正在生成代码...
       ResourceCompile:
         C:\Program Files\Microsoft SDKs\Windows\v7.1A\bin\rc.exe /D NDEBUG /D _USING_V110_SDK71_ /D _AFXDLL /l"0x0409" /Ibusmaster_debug\ /IC:\WinDDK\7600.16385.1\inc\mfc42 /IC:\WinDDK\7600.16385.1\inc\atl71 /nologo /fo"busmaster_debug\LIN_Kvaser.res" LIN_Kvaser.rc 
     1>C:\Program Files\MSBuild\Microsoft.Cpp\v4.0\V110\Microsoft.CppBuild.targets(1137,5): warning MSB8012: TargetPath(C:\XDiag\uoncore\busmaster\Sources\LIN_Kvaser\busmaster_debug\LIN_Kvaser.dll) does not match the Linker's OutputFile property value (C:\XDiag\uoncore\busmaster\Sources\bin\busmaster_debug\LIN_Kvaser.dll). This may cause your project to build incorrectly. To correct this, please make sure that $(OutDir), $(TargetName) and $(TargetExt) property values match the value specified in %(Link.OutputFile).
       Link:
         C:\Program Files\Microsoft Visual Studio 11.0\VC\bin\link.exe /ERRORREPORT:PROMPT /OUT:"C:\XDiag\uoncore\busmaster\Sources\/bin/busmaster_debug\LIN_Kvaser.dll" /INCREMENTAL:NO /NOLOGO /LIBPATH:C:\WinDDK\7600.16385.1\lib\Mfc\i386 /LIBPATH:C:\WinDDK\7600.16385.1\lib\ATL\i386 /LIBPATH:"C:\Program Files\Microsoft SDKs\Windows\v7.1A\Lib" EXTERNAL\Lib\MS\linlib.lib EXTERNAL\Lib\MS\canlib32.lib /MANIFEST /MANIFESTUAC:"level='asInvoker' uiAccess='false'" /manifest:embed /manifestinput:"C:\Program Files\Microsoft Visual Studio 11.0\VC\Include\Manifest\dpiaware.manifest" /DEBUG /PDB:"C:\XDiag\uoncore\busmaster\Sources\/bin/DumpFiles/busmaster_debug\/PDB/LIN_Kvaser.pdb" /SUBSYSTEM:WINDOWS,"5.01" /STACK:"8000000" /OPT:REF /OPT:ICF /TLBID:1 /DYNAMICBASE:NO /IMPLIB:"C:\XDiag\uoncore\busmaster\Sources\/BIN/Libs/busmaster_debug\LIN_Kvaser.lib" /MACHINE:X86 /SAFESEH "C:\XDiag\uoncore\busmaster\Sources\/BIN/Libs/busmaster_debug\DataTypes.lib"
         "C:\XDiag\uoncore\busmaster\Sources\/BIN/Libs/busmaster_debug\Utils.lib" /DLL busmaster_debug\LIN_Kvaser.res
         C:\XDiag\uoncore\busmaster\Sources\/bin/DumpFiles/busmaster_debug\/OBJ/LIN_Kvaser/CommanDIL_LIN.obj
         C:\XDiag\uoncore\busmaster\Sources\/bin/DumpFiles/busmaster_debug\/OBJ/LIN_Kvaser/HardwareListing.obj
         C:\XDiag\uoncore\busmaster\Sources\/bin/DumpFiles/busmaster_debug\/OBJ/LIN_Kvaser/LIN_Kvaser.obj
         C:\XDiag\uoncore\busmaster\Sources\/bin/DumpFiles/busmaster_debug\/OBJ/LIN_Kvaser/LIN_Kvaser_stdafx.obj
     1>LINK : fatal error LNK1181: 无法打开输入文件“C:\XDiag\uoncore\busmaster\Sources\/BIN/Libs/busmaster_debug\Utils.lib”
     1>已完成生成项目“C:\XDiag\uoncore\busmaster\Sources\LIN_Kvaser\LIN_Kvaser.vcxproj”(Rebuild 个目标)的操作 - 失败。

生成失败。

已用时间 00:00:08.21
