C:\XDiag\uoncore\busmaster\Sources\BIN\Libs\busmaster_debug\CAN_VSCOM.lib
C:\XDiag\uoncore\busmaster\Sources\BIN\Libs\busmaster_debug\CAN_VSCOM.exp
C:\XDIAG\UONCORE\BUSMASTER\SOURCES\CAN_VSCOM\BUSMASTER_DEBUG\CAN_VSCOM.PCH
C:\XDIAG\UONCORE\BUSMASTER\SOURCES\BIN\DUMPFILES\BUSMASTER_DEBUG\OBJ\CAN_VSCOM\CAN_SETUP.OBJ
C:\XDIAG\UONCORE\BUSMASTER\SOURCES\BIN\DUMPFILES\BUSMASTER_DEBUG\OBJ\CAN_VSCOM\CAN_VSCOM.OBJ
C:\XDIAG\UONCORE\BUSMASTER\SOURCES\BIN\DUMPFILES\BUSMASTER_DEBUG\OBJ\CAN_VSCOM\CAN_VSCOM_STDAFX.OBJ
C:\XDIAG\UONCORE\BUSMASTER\SOURCES\CAN_VSCOM\BUSMASTER_DEBUG\VC110.PDB
C:\XDIAG\UONCORE\BUSMASTER\SOURCES\BIN\BUSMASTER_DEBUG\CAN_VSCOM.DLL
C:\XDIAG\UONCORE\BUSMASTER\SOURCES\BIN\DUMPFILES\BUSMASTER_DEBUG\PDB\CAN_VSCOM.PDB
C:\XDIAG\UONCORE\BUSMASTER\SOURCES\CAN_VSCOM\BUSMASTER_DEBUG\CAN_VSCOM.RES
C:\XDiag\uoncore\busmaster\Sources\CAN_VSCOM\busmaster_debug\CAN_VSCOM.write.1.tlog
C:\XDiag\uoncore\busmaster\Sources\CAN_VSCOM\busmaster_debug\cl.command.1.tlog
C:\XDiag\uoncore\busmaster\Sources\CAN_VSCOM\busmaster_debug\CL.read.1.tlog
C:\XDiag\uoncore\busmaster\Sources\CAN_VSCOM\busmaster_debug\CL.write.1.tlog
C:\XDiag\uoncore\busmaster\Sources\CAN_VSCOM\busmaster_debug\link-cvtres.read.1.tlog
C:\XDiag\uoncore\busmaster\Sources\CAN_VSCOM\busmaster_debug\link-cvtres.write.1.tlog
C:\XDiag\uoncore\busmaster\Sources\CAN_VSCOM\busmaster_debug\link-mt.read.1.tlog
C:\XDiag\uoncore\busmaster\Sources\CAN_VSCOM\busmaster_debug\link-mt.write.1.tlog
C:\XDiag\uoncore\busmaster\Sources\CAN_VSCOM\busmaster_debug\link-rc.read.1.tlog
C:\XDiag\uoncore\busmaster\Sources\CAN_VSCOM\busmaster_debug\link-rc.write.1.tlog
C:\XDiag\uoncore\busmaster\Sources\CAN_VSCOM\busmaster_debug\link.command.1.tlog
C:\XDiag\uoncore\busmaster\Sources\CAN_VSCOM\busmaster_debug\link.read.1.tlog
C:\XDiag\uoncore\busmaster\Sources\CAN_VSCOM\busmaster_debug\link.write.1.tlog
C:\XDiag\uoncore\busmaster\Sources\CAN_VSCOM\busmaster_debug\rc.command.1.tlog
C:\XDiag\uoncore\busmaster\Sources\CAN_VSCOM\busmaster_debug\rc.read.1.tlog
C:\XDiag\uoncore\busmaster\Sources\CAN_VSCOM\busmaster_debug\rc.write.1.tlog
C:\XDiag\uoncore\busmaster\Sources\CAN_VSCOM\busmaster_debug\CAN_VSCOM.res
C:\XDiag\uoncore\busmaster\Sources\CAN_VSCOM\busmaster_debug\CAN_VSCOM.pch
C:\XDiag\uoncore\busmaster\Sources\CAN_VSCOM\busmaster_debug\vc110.idb
C:\XDiag\uoncore\busmaster\Sources\CAN_VSCOM\busmaster_debug\vc110.pdb
