生成启动时间为 2015/11/18 10:43:18。
     1>项目“C:\XDiag\uoncore\busmaster\Sources\CAN_MHS\CAN_MHS.vcxproj”在节点 3 上(Rebuild 个目标)。
     1>ClCompile:
         C:\Program Files\Microsoft Visual Studio 11.0\VC\bin\CL.exe /c /IC:\XDiag\uoncore\busmaster\Sources\ /IC:\WinDDK\7600.16385.1\inc\mfc42 /IC:\WinDDK\7600.16385.1\inc\atl71 /Zi /nologo /W4 /WX- /Od /Oy- /D WIN32 /D _WINDOWS /D NDEBUG /D _USRDLL /D WINVER=0x0500 /D _VC80_UPGRADE=0x0710 /D _USING_V110_SDK71_ /D _WINDLL /D _MBCS /D _AFXDLL /Gm- /EHsc /MD /GS /fp:precise /Zc:wchar_t /Zc:forScope /Fo"C:\XDiag\uoncore\busmaster\Sources\/bin/DumpFiles/busmaster_debug\/OBJ/CAN_MHS/" /Fd"busmaster_debug\vc110.pdb" /Gd /TP /analyze- /errorReport:prompt /I "C:\XDiag\uoncore\busmaster\Sources\/Localization/include" CAN_MHS.cpp CAN_MHS_stdafx.cpp ..\Application\MultiLanguage.cpp
         CAN_MHS.cpp
     1>CAN_MHS.cpp(404): warning C4996: 'strcpy': This function or variable may be unsafe. Consider using strcpy_s instead. To disable deprecation, use _CRT_SECURE_NO_WARNINGS. See online help for details.
                 C:\Program Files\Microsoft Visual Studio 11.0\VC\include\string.h(110) : 参见“strcpy”的声明
     1>CAN_MHS.cpp(420): warning C4996: 'strcpy': This function or variable may be unsafe. Consider using strcpy_s instead. To disable deprecation, use _CRT_SECURE_NO_WARNINGS. See online help for details.
                 C:\Program Files\Microsoft Visual Studio 11.0\VC\include\string.h(110) : 参见“strcpy”的声明
     1>CAN_MHS.cpp(883): warning C4996: 'sprintf': This function or variable may be unsafe. Consider using sprintf_s instead. To disable deprecation, use _CRT_SECURE_NO_WARNINGS. See online help for details.
                 C:\Program Files\Microsoft Visual Studio 11.0\VC\include\stdio.h(357) : 参见“sprintf”的声明
     1>CAN_MHS.cpp(1289): warning C4100: “unChannelCount”: 未引用的形参
     1>CAN_MHS.cpp(1289): warning C4100: “bIsHardwareListed”: 未引用的形参
     1>CAN_MHS.cpp(1289): warning C4100: “dwDriverId”: 未引用的形参
         CAN_MHS_stdafx.cpp
         MultiLanguage.cpp
     1>..\Application\MultiLanguage.cpp(190): warning C4996: 'sscanf': This function or variable may be unsafe. Consider using sscanf_s instead. To disable deprecation, use _CRT_SECURE_NO_WARNINGS. See online help for details.
                 C:\Program Files\Microsoft Visual Studio 11.0\VC\include\stdio.h(311) : 参见“sscanf”的声明
         正在生成代码...
     1>c:\xdiag\uoncore\busmaster\sources\can_mhs\can_mhs.cpp(1301): warning C4706: 条件表达式内的赋值
       ResourceCompile:
         C:\Program Files\Microsoft SDKs\Windows\v7.1A\bin\rc.exe /D NDEBUG /D _VC80_UPGRADE=0x0710 /D _USING_V110_SDK71_ /D _AFXDLL /l"0x0409" /Ibusmaster_debug\ /IC:\WinDDK\7600.16385.1\inc\mfc42 /IC:\WinDDK\7600.16385.1\inc\atl71 /nologo /fo"busmaster_debug\CAN_MHS.res" CAN_MHS.rc 
     1>C:\Program Files\MSBuild\Microsoft.Cpp\v4.0\V110\Microsoft.CppBuild.targets(1137,5): warning MSB8012: TargetPath(C:\XDiag\uoncore\busmaster\Sources\CAN_MHS\busmaster_debug\CAN_MHS.dll) does not match the Linker's OutputFile property value (C:\XDiag\uoncore\busmaster\Sources\bin\busmaster_debug\CAN_MHS.dll). This may cause your project to build incorrectly. To correct this, please make sure that $(OutDir), $(TargetName) and $(TargetExt) property values match the value specified in %(Link.OutputFile).
       Link:
         C:\Program Files\Microsoft Visual Studio 11.0\VC\bin\link.exe /ERRORREPORT:PROMPT /OUT:"C:\XDiag\uoncore\busmaster\Sources\/bin/busmaster_debug\CAN_MHS.dll" /INCREMENTAL:NO /NOLOGO /LIBPATH:C:\WinDDK\7600.16385.1\lib\Mfc\i386 /LIBPATH:C:\WinDDK\7600.16385.1\lib\ATL\i386 C:\XDiag\uoncore\busmaster\Sources\/CAN_MHS/EXTERNAL/mhstcan.lib C:\XDiag\uoncore\busmaster\Sources\bin\Libs\busmaster_debug\mhsbmcfg.lib /NODEFAULTLIB:daouuid.lib /MANIFEST /MANIFESTUAC:"level='asInvoker' uiAccess='false'" /manifest:embed /manifestinput:"C:\Program Files\Microsoft Visual Studio 11.0\VC\Include\Manifest\dpiaware.manifest" /DEBUG /PDB:"C:\XDiag\uoncore\busmaster\Sources\/bin/DumpFiles/busmaster_debug\/PDB/CAN_MHS.pdb" /SUBSYSTEM:WINDOWS,"5.01" /STACK:"8000000" /OPT:REF /OPT:ICF /TLBID:1 /DYNAMICBASE:NO /IMPLIB:"C:\XDiag\uoncore\busmaster\Sources\/BIN/Libs/busmaster_debug\CAN_MHS.lib" /MACHINE:X86 /SAFESEH "C:\XDiag\uoncore\busmaster\Sources\/BIN/Libs/busmaster_debug\DataTypes.lib"
         "C:\XDiag\uoncore\busmaster\Sources\/BIN/Libs/busmaster_debug\Utils.lib"
          /DLL busmaster_debug\CAN_MHS.res
         C:\XDiag\uoncore\busmaster\Sources\/bin/DumpFiles/busmaster_debug\/OBJ/CAN_MHS/CAN_MHS.obj
         C:\XDiag\uoncore\busmaster\Sources\/bin/DumpFiles/busmaster_debug\/OBJ/CAN_MHS/CAN_MHS_stdafx.obj
         C:\XDiag\uoncore\busmaster\Sources\/bin/DumpFiles/busmaster_debug\/OBJ/CAN_MHS/MultiLanguage.obj
         C:\XDiag\uoncore\busmaster\Sources\BIN\Libs\busmaster_debug\mhsbmcfg.lib
            正在创建库 C:\XDiag\uoncore\busmaster\Sources\/BIN/Libs/busmaster_debug\CAN_MHS.lib 和对象 C:\XDiag\uoncore\busmaster\Sources\/BIN/Libs/busmaster_debug\CAN_MHS.exp
         CAN_MHS.vcxproj -> C:\XDiag\uoncore\busmaster\Sources\CAN_MHS\busmaster_debug\CAN_MHS.dll
     1>已完成生成项目“C:\XDiag\uoncore\busmaster\Sources\CAN_MHS\CAN_MHS.vcxproj”(Rebuild 个目标)的操作。

生成成功。

已用时间 00:00:06.45
