C:\XDiag\uoncore\busmaster\Sources\BIN\Libs\busmaster_debug\CAN_MHS.lib
C:\XDiag\uoncore\busmaster\Sources\BIN\Libs\busmaster_debug\CAN_MHS.exp
C:\XDIAG\UONCORE\BUSMASTER\SOURCES\BIN\DUMPFILES\BUSMASTER_DEBUG\OBJ\CAN_MHS\MULTILANGUAGE.OBJ
C:\XDIAG\UONCORE\BUSMASTER\SOURCES\BIN\DUMPFILES\BUSMASTER_DEBUG\OBJ\CAN_MHS\CAN_MHS_STDAFX.OBJ
C:\XDIAG\UONCORE\BUSMASTER\SOURCES\BIN\DUMPFILES\BUSMASTER_DEBUG\OBJ\CAN_MHS\CAN_MHS.OBJ
C:\XDIAG\UONCORE\BUSMASTER\SOURCES\CAN_MHS\BUSMASTER_DEBUG\VC110.PDB
C:\XDIAG\UONCORE\BUSMASTER\SOURCES\BIN\BUSMASTER_DEBUG\CAN_MHS.DLL
C:\XDIAG\UONCORE\BUSMASTER\SOURCES\BIN\DUMPFILES\BUSMASTER_DEBUG\PDB\CAN_MHS.PDB
C:\XDIAG\UONCORE\BUSMASTER\SOURCES\CAN_MHS\BUSMASTER_DEBUG\CAN_MHS.RES
C:\XDiag\uoncore\busmaster\Sources\CAN_MHS\busmaster_debug\CAN_MHS.write.1.tlog
C:\XDiag\uoncore\busmaster\Sources\CAN_MHS\busmaster_debug\cl.command.1.tlog
C:\XDiag\uoncore\busmaster\Sources\CAN_MHS\busmaster_debug\CL.read.1.tlog
C:\XDiag\uoncore\busmaster\Sources\CAN_MHS\busmaster_debug\CL.write.1.tlog
C:\XDiag\uoncore\busmaster\Sources\CAN_MHS\busmaster_debug\link-cvtres.read.1.tlog
C:\XDiag\uoncore\busmaster\Sources\CAN_MHS\busmaster_debug\link-cvtres.write.1.tlog
C:\XDiag\uoncore\busmaster\Sources\CAN_MHS\busmaster_debug\link-mt.read.1.tlog
C:\XDiag\uoncore\busmaster\Sources\CAN_MHS\busmaster_debug\link-mt.write.1.tlog
C:\XDiag\uoncore\busmaster\Sources\CAN_MHS\busmaster_debug\link-rc.read.1.tlog
C:\XDiag\uoncore\busmaster\Sources\CAN_MHS\busmaster_debug\link-rc.write.1.tlog
C:\XDiag\uoncore\busmaster\Sources\CAN_MHS\busmaster_debug\link.command.1.tlog
C:\XDiag\uoncore\busmaster\Sources\CAN_MHS\busmaster_debug\link.read.1.tlog
C:\XDiag\uoncore\busmaster\Sources\CAN_MHS\busmaster_debug\link.write.1.tlog
C:\XDiag\uoncore\busmaster\Sources\CAN_MHS\busmaster_debug\rc.command.1.tlog
C:\XDiag\uoncore\busmaster\Sources\CAN_MHS\busmaster_debug\rc.read.1.tlog
C:\XDiag\uoncore\busmaster\Sources\CAN_MHS\busmaster_debug\rc.write.1.tlog
C:\XDiag\uoncore\busmaster\Sources\CAN_MHS\busmaster_debug\CAN_MHS.res
C:\XDiag\uoncore\busmaster\Sources\CAN_MHS\busmaster_debug\vc110.pdb
