C:\XDIAG\UONCORE\BUSMASTER\SOURCES\BIN\DUMPFILES\BUSMASTER_DEBUG\OBJ\NODESIMEX\FUNCTIONEDITORBASE.OBJ
C:\XDIAG\UONCORE\BUSMASTER\SOURCES\BIN\DUMPFILES\BUSMASTER_DEBUG\OBJ\NODESIMEX\FNSTREEVIEW.OBJ
C:\XDIAG\UONCORE\BUSMASTER\SOURCES\BIN\DUMPFILES\BUSMASTER_DEBUG\OBJ\NODESIMEX\FILEVIEW.OBJ
C:\XDIAG\UONCORE\BUSMASTER\SOURCES\BIN\DUMPFILES\BUSMASTER_DEBUG\OBJ\NODESIMEX\EXPLOREMSGSG.OBJ
C:\XDIAG\UONCORE\BUSMASTER\SOURCES\BIN\DUMPFILES\BUSMASTER_DEBUG\OBJ\NODESIMEX\EXECUTEMANAGER.OBJ
C:\XDIAG\UONCORE\BUSMASTER\SOURCES\BIN\DUMPFILES\BUSMASTER_DEBUG\OBJ\NODESIMEX\EXECUTEFUNC.OBJ
C:\XDIAG\UONCORE\BUSMASTER\SOURCES\BIN\DUMPFILES\BUSMASTER_DEBUG\OBJ\NODESIMEX\EVENTHANDLERDLG.OBJ
C:\XDIAG\UONCORE\BUSMASTER\SOURCES\BIN\DUMPFILES\BUSMASTER_DEBUG\OBJ\NODESIMEX\ERRHANDLERDLGLIN.OBJ
C:\XDIAG\UONCORE\BUSMASTER\SOURCES\BIN\DUMPFILES\BUSMASTER_DEBUG\OBJ\NODESIMEX\ERRHANDLERDLG.OBJ
C:\XDIAG\UONCORE\BUSMASTER\SOURCES\BIN\DUMPFILES\BUSMASTER_DEBUG\OBJ\NODESIMEX\EDITFRAMEWND.OBJ
C:\XDIAG\UONCORE\BUSMASTER\SOURCES\BIN\DUMPFILES\BUSMASTER_DEBUG\OBJ\NODESIMEX\DLLHANDLERDLG.OBJ
C:\XDIAG\UONCORE\BUSMASTER\SOURCES\BIN\DUMPFILES\BUSMASTER_DEBUG\OBJ\NODESIMEX\DEFINETIMERHANDLER.OBJ
C:\XDIAG\UONCORE\BUSMASTER\SOURCES\BIN\DUMPFILES\BUSMASTER_DEBUG\OBJ\NODESIMEX\BUSEVENTHANDLERDLG.OBJ
C:\XDIAG\UONCORE\BUSMASTER\SOURCES\BIN\DUMPFILES\BUSMASTER_DEBUG\OBJ\NODESIMEX\BUILDPROGRAM.OBJ
C:\XDIAG\UONCORE\BUSMASTER\SOURCES\BIN\DUMPFILES\BUSMASTER_DEBUG\OBJ\NODESIMEX\APPSERVICESLIN.OBJ
C:\XDIAG\UONCORE\BUSMASTER\SOURCES\BIN\DUMPFILES\BUSMASTER_DEBUG\OBJ\NODESIMEX\APPSERVICESJ1939.OBJ
C:\XDIAG\UONCORE\BUSMASTER\SOURCES\BIN\DUMPFILES\BUSMASTER_DEBUG\OBJ\NODESIMEX\APPSERVICESCAN.OBJ
C:\XDIAG\UONCORE\BUSMASTER\SOURCES\BIN\DUMPFILES\BUSMASTER_DEBUG\OBJ\NODESIMEX\APPSERVICES.OBJ
C:\XDIAG\UONCORE\BUSMASTER\SOURCES\BIN\DUMPFILES\BUSMASTER_DEBUG\OBJ\NODESIMEX\CNVTCTOOLBAR.OBJ
C:\XDIAG\UONCORE\BUSMASTER\SOURCES\BIN\DUMPFILES\BUSMASTER_DEBUG\OBJ\NODESIMEX\CNVTCIMAGELIST.OBJ
C:\XDIAG\UONCORE\BUSMASTER\SOURCES\BIN\DUMPFILES\BUSMASTER_DEBUG\OBJ\NODESIMEX\SIMSYSTREEVIEW.OBJ
C:\XDIAG\UONCORE\BUSMASTER\SOURCES\BIN\DUMPFILES\BUSMASTER_DEBUG\OBJ\NODESIMEX\SIMSYSNODEINFO.OBJ
C:\XDIAG\UONCORE\BUSMASTER\SOURCES\BIN\DUMPFILES\BUSMASTER_DEBUG\OBJ\NODESIMEX\SIMSYSMANAGER.OBJ
C:\XDIAG\UONCORE\BUSMASTER\SOURCES\BIN\DUMPFILES\BUSMASTER_DEBUG\OBJ\NODESIMEX\SIM_MDICHILDBASE.OBJ
C:\XDIAG\UONCORE\BUSMASTER\SOURCES\BIN\DUMPFILES\BUSMASTER_DEBUG\OBJ\NODESIMEX\SETRESETTIMER.OBJ
C:\XDIAG\UONCORE\BUSMASTER\SOURCES\BIN\DUMPFILES\BUSMASTER_DEBUG\OBJ\NODESIMEX\SELECTFUNCTIONS.OBJ
C:\XDIAG\UONCORE\BUSMASTER\SOURCES\BIN\DUMPFILES\BUSMASTER_DEBUG\OBJ\NODESIMEX\OUTWND.OBJ
C:\XDIAG\UONCORE\BUSMASTER\SOURCES\BIN\DUMPFILES\BUSMASTER_DEBUG\OBJ\NODESIMEX\OFFSCREENDC.OBJ
C:\XDIAG\UONCORE\BUSMASTER\SOURCES\BIN\DUMPFILES\BUSMASTER_DEBUG\OBJ\NODESIMEX\NODESIMEX_STDAFX.OBJ
C:\XDIAG\UONCORE\BUSMASTER\SOURCES\BIN\DUMPFILES\BUSMASTER_DEBUG\OBJ\NODESIMEX\NODESIMEX.OBJ
C:\XDIAG\UONCORE\BUSMASTER\SOURCES\BIN\DUMPFILES\BUSMASTER_DEBUG\OBJ\NODESIMEX\NODESIM.OBJ
C:\XDIAG\UONCORE\BUSMASTER\SOURCES\BIN\DUMPFILES\BUSMASTER_DEBUG\OBJ\NODESIMEX\NODEDETAILSDLG.OBJ
C:\XDIAG\UONCORE\BUSMASTER\SOURCES\BIN\DUMPFILES\BUSMASTER_DEBUG\OBJ\NODESIMEX\MULTILANGUAGE.OBJ
C:\XDIAG\UONCORE\BUSMASTER\SOURCES\BIN\DUMPFILES\BUSMASTER_DEBUG\OBJ\NODESIMEX\MSGHANDLERDLG.OBJ
C:\XDIAG\UONCORE\BUSMASTER\SOURCES\BIN\DUMPFILES\BUSMASTER_DEBUG\OBJ\NODESIMEX\KEYVALUE.OBJ
C:\XDIAG\UONCORE\BUSMASTER\SOURCES\BIN\DUMPFILES\BUSMASTER_DEBUG\OBJ\NODESIMEX\INCLUDEHEADERDLG.OBJ
C:\XDIAG\UONCORE\BUSMASTER\SOURCES\BIN\DUMPFILES\BUSMASTER_DEBUG\OBJ\NODESIMEX\HANDLERFUNC.OBJ
C:\XDIAG\UONCORE\BUSMASTER\SOURCES\BIN\DUMPFILES\BUSMASTER_DEBUG\OBJ\NODESIMEX\GLOBALOBJ.OBJ
C:\XDIAG\UONCORE\BUSMASTER\SOURCES\BIN\DUMPFILES\BUSMASTER_DEBUG\OBJ\NODESIMEX\FUNCTIONVIEW.OBJ
C:\XDIAG\UONCORE\BUSMASTER\SOURCES\BIN\DUMPFILES\BUSMASTER_DEBUG\OBJ\NODESIMEX\FUNCTIONEDITORDOC.OBJ
C:\XDIAG\UONCORE\BUSMASTER\SOURCES\BIN\DUMPFILES\BUSMASTER_DEBUG\OBJ\NODESIMEX\UTLITYDLG.OBJ
C:\XDIAG\UONCORE\BUSMASTER\SOURCES\BIN\DUMPFILES\BUSMASTER_DEBUG\OBJ\NODESIMEX\SIMSYSWND.OBJ
C:\XDIAG\UONCORE\BUSMASTER\SOURCES\NODESIMEX\BUSMASTER_DEBUG\VC110.PDB
C:\XDIAG\UONCORE\BUSMASTER\SOURCES\BIN\BUSMASTER_DEBUG\NODESIMEX.DLL
C:\XDIAG\UONCORE\BUSMASTER\SOURCES\BIN\DUMPFILES\BUSMASTER_DEBUG\PDB\NODESIMEX.PDB
C:\XDiag\uoncore\busmaster\Sources\BIN\Libs\busmaster_debug\NodeSimEx.lib
C:\XDiag\uoncore\busmaster\Sources\BIN\Libs\busmaster_debug\NodeSimEx.exp
C:\XDIAG\UONCORE\BUSMASTER\SOURCES\NODESIMEX\BUSMASTER_DEBUG\NODESIMEX.RES
C:\XDiag\uoncore\busmaster\Sources\NodeSimEx\busmaster_debug\cl.command.1.tlog
C:\XDiag\uoncore\busmaster\Sources\NodeSimEx\busmaster_debug\CL.read.1.tlog
C:\XDiag\uoncore\busmaster\Sources\NodeSimEx\busmaster_debug\CL.write.1.tlog
C:\XDiag\uoncore\busmaster\Sources\NodeSimEx\busmaster_debug\link-cvtres.read.1.tlog
C:\XDiag\uoncore\busmaster\Sources\NodeSimEx\busmaster_debug\link-cvtres.write.1.tlog
C:\XDiag\uoncore\busmaster\Sources\NodeSimEx\busmaster_debug\link-mt.read.1.tlog
C:\XDiag\uoncore\busmaster\Sources\NodeSimEx\busmaster_debug\link-mt.write.1.tlog
C:\XDiag\uoncore\busmaster\Sources\NodeSimEx\busmaster_debug\link-rc.read.1.tlog
C:\XDiag\uoncore\busmaster\Sources\NodeSimEx\busmaster_debug\link-rc.write.1.tlog
C:\XDiag\uoncore\busmaster\Sources\NodeSimEx\busmaster_debug\link.command.1.tlog
C:\XDiag\uoncore\busmaster\Sources\NodeSimEx\busmaster_debug\link.read.1.tlog
C:\XDiag\uoncore\busmaster\Sources\NodeSimEx\busmaster_debug\link.write.1.tlog
C:\XDiag\uoncore\busmaster\Sources\NodeSimEx\busmaster_debug\NodeSimEx.write.1.tlog
C:\XDiag\uoncore\busmaster\Sources\NodeSimEx\busmaster_debug\rc.command.1.tlog
C:\XDiag\uoncore\busmaster\Sources\NodeSimEx\busmaster_debug\rc.read.1.tlog
C:\XDiag\uoncore\busmaster\Sources\NodeSimEx\busmaster_debug\rc.write.1.tlog
C:\XDiag\uoncore\busmaster\Sources\NodeSimEx\busmaster_debug\NodeSimEx.res
C:\XDiag\uoncore\busmaster\Sources\NodeSimEx\busmaster_debug\vc110.pdb
