生成启动时间为 2015/11/18 10:43:17。
     1>项目“C:\XDiag\uoncore\busmaster\Sources\CAN_ICS_neoVI\CAN_ICS_neoVI.vcxproj”在节点 2 上(Rebuild 个目标)。
     1>ClCompile:
         C:\Program Files\Microsoft Visual Studio 11.0\VC\bin\CL.exe /c /IC:\XDiag\uoncore\busmaster\Sources\ /IC:\WinDDK\7600.16385.1\inc\mfc42 /IC:\WinDDK\7600.16385.1\inc\atl71 /Zi /nologo /W4 /WX- /Od /Oy- /D WIN32 /D _WINDOWS /D NDEBUG /D _USRDLL /D WINVER=0x0500 /D _VC80_UPGRADE=0x0710 /D _USING_V110_SDK71_ /D _WINDLL /D _MBCS /D _AFXDLL /Gm- /EHsc /MD /GS /fp:precise /Zc:wchar_t /Zc:forScope /Fo"C:\XDiag\uoncore\busmaster\Sources\/bin/DumpFiles/busmaster_debug\/OBJ/CAN_ICS_neoVI/" /Fd"busmaster_debug\vc110.pdb" /Gd /TP /analyze- /errorReport:prompt CAN_ICS_neoVI.cpp CAN_ICS_neoVI_Channel.cpp CAN_ICS_neoVI_Network.cpp CAN_ICS_neoVI_stdafx.cpp CANRegAnalysis_CAN_ICS_neoVI.cpp ChangeRegisters_CAN_ICS_neoVI.cpp HardwareListing.cpp ..\Application\MultiLanguage.cpp
         CAN_ICS_neoVI.cpp
     1>c:\xdiag\uoncore\busmaster\sources\can_ics_neovi\EXTERNAL/icsnVC40.h(1004): warning C4121: “_SNeoMostGatewaySettings”: 封装要区分成员对齐方式
     1>c:\xdiag\uoncore\busmaster\sources\can_ics_neovi\EXTERNAL/icsnVC40.h(1603): warning C4121: “_stCM_ISO157652_RxMessage”: 封装要区分成员对齐方式
     1>CAN_ICS_neoVI.cpp(257): warning C4005: “defSTR_WARNING_LIMIT_SET_FAILED”: 宏重定义
                 C:\XDiag\uoncore\busmaster\Sources\Include/CanUsbDefs.h(77) : 参见“defSTR_WARNING_LIMIT_SET_FAILED”的前一个定义
     1>CAN_ICS_neoVI.cpp(653): warning C4244: “=”: 从“unsigned short”转换到“UCHAR”，可能丢失数据
     1>CAN_ICS_neoVI.cpp(970): warning C4244: “=”: 从“DOUBLE”转换到“LONGLONG”，可能丢失数据
     1>CAN_ICS_neoVI.cpp(1269): warning C4101: “chTemp”: 未引用的局部变量
     1>CAN_ICS_neoVI.cpp(1325): warning C4996: 'strncpy': This function or variable may be unsafe. Consider using strncpy_s instead. To disable deprecation, use _CRT_SECURE_NO_WARNINGS. See online help for details.
                 C:\Program Files\Microsoft Visual Studio 11.0\VC\include\string.h(191) : 参见“strncpy”的声明
     1>CAN_ICS_neoVI.cpp(1328): warning C4996: 'strncpy': This function or variable may be unsafe. Consider using strncpy_s instead. To disable deprecation, use _CRT_SECURE_NO_WARNINGS. See online help for details.
                 C:\Program Files\Microsoft Visual Studio 11.0\VC\include\string.h(191) : 参见“strncpy”的声明
     1>CAN_ICS_neoVI.cpp(1331): warning C4996: 'strncpy': This function or variable may be unsafe. Consider using strncpy_s instead. To disable deprecation, use _CRT_SECURE_NO_WARNINGS. See online help for details.
                 C:\Program Files\Microsoft Visual Studio 11.0\VC\include\string.h(191) : 参见“strncpy”的声明
     1>CAN_ICS_neoVI.cpp(1334): warning C4996: 'strncpy': This function or variable may be unsafe. Consider using strncpy_s instead. To disable deprecation, use _CRT_SECURE_NO_WARNINGS. See online help for details.
                 C:\Program Files\Microsoft Visual Studio 11.0\VC\include\string.h(191) : 参见“strncpy”的声明
     1>CAN_ICS_neoVI.cpp(1344): warning C4996: 'strncpy': This function or variable may be unsafe. Consider using strncpy_s instead. To disable deprecation, use _CRT_SECURE_NO_WARNINGS. See online help for details.
                 C:\Program Files\Microsoft Visual Studio 11.0\VC\include\string.h(191) : 参见“strncpy”的声明
     1>CAN_ICS_neoVI.cpp(1356): warning C4996: 'strncpy': This function or variable may be unsafe. Consider using strncpy_s instead. To disable deprecation, use _CRT_SECURE_NO_WARNINGS. See online help for details.
                 C:\Program Files\Microsoft Visual Studio 11.0\VC\include\string.h(191) : 参见“strncpy”的声明
     1>CAN_ICS_neoVI.cpp(1365): warning C4996: 'strncpy': This function or variable may be unsafe. Consider using strncpy_s instead. To disable deprecation, use _CRT_SECURE_NO_WARNINGS. See online help for details.
                 C:\Program Files\Microsoft Visual Studio 11.0\VC\include\string.h(191) : 参见“strncpy”的声明
     1>CAN_ICS_neoVI.cpp(1368): warning C4996: 'strncpy': This function or variable may be unsafe. Consider using strncpy_s instead. To disable deprecation, use _CRT_SECURE_NO_WARNINGS. See online help for details.
                 C:\Program Files\Microsoft Visual Studio 11.0\VC\include\string.h(191) : 参见“strncpy”的声明
     1>CAN_ICS_neoVI.cpp(1381): warning C4996: 'strncpy': This function or variable may be unsafe. Consider using strncpy_s instead. To disable deprecation, use _CRT_SECURE_NO_WARNINGS. See online help for details.
                 C:\Program Files\Microsoft Visual Studio 11.0\VC\include\string.h(191) : 参见“strncpy”的声明
     1>CAN_ICS_neoVI.cpp(1384): warning C4996: 'strncpy': This function or variable may be unsafe. Consider using strncpy_s instead. To disable deprecation, use _CRT_SECURE_NO_WARNINGS. See online help for details.
                 C:\Program Files\Microsoft Visual Studio 11.0\VC\include\string.h(191) : 参见“strncpy”的声明
     1>CAN_ICS_neoVI.cpp(1387): warning C4996: 'strncpy': This function or variable may be unsafe. Consider using strncpy_s instead. To disable deprecation, use _CRT_SECURE_NO_WARNINGS. See online help for details.
                 C:\Program Files\Microsoft Visual Studio 11.0\VC\include\string.h(191) : 参见“strncpy”的声明
     1>CAN_ICS_neoVI.cpp(1390): warning C4996: 'strncpy': This function or variable may be unsafe. Consider using strncpy_s instead. To disable deprecation, use _CRT_SECURE_NO_WARNINGS. See online help for details.
                 C:\Program Files\Microsoft Visual Studio 11.0\VC\include\string.h(191) : 参见“strncpy”的声明
     1>CAN_ICS_neoVI.cpp(1407): warning C4996: 'sprintf': This function or variable may be unsafe. Consider using sprintf_s instead. To disable deprecation, use _CRT_SECURE_NO_WARNINGS. See online help for details.
                 C:\Program Files\Microsoft Visual Studio 11.0\VC\include\stdio.h(357) : 参见“sprintf”的声明
     1>CAN_ICS_neoVI.cpp(1414): warning C4996: 'sprintf': This function or variable may be unsafe. Consider using sprintf_s instead. To disable deprecation, use _CRT_SECURE_NO_WARNINGS. See online help for details.
                 C:\Program Files\Microsoft Visual Studio 11.0\VC\include\stdio.h(357) : 参见“sprintf”的声明
     1>CAN_ICS_neoVI.cpp(1425): warning C4996: 'sprintf': This function or variable may be unsafe. Consider using sprintf_s instead. To disable deprecation, use _CRT_SECURE_NO_WARNINGS. See online help for details.
                 C:\Program Files\Microsoft Visual Studio 11.0\VC\include\stdio.h(357) : 参见“sprintf”的声明
     1>CAN_ICS_neoVI.cpp(1431): warning C4996: 'sprintf': This function or variable may be unsafe. Consider using sprintf_s instead. To disable deprecation, use _CRT_SECURE_NO_WARNINGS. See online help for details.
                 C:\Program Files\Microsoft Visual Studio 11.0\VC\include\stdio.h(357) : 参见“sprintf”的声明
     1>CAN_ICS_neoVI.cpp(1438): warning C4996: 'sprintf': This function or variable may be unsafe. Consider using sprintf_s instead. To disable deprecation, use _CRT_SECURE_NO_WARNINGS. See online help for details.
                 C:\Program Files\Microsoft Visual Studio 11.0\VC\include\stdio.h(357) : 参见“sprintf”的声明
     1>CAN_ICS_neoVI.cpp(1443): warning C4996: 'sprintf': This function or variable may be unsafe. Consider using sprintf_s instead. To disable deprecation, use _CRT_SECURE_NO_WARNINGS. See online help for details.
                 C:\Program Files\Microsoft Visual Studio 11.0\VC\include\stdio.h(357) : 参见“sprintf”的声明
     1>CAN_ICS_neoVI.cpp(1311): warning C4100: “i”: 未引用的形参
     1>CAN_ICS_neoVI.cpp(1486): warning C4244: “=”: 从“int”转换到“unsigned char”，可能丢失数据
     1>CAN_ICS_neoVI.cpp(1584): warning C4130: “!=”: 字符串常量地址的逻辑操作
     1>CAN_ICS_neoVI.cpp(1691): warning C4018: “>=”: 有符号/无符号不匹配
     1>CAN_ICS_neoVI.cpp(1701): warning C4244: “=”: 从“int”转换到“UCHAR”，可能丢失数据
     1>CAN_ICS_neoVI.cpp(2474): warning C4018: “<”: 有符号/无符号不匹配
     1>CAN_ICS_neoVI.cpp(2484): warning C4244: “=”: 从“unsigned int”转换到“UCHAR”，可能丢失数据
     1>CAN_ICS_neoVI.cpp(2485): warning C4244: “=”: 从“unsigned int”转换到“UCHAR”，可能丢失数据
     1>CAN_ICS_neoVI.cpp(2456): warning C4100: “bIsHardwareListed”: 未引用的形参
     1>CAN_ICS_neoVI.cpp(2575): warning C4996: 'strncpy': This function or variable may be unsafe. Consider using strncpy_s instead. To disable deprecation, use _CRT_SECURE_NO_WARNINGS. See online help for details.
                 C:\Program Files\Microsoft Visual Studio 11.0\VC\include\string.h(191) : 参见“strncpy”的声明
     1>CAN_ICS_neoVI.cpp(2578): warning C4996: 'strncpy': This function or variable may be unsafe. Consider using strncpy_s instead. To disable deprecation, use _CRT_SECURE_NO_WARNINGS. See online help for details.
                 C:\Program Files\Microsoft Visual Studio 11.0\VC\include\string.h(191) : 参见“strncpy”的声明
     1>CAN_ICS_neoVI.cpp(2581): warning C4996: 'strncpy': This function or variable may be unsafe. Consider using strncpy_s instead. To disable deprecation, use _CRT_SECURE_NO_WARNINGS. See online help for details.
                 C:\Program Files\Microsoft Visual Studio 11.0\VC\include\string.h(191) : 参见“strncpy”的声明
     1>CAN_ICS_neoVI.cpp(2584): warning C4996: 'strncpy': This function or variable may be unsafe. Consider using strncpy_s instead. To disable deprecation, use _CRT_SECURE_NO_WARNINGS. See online help for details.
                 C:\Program Files\Microsoft Visual Studio 11.0\VC\include\string.h(191) : 参见“strncpy”的声明
     1>CAN_ICS_neoVI.cpp(2594): warning C4996: 'strncpy': This function or variable may be unsafe. Consider using strncpy_s instead. To disable deprecation, use _CRT_SECURE_NO_WARNINGS. See online help for details.
                 C:\Program Files\Microsoft Visual Studio 11.0\VC\include\string.h(191) : 参见“strncpy”的声明
     1>CAN_ICS_neoVI.cpp(2606): warning C4996: 'strncpy': This function or variable may be unsafe. Consider using strncpy_s instead. To disable deprecation, use _CRT_SECURE_NO_WARNINGS. See online help for details.
                 C:\Program Files\Microsoft Visual Studio 11.0\VC\include\string.h(191) : 参见“strncpy”的声明
     1>CAN_ICS_neoVI.cpp(2615): warning C4996: 'strncpy': This function or variable may be unsafe. Consider using strncpy_s instead. To disable deprecation, use _CRT_SECURE_NO_WARNINGS. See online help for details.
                 C:\Program Files\Microsoft Visual Studio 11.0\VC\include\string.h(191) : 参见“strncpy”的声明
     1>CAN_ICS_neoVI.cpp(2618): warning C4996: 'strncpy': This function or variable may be unsafe. Consider using strncpy_s instead. To disable deprecation, use _CRT_SECURE_NO_WARNINGS. See online help for details.
                 C:\Program Files\Microsoft Visual Studio 11.0\VC\include\string.h(191) : 参见“strncpy”的声明
     1>CAN_ICS_neoVI.cpp(2631): warning C4996: 'strncpy': This function or variable may be unsafe. Consider using strncpy_s instead. To disable deprecation, use _CRT_SECURE_NO_WARNINGS. See online help for details.
                 C:\Program Files\Microsoft Visual Studio 11.0\VC\include\string.h(191) : 参见“strncpy”的声明
     1>CAN_ICS_neoVI.cpp(2634): warning C4996: 'strncpy': This function or variable may be unsafe. Consider using strncpy_s instead. To disable deprecation, use _CRT_SECURE_NO_WARNINGS. See online help for details.
                 C:\Program Files\Microsoft Visual Studio 11.0\VC\include\string.h(191) : 参见“strncpy”的声明
     1>CAN_ICS_neoVI.cpp(2637): warning C4996: 'strncpy': This function or variable may be unsafe. Consider using strncpy_s instead. To disable deprecation, use _CRT_SECURE_NO_WARNINGS. See online help for details.
                 C:\Program Files\Microsoft Visual Studio 11.0\VC\include\string.h(191) : 参见“strncpy”的声明
     1>CAN_ICS_neoVI.cpp(2640): warning C4996: 'strncpy': This function or variable may be unsafe. Consider using strncpy_s instead. To disable deprecation, use _CRT_SECURE_NO_WARNINGS. See online help for details.
                 C:\Program Files\Microsoft Visual Studio 11.0\VC\include\string.h(191) : 参见“strncpy”的声明
     1>CAN_ICS_neoVI.cpp(2661): warning C4996: 'sprintf': This function or variable may be unsafe. Consider using sprintf_s instead. To disable deprecation, use _CRT_SECURE_NO_WARNINGS. See online help for details.
                 C:\Program Files\Microsoft Visual Studio 11.0\VC\include\stdio.h(357) : 参见“sprintf”的声明
     1>CAN_ICS_neoVI.cpp(2668): warning C4996: 'sprintf': This function or variable may be unsafe. Consider using sprintf_s instead. To disable deprecation, use _CRT_SECURE_NO_WARNINGS. See online help for details.
                 C:\Program Files\Microsoft Visual Studio 11.0\VC\include\stdio.h(357) : 参见“sprintf”的声明
     1>CAN_ICS_neoVI.cpp(2679): warning C4996: 'sprintf': This function or variable may be unsafe. Consider using sprintf_s instead. To disable deprecation, use _CRT_SECURE_NO_WARNINGS. See online help for details.
                 C:\Program Files\Microsoft Visual Studio 11.0\VC\include\stdio.h(357) : 参见“sprintf”的声明
     1>CAN_ICS_neoVI.cpp(2685): warning C4996: 'sprintf': This function or variable may be unsafe. Consider using sprintf_s instead. To disable deprecation, use _CRT_SECURE_NO_WARNINGS. See online help for details.
                 C:\Program Files\Microsoft Visual Studio 11.0\VC\include\stdio.h(357) : 参见“sprintf”的声明
     1>CAN_ICS_neoVI.cpp(2692): warning C4996: 'sprintf': This function or variable may be unsafe. Consider using sprintf_s instead. To disable deprecation, use _CRT_SECURE_NO_WARNINGS. See online help for details.
                 C:\Program Files\Microsoft Visual Studio 11.0\VC\include\stdio.h(357) : 参见“sprintf”的声明
     1>CAN_ICS_neoVI.cpp(2697): warning C4996: 'sprintf': This function or variable may be unsafe. Consider using sprintf_s instead. To disable deprecation, use _CRT_SECURE_NO_WARNINGS. See online help for details.
                 C:\Program Files\Microsoft Visual Studio 11.0\VC\include\stdio.h(357) : 参见“sprintf”的声明
     1>CAN_ICS_neoVI.cpp(3103): warning C4996: 'strcpy': This function or variable may be unsafe. Consider using strcpy_s instead. To disable deprecation, use _CRT_SECURE_NO_WARNINGS. See online help for details.
                 C:\Program Files\Microsoft Visual Studio 11.0\VC\include\string.h(110) : 参见“strcpy”的声明
     1>CAN_ICS_neoVI.cpp(3120): warning C4996: 'strcpy': This function or variable may be unsafe. Consider using strcpy_s instead. To disable deprecation, use _CRT_SECURE_NO_WARNINGS. See online help for details.
                 C:\Program Files\Microsoft Visual Studio 11.0\VC\include\string.h(110) : 参见“strcpy”的声明
         CAN_ICS_neoVI_Channel.cpp
         CAN_ICS_neoVI_Network.cpp
         CAN_ICS_neoVI_stdafx.cpp
         CANRegAnalysis_CAN_ICS_neoVI.cpp
         ChangeRegisters_CAN_ICS_neoVI.cpp
         HardwareListing.cpp
         MultiLanguage.cpp
     1>..\Application\MultiLanguage.cpp(190): warning C4996: 'sscanf': This function or variable may be unsafe. Consider using sscanf_s instead. To disable deprecation, use _CRT_SECURE_NO_WARNINGS. See online help for details.
                 C:\Program Files\Microsoft Visual Studio 11.0\VC\include\stdio.h(311) : 参见“sscanf”的声明
         正在生成代码...
       ResourceCompile:
         C:\Program Files\Microsoft SDKs\Windows\v7.1A\bin\rc.exe /D NDEBUG /D _VC80_UPGRADE=0x0710 /D _USING_V110_SDK71_ /D _AFXDLL /l"0x0409" /Ibusmaster_debug\ /IC:\WinDDK\7600.16385.1\inc\mfc42 /IC:\WinDDK\7600.16385.1\inc\atl71 /nologo /fo"busmaster_debug\CAN_ICS_neoVI.res" CAN_ICS_neoVI.rc 
     1>C:\Program Files\MSBuild\Microsoft.Cpp\v4.0\V110\Microsoft.CppBuild.targets(1137,5): warning MSB8012: TargetPath(C:\XDiag\uoncore\busmaster\Sources\CAN_ICS_neoVI\busmaster_debug\CAN_ICS_neoVI.dll) does not match the Linker's OutputFile property value (C:\XDiag\uoncore\busmaster\Sources\bin\busmaster_debug\CAN_ICS_neoVI.dll). This may cause your project to build incorrectly. To correct this, please make sure that $(OutDir), $(TargetName) and $(TargetExt) property values match the value specified in %(Link.OutputFile).
       Link:
         C:\Program Files\Microsoft Visual Studio 11.0\VC\bin\link.exe /ERRORREPORT:PROMPT /OUT:"C:\XDiag\uoncore\busmaster\Sources\/bin/busmaster_debug\CAN_ICS_neoVI.dll" /INCREMENTAL:NO /NOLOGO /LIBPATH:C:\WinDDK\7600.16385.1\lib\Mfc\i386 /LIBPATH:C:\WinDDK\7600.16385.1\lib\ATL\i386 /MANIFEST /MANIFESTUAC:"level='asInvoker' uiAccess='false'" /manifest:embed /manifestinput:"C:\Program Files\Microsoft Visual Studio 11.0\VC\Include\Manifest\dpiaware.manifest" /DEBUG /PDB:"C:\XDiag\uoncore\busmaster\Sources\/bin/DumpFiles/busmaster_debug\/PDB/CAN_ICS_neoVI.pdb" /SUBSYSTEM:WINDOWS,"5.01" /STACK:"8000000" /OPT:REF /OPT:ICF /TLBID:1 /DYNAMICBASE:NO /IMPLIB:"C:\XDiag\uoncore\busmaster\Sources\/BIN/Libs/busmaster_debug\CAN_ICS_neoVI.lib" /MACHINE:X86 /SAFESEH "C:\XDiag\uoncore\busmaster\Sources\/BIN/Libs/busmaster_debug\DataTypes.lib"
         "C:\XDiag\uoncore\busmaster\Sources\/BIN/Libs/busmaster_debug\Utils.lib"
          /DLL busmaster_debug\CAN_ICS_neoVI.res
         C:\XDiag\uoncore\busmaster\Sources\/bin/DumpFiles/busmaster_debug\/OBJ/CAN_ICS_neoVI/CAN_ICS_neoVI.obj
         C:\XDiag\uoncore\busmaster\Sources\/bin/DumpFiles/busmaster_debug\/OBJ/CAN_ICS_neoVI/CAN_ICS_neoVI_Channel.obj
         C:\XDiag\uoncore\busmaster\Sources\/bin/DumpFiles/busmaster_debug\/OBJ/CAN_ICS_neoVI/CAN_ICS_neoVI_Network.obj
         C:\XDiag\uoncore\busmaster\Sources\/bin/DumpFiles/busmaster_debug\/OBJ/CAN_ICS_neoVI/CAN_ICS_neoVI_stdafx.obj
         C:\XDiag\uoncore\busmaster\Sources\/bin/DumpFiles/busmaster_debug\/OBJ/CAN_ICS_neoVI/CANRegAnalysis_CAN_ICS_neoVI.obj
         C:\XDiag\uoncore\busmaster\Sources\/bin/DumpFiles/busmaster_debug\/OBJ/CAN_ICS_neoVI/ChangeRegisters_CAN_ICS_neoVI.obj
         C:\XDiag\uoncore\busmaster\Sources\/bin/DumpFiles/busmaster_debug\/OBJ/CAN_ICS_neoVI/HardwareListing.obj
         C:\XDiag\uoncore\busmaster\Sources\/bin/DumpFiles/busmaster_debug\/OBJ/CAN_ICS_neoVI/MultiLanguage.obj
         C:\XDiag\uoncore\busmaster\Sources\BIN\Libs\busmaster_debug\DataTypes.lib
         C:\XDiag\uoncore\busmaster\Sources\BIN\Libs\busmaster_debug\Utils.lib
            正在创建库 C:\XDiag\uoncore\busmaster\Sources\/BIN/Libs/busmaster_debug\CAN_ICS_neoVI.lib 和对象 C:\XDiag\uoncore\busmaster\Sources\/BIN/Libs/busmaster_debug\CAN_ICS_neoVI.exp
         CAN_ICS_neoVI.vcxproj -> C:\XDiag\uoncore\busmaster\Sources\CAN_ICS_neoVI\busmaster_debug\CAN_ICS_neoVI.dll
     1>已完成生成项目“C:\XDiag\uoncore\busmaster\Sources\CAN_ICS_neoVI\CAN_ICS_neoVI.vcxproj”(Rebuild 个目标)的操作。

生成成功。

已用时间 00:00:17.66
