C:\XDiag\uoncore\busmaster\Sources\BIN\Libs\busmaster_debug\CAN_ICS_neoVI.lib
C:\XDiag\uoncore\busmaster\Sources\BIN\Libs\busmaster_debug\CAN_ICS_neoVI.exp
C:\XDIAG\UONCORE\BUSMASTER\SOURCES\BIN\DUMPFILES\BUSMASTER_DEBUG\OBJ\CAN_ICS_NEOVI\MULTILANGUAGE.OBJ
C:\XDIAG\UONCORE\BUSMASTER\SOURCES\BIN\DUMPFILES\BUSMASTER_DEBUG\OBJ\CAN_ICS_NEOVI\HARDWARELISTING.OBJ
C:\XDIAG\UONCORE\BUSMASTER\SOURCES\BIN\DUMPFILES\BUSMASTER_DEBUG\OBJ\CAN_ICS_NEOVI\CHANGEREGISTERS_CAN_ICS_NEOVI.OBJ
C:\XDIAG\UONCORE\BUSMASTER\SOURCES\BIN\DUMPFILES\BUSMASTER_DEBUG\OBJ\CAN_ICS_NEOVI\CANREGANALYSIS_CAN_ICS_NEOVI.OBJ
C:\XDIAG\UONCORE\BUSMASTER\SOURCES\BIN\DUMPFILES\BUSMASTER_DEBUG\OBJ\CAN_ICS_NEOVI\CAN_ICS_NEOVI_STDAFX.OBJ
C:\XDIAG\UONCORE\BUSMASTER\SOURCES\BIN\DUMPFILES\BUSMASTER_DEBUG\OBJ\CAN_ICS_NEOVI\CAN_ICS_NEOVI_NETWORK.OBJ
C:\XDIAG\UONCORE\BUSMASTER\SOURCES\BIN\DUMPFILES\BUSMASTER_DEBUG\OBJ\CAN_ICS_NEOVI\CAN_ICS_NEOVI_CHANNEL.OBJ
C:\XDIAG\UONCORE\BUSMASTER\SOURCES\BIN\DUMPFILES\BUSMASTER_DEBUG\OBJ\CAN_ICS_NEOVI\CAN_ICS_NEOVI.OBJ
C:\XDIAG\UONCORE\BUSMASTER\SOURCES\CAN_ICS_NEOVI\BUSMASTER_DEBUG\VC110.PDB
C:\XDIAG\UONCORE\BUSMASTER\SOURCES\BIN\BUSMASTER_DEBUG\CAN_ICS_NEOVI.DLL
C:\XDIAG\UONCORE\BUSMASTER\SOURCES\BIN\DUMPFILES\BUSMASTER_DEBUG\PDB\CAN_ICS_NEOVI.PDB
C:\XDIAG\UONCORE\BUSMASTER\SOURCES\CAN_ICS_NEOVI\BUSMASTER_DEBUG\CAN_ICS_NEOVI.RES
C:\XDiag\uoncore\busmaster\Sources\CAN_ICS_neoVI\busmaster_debug\CAN_ICS_neoVI.write.1.tlog
C:\XDiag\uoncore\busmaster\Sources\CAN_ICS_neoVI\busmaster_debug\cl.command.1.tlog
C:\XDiag\uoncore\busmaster\Sources\CAN_ICS_neoVI\busmaster_debug\CL.read.1.tlog
C:\XDiag\uoncore\busmaster\Sources\CAN_ICS_neoVI\busmaster_debug\CL.write.1.tlog
C:\XDiag\uoncore\busmaster\Sources\CAN_ICS_neoVI\busmaster_debug\link-cvtres.read.1.tlog
C:\XDiag\uoncore\busmaster\Sources\CAN_ICS_neoVI\busmaster_debug\link-cvtres.write.1.tlog
C:\XDiag\uoncore\busmaster\Sources\CAN_ICS_neoVI\busmaster_debug\link-mt.read.1.tlog
C:\XDiag\uoncore\busmaster\Sources\CAN_ICS_neoVI\busmaster_debug\link-mt.write.1.tlog
C:\XDiag\uoncore\busmaster\Sources\CAN_ICS_neoVI\busmaster_debug\link-rc.read.1.tlog
C:\XDiag\uoncore\busmaster\Sources\CAN_ICS_neoVI\busmaster_debug\link-rc.write.1.tlog
C:\XDiag\uoncore\busmaster\Sources\CAN_ICS_neoVI\busmaster_debug\link.command.1.tlog
C:\XDiag\uoncore\busmaster\Sources\CAN_ICS_neoVI\busmaster_debug\link.read.1.tlog
C:\XDiag\uoncore\busmaster\Sources\CAN_ICS_neoVI\busmaster_debug\link.write.1.tlog
C:\XDiag\uoncore\busmaster\Sources\CAN_ICS_neoVI\busmaster_debug\rc.command.1.tlog
C:\XDiag\uoncore\busmaster\Sources\CAN_ICS_neoVI\busmaster_debug\rc.read.1.tlog
C:\XDiag\uoncore\busmaster\Sources\CAN_ICS_neoVI\busmaster_debug\rc.write.1.tlog
C:\XDiag\uoncore\busmaster\Sources\CAN_ICS_neoVI\busmaster_debug\CAN_ICS_neoVI.res
C:\XDiag\uoncore\busmaster\Sources\CAN_ICS_neoVI\busmaster_debug\vc110.pdb
