C:\XDIAG\UONCORE\BUSMASTER\SOURCES\BIN\DUMPFILES\BUSMASTER_DEBUG\OBJ\LIN_PEAK_USB\LIN_PEAK_USB_STDAFX.OBJ
C:\XDIAG\UONCORE\BUSMASTER\SOURCES\BIN\DUMPFILES\BUSMASTER_DEBUG\OBJ\LIN_PEAK_USB\LIN_PEAK_USB_NETWORK.OBJ
C:\XDIAG\UONCORE\BUSMASTER\SOURCES\BIN\DUMPFILES\BUSMASTER_DEBUG\OBJ\LIN_PEAK_USB\LIN_PEAK_USB_CHANNEL.OBJ
C:\XDIAG\UONCORE\BUSMASTER\SOURCES\BIN\DUMPFILES\BUSMASTER_DEBUG\OBJ\LIN_PEAK_USB\LIN_PEAK_USB.OBJ
C:\XDIAG\UONCORE\BUSMASTER\SOURCES\BIN\DUMPFILES\BUSMASTER_DEBUG\OBJ\LIN_PEAK_USB\HARDWARELISTING.OBJ
C:\XDIAG\UONCORE\BUSMASTER\SOURCES\BIN\DUMPFILES\BUSMASTER_DEBUG\OBJ\LIN_PEAK_USB\COMMANDIL_LIN.OBJ
C:\XDIAG\UONCORE\BUSMASTER\SOURCES\LIN_PEAK_USB\BUSMASTER_DEBUG\VC110.PDB
C:\XDIAG\UONCORE\BUSMASTER\SOURCES\BIN\BUSMASTER_DEBUG\LIN_PEAK_USB.DLL
C:\XDIAG\UONCORE\BUSMASTER\SOURCES\BIN\DUMPFILES\BUSMASTER_DEBUG\PDB\LIN_PEAK_USB.PDB
C:\XDiag\uoncore\busmaster\Sources\BIN\Libs\busmaster_debug\LIN_PEAK_USB.lib
C:\XDiag\uoncore\busmaster\Sources\BIN\Libs\busmaster_debug\LIN_PEAK_USB.exp
C:\XDIAG\UONCORE\BUSMASTER\SOURCES\LIN_PEAK_USB\BUSMASTER_DEBUG\LIN_PEAK_USB.RES
C:\XDIAG\UONCORE\BUSMASTER\SOURCES\LIN_PEAK_USB\BUSMASTER_DEBUG\LIN_PEAK_USBJPN.RES
C:\XDiag\uoncore\busmaster\Sources\LIN_PEAK_USB\busmaster_debug\cl.command.1.tlog
C:\XDiag\uoncore\busmaster\Sources\LIN_PEAK_USB\busmaster_debug\CL.read.1.tlog
C:\XDiag\uoncore\busmaster\Sources\LIN_PEAK_USB\busmaster_debug\CL.write.1.tlog
C:\XDiag\uoncore\busmaster\Sources\LIN_PEAK_USB\busmaster_debug\link-cvtres.read.1.tlog
C:\XDiag\uoncore\busmaster\Sources\LIN_PEAK_USB\busmaster_debug\link-cvtres.write.1.tlog
C:\XDiag\uoncore\busmaster\Sources\LIN_PEAK_USB\busmaster_debug\link-mt.read.1.tlog
C:\XDiag\uoncore\busmaster\Sources\LIN_PEAK_USB\busmaster_debug\link-mt.write.1.tlog
C:\XDiag\uoncore\busmaster\Sources\LIN_PEAK_USB\busmaster_debug\link-rc.read.1.tlog
C:\XDiag\uoncore\busmaster\Sources\LIN_PEAK_USB\busmaster_debug\link-rc.write.1.tlog
C:\XDiag\uoncore\busmaster\Sources\LIN_PEAK_USB\busmaster_debug\link.command.1.tlog
C:\XDiag\uoncore\busmaster\Sources\LIN_PEAK_USB\busmaster_debug\link.read.1.tlog
C:\XDiag\uoncore\busmaster\Sources\LIN_PEAK_USB\busmaster_debug\link.write.1.tlog
C:\XDiag\uoncore\busmaster\Sources\LIN_PEAK_USB\busmaster_debug\LIN_PEAK_USB.write.1.tlog
C:\XDiag\uoncore\busmaster\Sources\LIN_PEAK_USB\busmaster_debug\rc.command.1.tlog
C:\XDiag\uoncore\busmaster\Sources\LIN_PEAK_USB\busmaster_debug\rc.read.1.tlog
C:\XDiag\uoncore\busmaster\Sources\LIN_PEAK_USB\busmaster_debug\rc.write.1.tlog
C:\XDiag\uoncore\busmaster\Sources\LIN_PEAK_USB\busmaster_debug\LIN_PEAK_USB.res
C:\XDiag\uoncore\busmaster\Sources\LIN_PEAK_USB\busmaster_debug\LIN_PEAK_USBJPN.res
C:\XDiag\uoncore\busmaster\Sources\LIN_PEAK_USB\busmaster_debug\vc110.pdb
