C:\XDiag\uoncore\busmaster\Sources\BIN\Libs\busmaster_debug\CAN_Kvaser_CAN.lib
C:\XDiag\uoncore\busmaster\Sources\BIN\Libs\busmaster_debug\CAN_Kvaser_CAN.exp
C:\XDIAG\UONCORE\BUSMASTER\SOURCES\BIN\DUMPFILES\BUSMASTER_DEBUG\OBJ\CAN_KVASER_CAN\MULTILANGUAGE.OBJ
C:\XDIAG\UONCORE\BUSMASTER\SOURCES\BIN\DUMPFILES\BUSMASTER_DEBUG\OBJ\CAN_KVASER_CAN\HARDWARELISTING.OBJ
C:\XDIAG\UONCORE\BUSMASTER\SOURCES\BIN\DUMPFILES\BUSMASTER_DEBUG\OBJ\CAN_KVASER_CAN\CHANGEREGISTERS.OBJ
C:\XDIAG\UONCORE\BUSMASTER\SOURCES\BIN\DUMPFILES\BUSMASTER_DEBUG\OBJ\CAN_KVASER_CAN\CANREGANALYSIS.OBJ
C:\XDIAG\UONCORE\BUSMASTER\SOURCES\BIN\DUMPFILES\BUSMASTER_DEBUG\OBJ\CAN_KVASER_CAN\CAN_KVASER_CAN.OBJ
C:\XDIAG\UONCORE\BUSMASTER\SOURCES\BIN\DUMPFILES\BUSMASTER_DEBUG\OBJ\CAN_KVASER_CAN\ACCEPTANCEFILTERDLG.OBJ
C:\XDIAG\UONCORE\BUSMASTER\SOURCES\CAN_KVASER_CAN\BUSMASTER_DEBUG\VC110.PDB
C:\XDIAG\UONCORE\BUSMASTER\SOURCES\BIN\BUSMASTER_DEBUG\CAN_KVASER_CAN.DLL
C:\XDIAG\UONCORE\BUSMASTER\SOURCES\BIN\DUMPFILES\BUSMASTER_DEBUG\PDB\CAN_KVASER_CAN.PDB
C:\XDIAG\UONCORE\BUSMASTER\SOURCES\CAN_KVASER_CAN\BUSMASTER_DEBUG\CAN_KVASER_CAN.RES
C:\XDiag\uoncore\busmaster\Sources\CAN_Kvaser_CAN\busmaster_debug\CAN_Kvaser_CAN.write.1.tlog
C:\XDiag\uoncore\busmaster\Sources\CAN_Kvaser_CAN\busmaster_debug\cl.command.1.tlog
C:\XDiag\uoncore\busmaster\Sources\CAN_Kvaser_CAN\busmaster_debug\CL.read.1.tlog
C:\XDiag\uoncore\busmaster\Sources\CAN_Kvaser_CAN\busmaster_debug\CL.write.1.tlog
C:\XDiag\uoncore\busmaster\Sources\CAN_Kvaser_CAN\busmaster_debug\link-cvtres.read.1.tlog
C:\XDiag\uoncore\busmaster\Sources\CAN_Kvaser_CAN\busmaster_debug\link-cvtres.write.1.tlog
C:\XDiag\uoncore\busmaster\Sources\CAN_Kvaser_CAN\busmaster_debug\link-mt.read.1.tlog
C:\XDiag\uoncore\busmaster\Sources\CAN_Kvaser_CAN\busmaster_debug\link-mt.write.1.tlog
C:\XDiag\uoncore\busmaster\Sources\CAN_Kvaser_CAN\busmaster_debug\link-rc.read.1.tlog
C:\XDiag\uoncore\busmaster\Sources\CAN_Kvaser_CAN\busmaster_debug\link-rc.write.1.tlog
C:\XDiag\uoncore\busmaster\Sources\CAN_Kvaser_CAN\busmaster_debug\link.command.1.tlog
C:\XDiag\uoncore\busmaster\Sources\CAN_Kvaser_CAN\busmaster_debug\link.read.1.tlog
C:\XDiag\uoncore\busmaster\Sources\CAN_Kvaser_CAN\busmaster_debug\link.write.1.tlog
C:\XDiag\uoncore\busmaster\Sources\CAN_Kvaser_CAN\busmaster_debug\rc.command.1.tlog
C:\XDiag\uoncore\busmaster\Sources\CAN_Kvaser_CAN\busmaster_debug\rc.read.1.tlog
C:\XDiag\uoncore\busmaster\Sources\CAN_Kvaser_CAN\busmaster_debug\rc.write.1.tlog
C:\XDiag\uoncore\busmaster\Sources\CAN_Kvaser_CAN\busmaster_debug\CAN_Kvaser_CAN.res
C:\XDiag\uoncore\busmaster\Sources\CAN_Kvaser_CAN\busmaster_debug\vc110.pdb
