C:\XDIAG\UONCORE\BUSMASTER\SOURCES\BIN\DUMPFILES\BUSMASTER_DEBUG\OBJ\PSDI_CAN\PSDI_CAN.OBJ
C:\XDIAG\UONCORE\BUSMASTER\SOURCES\BIN\DUMPFILES\BUSMASTER_DEBUG\OBJ\PSDI_CAN\MSGCONTAINER_LIN.OBJ
C:\XDIAG\UONCORE\BUSMASTER\SOURCES\BIN\DUMPFILES\BUSMASTER_DEBUG\OBJ\PSDI_CAN\MSGCONTAINER_J1939.OBJ
C:\XDIAG\UONCORE\BUSMASTER\SOURCES\BIN\DUMPFILES\BUSMASTER_DEBUG\OBJ\PSDI_CAN\MSGCONTAINER_FLEXRAY.OBJ
C:\XDIAG\UONCORE\BUSMASTER\SOURCES\BIN\DUMPFILES\BUSMASTER_DEBUG\OBJ\PSDI_CAN\MSGCONTAINER_CAN.OBJ
C:\XDIAG\UONCORE\BUSMASTER\SOURCES\PSDI_CAN\BUSMASTER_DEBUG\VC110.PDB
C:\XDIAG\UONCORE\BUSMASTER\SOURCES\BIN\BUSMASTER_DEBUG\PSDI_CAN.DLL
C:\XDIAG\UONCORE\BUSMASTER\SOURCES\BIN\DUMPFILES\BUSMASTER_DEBUG\PDB\PSDI_CAN.PDB
C:\XDiag\uoncore\busmaster\Sources\BIN\Libs\busmaster_debug\PSDI_CAN.lib
C:\XDiag\uoncore\busmaster\Sources\BIN\Libs\busmaster_debug\PSDI_CAN.exp
C:\XDiag\uoncore\busmaster\Sources\PSDI_CAN\busmaster_debug\cl.command.1.tlog
C:\XDiag\uoncore\busmaster\Sources\PSDI_CAN\busmaster_debug\CL.read.1.tlog
C:\XDiag\uoncore\busmaster\Sources\PSDI_CAN\busmaster_debug\CL.write.1.tlog
C:\XDiag\uoncore\busmaster\Sources\PSDI_CAN\busmaster_debug\link-cvtres.read.1.tlog
C:\XDiag\uoncore\busmaster\Sources\PSDI_CAN\busmaster_debug\link-cvtres.write.1.tlog
C:\XDiag\uoncore\busmaster\Sources\PSDI_CAN\busmaster_debug\link-mt.read.1.tlog
C:\XDiag\uoncore\busmaster\Sources\PSDI_CAN\busmaster_debug\link-mt.write.1.tlog
C:\XDiag\uoncore\busmaster\Sources\PSDI_CAN\busmaster_debug\link-rc.read.1.tlog
C:\XDiag\uoncore\busmaster\Sources\PSDI_CAN\busmaster_debug\link-rc.write.1.tlog
C:\XDiag\uoncore\busmaster\Sources\PSDI_CAN\busmaster_debug\link.command.1.tlog
C:\XDiag\uoncore\busmaster\Sources\PSDI_CAN\busmaster_debug\link.read.1.tlog
C:\XDiag\uoncore\busmaster\Sources\PSDI_CAN\busmaster_debug\link.write.1.tlog
C:\XDiag\uoncore\busmaster\Sources\PSDI_CAN\busmaster_debug\PSDI_CAN.write.1.tlog
C:\XDiag\uoncore\busmaster\Sources\PSDI_CAN\busmaster_debug\vc110.pdb
