生成启动时间为 2015/11/18 10:44:28。
     1>项目“C:\XDiag\uoncore\busmaster\Sources\PSDI_CAN\PSDI_CAN.vcxproj”在节点 3 上(Rebuild 个目标)。
     1>ClCompile:
         C:\Program Files\Microsoft Visual Studio 11.0\VC\bin\CL.exe /c /IC:\XDiag\uoncore\busmaster\Sources\ /IC:\WinDDK\7600.16385.1\inc\mfc42 /IC:\WinDDK\7600.16385.1\inc\atl71 /Zi /nologo /W4 /WX- /Od /Oy- /D WIN32 /D _WINDOWS /D NDEBUG /D _USRDLL /D WINVER=0x0500 /D _VC80_UPGRADE=0x0710 /D _USING_V110_SDK71_ /D _WINDLL /D _MBCS /D _AFXDLL /Gm- /EHsc /MD /GS /fp:precise /Zc:wchar_t /Zc:forScope /Fo"C:\XDiag\uoncore\busmaster\Sources\/bin/DumpFiles/busmaster_debug\/OBJ/PSDI_CAN/" /Fd"busmaster_debug\vc110.pdb" /Gd /TP /analyze- /errorReport:prompt /I "C:\XDiag\uoncore\busmaster\Sources\/Localization/include" MsgContainer_CAN.cpp MsgContainer_FlexRay.cpp MsgContainer_J1939.cpp MsgContainer_LIN.cpp PSDI_CAN.cpp
         MsgContainer_CAN.cpp
     1>MsgContainer_CAN.cpp(687): warning C4244: “=”: 从“int”转换到“BYTE”，可能丢失数据
         MsgContainer_FlexRay.cpp
     1>MsgContainer_FlexRay.cpp(576): warning C4244: “=”: 从“int”转换到“BYTE”，可能丢失数据
         MsgContainer_J1939.cpp
     1>C:\XDiag\uoncore\busmaster\Sources\DIL_Interface/BaseDIL_J1939.h : warning C4819: 该文件包含不能在当前代码页(936)中表示的字符。请将该文件保存为 Unicode 格式以防止数据丢失
         MsgContainer_LIN.cpp
     1>MsgContainer_LIN.cpp(613): warning C4244: “=”: 从“__int64”转换到“int”，可能丢失数据
     1>MsgContainer_LIN.cpp(657): warning C4244: “=”: 从“int”转换到“BYTE”，可能丢失数据
     1>MsgContainer_LIN.cpp(685): warning C4244: “=”: 从“eLinBusEventType”转换到“USHORT”，可能丢失数据
         PSDI_CAN.cpp
     1>C:\XDiag\uoncore\busmaster\Sources\DIL_Interface/BaseDIL_J1939.h : warning C4819: 该文件包含不能在当前代码页(936)中表示的字符。请将该文件保存为 Unicode 格式以防止数据丢失
         正在生成代码...
     1>C:\Program Files\MSBuild\Microsoft.Cpp\v4.0\V110\Microsoft.CppBuild.targets(1137,5): warning MSB8012: TargetPath(C:\XDiag\uoncore\busmaster\Sources\PSDI_CAN\busmaster_debug\PSDI_CAN.dll) does not match the Linker's OutputFile property value (C:\XDiag\uoncore\busmaster\Sources\BIN\busmaster_debug\PSDI_CAN.dll). This may cause your project to build incorrectly. To correct this, please make sure that $(OutDir), $(TargetName) and $(TargetExt) property values match the value specified in %(Link.OutputFile).
       Link:
         C:\Program Files\Microsoft Visual Studio 11.0\VC\bin\link.exe /ERRORREPORT:PROMPT /OUT:"C:\XDiag\uoncore\busmaster\Sources\/BIN/busmaster_debug\PSDI_CAN.dll" /INCREMENTAL:NO /NOLOGO /LIBPATH:C:\WinDDK\7600.16385.1\lib\Mfc\i386 /LIBPATH:C:\WinDDK\7600.16385.1\lib\ATL\i386 /MANIFEST /MANIFESTUAC:"level='asInvoker' uiAccess='false'" /manifest:embed /manifestinput:"C:\Program Files\Microsoft Visual Studio 11.0\VC\Include\Manifest\dpiaware.manifest" /DEBUG /PDB:"C:\XDiag\uoncore\busmaster\Sources\/bin/DumpFiles/busmaster_debug\/PDB/PSDI_CAN.pdb" /SUBSYSTEM:WINDOWS,"5.01" /STACK:"8000000" /OPT:REF /OPT:ICF /TLBID:1 /DYNAMICBASE:NO /IMPLIB:"C:\XDiag\uoncore\busmaster\Sources\/BIN/Libs/busmaster_debug\PSDI_CAN.lib" /MACHINE:X86 /SAFESEH "C:\XDiag\uoncore\busmaster\Sources\BIN/Libs/busmaster_debug\DataTypes.lib"
         "C:\XDiag\uoncore\busmaster\Sources\/BIN/Libs/busmaster_debug\DIL_Interface.lib"
         "C:\XDiag\uoncore\busmaster\Sources\/BIN/Libs/busmaster_debug\Utils.lib"
         "C:\XDiag\uoncore\busmaster\Sources\/BIN/Libs/busmaster_debug\CommonClass.lib"
          /DLL C:\XDiag\uoncore\busmaster\Sources\/bin/DumpFiles/busmaster_debug\/OBJ/PSDI_CAN/MsgContainer_CAN.obj
         C:\XDiag\uoncore\busmaster\Sources\/bin/DumpFiles/busmaster_debug\/OBJ/PSDI_CAN/MsgContainer_FlexRay.obj
         C:\XDiag\uoncore\busmaster\Sources\/bin/DumpFiles/busmaster_debug\/OBJ/PSDI_CAN/MsgContainer_J1939.obj
         C:\XDiag\uoncore\busmaster\Sources\/bin/DumpFiles/busmaster_debug\/OBJ/PSDI_CAN/MsgContainer_LIN.obj
         C:\XDiag\uoncore\busmaster\Sources\/bin/DumpFiles/busmaster_debug\/OBJ/PSDI_CAN/PSDI_CAN.obj
         C:\XDiag\uoncore\busmaster\Sources\BIN\Libs\busmaster_debug\Utils.lib
         C:\XDiag\uoncore\busmaster\Sources\BIN\Libs\busmaster_debug\CommonClass.lib
         C:\XDiag\uoncore\busmaster\Sources\BIN\Libs\busmaster_debug\DataTypes.lib
         C:\XDiag\uoncore\busmaster\Sources\BIN\Libs\busmaster_debug\DIL_Interface.lib
         C:\XDiag\uoncore\busmaster\Sources\BIN\Libs\busmaster_debug\UDS_Protocol.lib
            正在创建库 C:\XDiag\uoncore\busmaster\Sources\/BIN/Libs/busmaster_debug\PSDI_CAN.lib 和对象 C:\XDiag\uoncore\busmaster\Sources\/BIN/Libs/busmaster_debug\PSDI_CAN.exp
         PSDI_CAN.vcxproj -> C:\XDiag\uoncore\busmaster\Sources\PSDI_CAN\busmaster_debug\PSDI_CAN.dll
     1>已完成生成项目“C:\XDiag\uoncore\busmaster\Sources\PSDI_CAN\PSDI_CAN.vcxproj”(Rebuild 个目标)的操作。

生成成功。

已用时间 00:00:11.45
