C:\XDIAG\UONCORE\BUSMASTER\SOURCES\BIN\DUMPFILES\BUSMASTER_DEBUG\OBJ\LIN_VECTOR_XL\LIN_VECTOR_XL_STDAFX.OBJ
C:\XDIAG\UONCORE\BUSMASTER\SOURCES\BIN\DUMPFILES\BUSMASTER_DEBUG\OBJ\LIN_VECTOR_XL\LIN_VECTOR_XL.OBJ
C:\XDIAG\UONCORE\BUSMASTER\SOURCES\BIN\DUMPFILES\BUSMASTER_DEBUG\OBJ\LIN_VECTOR_XL\HARDWARELISTING.OBJ
C:\XDIAG\UONCORE\BUSMASTER\SOURCES\BIN\DUMPFILES\BUSMASTER_DEBUG\OBJ\LIN_VECTOR_XL\COMMANDIL_LIN.OBJ
C:\XDIAG\UONCORE\BUSMASTER\SOURCES\LIN_VECTOR_XL\BUSMASTER_DEBUG\VC110.PDB
C:\XDIAG\UONCORE\BUSMASTER\SOURCES\BIN\BUSMASTER_DEBUG\LIN_VECTOR_XL.DLL
C:\XDIAG\UONCORE\BUSMASTER\SOURCES\BIN\DUMPFILES\BUSMASTER_DEBUG\PDB\LIN_VECTOR_XL.PDB
C:\XDiag\uoncore\busmaster\Sources\LIN_Vector_XL\busmaster_debug\LIN_Vector_XL.lib
C:\XDiag\uoncore\busmaster\Sources\LIN_Vector_XL\busmaster_debug\LIN_Vector_XL.exp
C:\XDIAG\UONCORE\BUSMASTER\SOURCES\LIN_VECTOR_XL\BUSMASTER_DEBUG\LIN_ISOLAR_EVE_VLIN.RES
C:\XDiag\uoncore\busmaster\Sources\LIN_Vector_XL\busmaster_debug\cl.command.1.tlog
C:\XDiag\uoncore\busmaster\Sources\LIN_Vector_XL\busmaster_debug\CL.read.1.tlog
C:\XDiag\uoncore\busmaster\Sources\LIN_Vector_XL\busmaster_debug\CL.write.1.tlog
C:\XDiag\uoncore\busmaster\Sources\LIN_Vector_XL\busmaster_debug\link-cvtres.read.1.tlog
C:\XDiag\uoncore\busmaster\Sources\LIN_Vector_XL\busmaster_debug\link-cvtres.write.1.tlog
C:\XDiag\uoncore\busmaster\Sources\LIN_Vector_XL\busmaster_debug\link-mt.read.1.tlog
C:\XDiag\uoncore\busmaster\Sources\LIN_Vector_XL\busmaster_debug\link-mt.write.1.tlog
C:\XDiag\uoncore\busmaster\Sources\LIN_Vector_XL\busmaster_debug\link-rc.read.1.tlog
C:\XDiag\uoncore\busmaster\Sources\LIN_Vector_XL\busmaster_debug\link-rc.write.1.tlog
C:\XDiag\uoncore\busmaster\Sources\LIN_Vector_XL\busmaster_debug\link.command.1.tlog
C:\XDiag\uoncore\busmaster\Sources\LIN_Vector_XL\busmaster_debug\link.read.1.tlog
C:\XDiag\uoncore\busmaster\Sources\LIN_Vector_XL\busmaster_debug\link.write.1.tlog
C:\XDiag\uoncore\busmaster\Sources\LIN_Vector_XL\busmaster_debug\LIN_Vector_XL.write.1.tlog
C:\XDiag\uoncore\busmaster\Sources\LIN_Vector_XL\busmaster_debug\rc.command.1.tlog
C:\XDiag\uoncore\busmaster\Sources\LIN_Vector_XL\busmaster_debug\rc.read.1.tlog
C:\XDiag\uoncore\busmaster\Sources\LIN_Vector_XL\busmaster_debug\rc.write.1.tlog
C:\XDiag\uoncore\busmaster\Sources\LIN_Vector_XL\busmaster_debug\LIN_ISOLAR_EVE_VLIN.res
C:\XDiag\uoncore\busmaster\Sources\LIN_Vector_XL\busmaster_debug\vc110.pdb
