C:\XDiag\uoncore\busmaster\Sources\BIN\Libs\busmaster_debug\CAN_IXXAT_VCI.lib
C:\XDiag\uoncore\busmaster\Sources\BIN\Libs\busmaster_debug\CAN_IXXAT_VCI.exp
C:\XDIAG\UONCORE\BUSMASTER\SOURCES\CAN_IXXAT_VCI\BUSMASTER_DEBUG\CAN_IXXAT_VCI.PCH
C:\XDIAG\UONCORE\BUSMASTER\SOURCES\BIN\DUMPFILES\BUSMASTER_DEBUG\OBJ\CAN_IXXAT_VCI\CAN_IXXAT_VCI_STDAFX.OBJ
C:\XDIAG\UONCORE\BUSMASTER\SOURCES\CAN_IXXAT_VCI\BUSMASTER_DEBUG\VC110.PDB
C:\XDIAG\UONCORE\BUSMASTER\SOURCES\BIN\DUMPFILES\BUSMASTER_DEBUG\OBJ\CAN_IXXAT_VCI\VCINPLDYNL.OBJ
C:\XDIAG\UONCORE\BUSMASTER\SOURCES\BIN\DUMPFILES\BUSMASTER_DEBUG\OBJ\CAN_IXXAT_VCI\MULTILANGUAGE.OBJ
C:\XDIAG\UONCORE\BUSMASTER\SOURCES\BIN\DUMPFILES\BUSMASTER_DEBUG\OBJ\CAN_IXXAT_VCI\IXXATCANCHANNEL.OBJ
C:\XDIAG\UONCORE\BUSMASTER\SOURCES\BIN\DUMPFILES\BUSMASTER_DEBUG\OBJ\CAN_IXXAT_VCI\HARDWARELISTING.OBJ
C:\XDIAG\UONCORE\BUSMASTER\SOURCES\BIN\DUMPFILES\BUSMASTER_DEBUG\OBJ\CAN_IXXAT_VCI\DIL_CAN_IXXAT_VCI.OBJ
C:\XDIAG\UONCORE\BUSMASTER\SOURCES\BIN\DUMPFILES\BUSMASTER_DEBUG\OBJ\CAN_IXXAT_VCI\CLIENTLIST.OBJ
C:\XDIAG\UONCORE\BUSMASTER\SOURCES\BIN\DUMPFILES\BUSMASTER_DEBUG\OBJ\CAN_IXXAT_VCI\CLIENTBUFFER.OBJ
C:\XDIAG\UONCORE\BUSMASTER\SOURCES\BIN\DUMPFILES\BUSMASTER_DEBUG\OBJ\CAN_IXXAT_VCI\CANSELECTDLG.OBJ
C:\XDIAG\UONCORE\BUSMASTER\SOURCES\BIN\DUMPFILES\BUSMASTER_DEBUG\OBJ\CAN_IXXAT_VCI\CANCONTROLLERCONFIGDLG.OBJ
C:\XDIAG\UONCORE\BUSMASTER\SOURCES\BIN\DUMPFILES\BUSMASTER_DEBUG\OBJ\CAN_IXXAT_VCI\CAN_IXXAT_VCI.OBJ
C:\XDIAG\UONCORE\BUSMASTER\SOURCES\BIN\BUSMASTER_DEBUG\CAN_IXXAT_VCI.DLL
C:\XDIAG\UONCORE\BUSMASTER\SOURCES\BIN\BUSMASTER_DEBUG\CAN_IXXAT_VCI.MAP
C:\XDIAG\UONCORE\BUSMASTER\SOURCES\BIN\DUMPFILES\BUSMASTER_DEBUG\PDB\CAN_IXXAT_VCI.PDB
C:\XDIAG\UONCORE\BUSMASTER\SOURCES\CAN_IXXAT_VCI\BUSMASTER_DEBUG\CAN_IXXAT_VCI.RES
C:\XDiag\uoncore\busmaster\Sources\CAN_IXXAT_VCI\busmaster_debug\CAN_IXXAT_VCI.write.1.tlog
C:\XDiag\uoncore\busmaster\Sources\CAN_IXXAT_VCI\busmaster_debug\cl.command.1.tlog
C:\XDiag\uoncore\busmaster\Sources\CAN_IXXAT_VCI\busmaster_debug\CL.read.1.tlog
C:\XDiag\uoncore\busmaster\Sources\CAN_IXXAT_VCI\busmaster_debug\CL.write.1.tlog
C:\XDiag\uoncore\busmaster\Sources\CAN_IXXAT_VCI\busmaster_debug\link-cvtres.read.1.tlog
C:\XDiag\uoncore\busmaster\Sources\CAN_IXXAT_VCI\busmaster_debug\link-cvtres.write.1.tlog
C:\XDiag\uoncore\busmaster\Sources\CAN_IXXAT_VCI\busmaster_debug\link-mt.read.1.tlog
C:\XDiag\uoncore\busmaster\Sources\CAN_IXXAT_VCI\busmaster_debug\link-mt.write.1.tlog
C:\XDiag\uoncore\busmaster\Sources\CAN_IXXAT_VCI\busmaster_debug\link-rc.read.1.tlog
C:\XDiag\uoncore\busmaster\Sources\CAN_IXXAT_VCI\busmaster_debug\link-rc.write.1.tlog
C:\XDiag\uoncore\busmaster\Sources\CAN_IXXAT_VCI\busmaster_debug\link.command.1.tlog
C:\XDiag\uoncore\busmaster\Sources\CAN_IXXAT_VCI\busmaster_debug\link.read.1.tlog
C:\XDiag\uoncore\busmaster\Sources\CAN_IXXAT_VCI\busmaster_debug\link.write.1.tlog
C:\XDiag\uoncore\busmaster\Sources\CAN_IXXAT_VCI\busmaster_debug\rc.command.1.tlog
C:\XDiag\uoncore\busmaster\Sources\CAN_IXXAT_VCI\busmaster_debug\rc.read.1.tlog
C:\XDiag\uoncore\busmaster\Sources\CAN_IXXAT_VCI\busmaster_debug\rc.write.1.tlog
C:\XDiag\uoncore\busmaster\Sources\CAN_IXXAT_VCI\busmaster_debug\CAN_IXXAT_VCI.res
C:\XDiag\uoncore\busmaster\Sources\CAN_IXXAT_VCI\busmaster_debug\CAN_IXXAT_VCI.pch
C:\XDiag\uoncore\busmaster\Sources\CAN_IXXAT_VCI\busmaster_debug\vc110.pdb
