生成启动时间为 2015/11/18 10:42:35。
     1>项目“C:\XDiag\uoncore\busmaster\Sources\CAN_IXXAT_VCI\CAN_IXXAT_VCI.vcxproj”在节点 2 上(Rebuild 个目标)。
     1>ClCompile:
         C:\Program Files\Microsoft Visual Studio 11.0\VC\bin\CL.exe /c /I. /IC:\XDiag\uoncore\busmaster\Sources\ /I\inc /I..\include /IC:\WinDDK\7600.16385.1\inc\mfc42 /IC:\WinDDK\7600.16385.1\inc\atl71 /Zi /nologo /W3 /WX- /Od /Oi /Oy- /GL /D WIN32 /D _WINDOWS /D NDEBUG /D _USRDLL /D _USING_V110_SDK71_ /D _WINDLL /D _MBCS /D _AFXDLL /Gm- /EHsc /MD /GS /Gy /fp:precise /Zc:wchar_t /Zc:forScope /Yc"CAN_IXXAT_VCI_StdAfx.h" /Fp"busmaster_debug\CAN_IXXAT_VCI.pch" /Fo"C:\XDiag\uoncore\busmaster\Sources\/bin/DumpFiles/busmaster_debug\/OBJ/CAN_IXXAT_VCI/" /Fd"busmaster_debug\vc110.pdb" /Gd /TP /analyze- /errorReport:prompt /I "C:\XDiag\uoncore\busmaster\Sources\/Localization/include" CAN_IXXAT_VCI_stdafx.cpp
         CAN_IXXAT_VCI_stdafx.cpp
     1>C:\WinDDK\7600.16385.1\inc\mfc42\afxv_w32.h(120): warning C4005: “_WIN32_WINDOWS”: 宏重定义
                 c:\xdiag\uoncore\busmaster\sources\can_ixxat_vci\targetver.h(20) : 参见“_WIN32_WINDOWS”的前一个定义
         C:\Program Files\Microsoft Visual Studio 11.0\VC\bin\CL.exe /c /I. /IC:\XDiag\uoncore\busmaster\Sources\ /I\inc /I..\include /IC:\WinDDK\7600.16385.1\inc\mfc42 /IC:\WinDDK\7600.16385.1\inc\atl71 /Zi /nologo /W3 /WX- /Od /Oi /Oy- /GL /D WIN32 /D _WINDOWS /D NDEBUG /D _USRDLL /D _USING_V110_SDK71_ /D _WINDLL /D _MBCS /D _AFXDLL /Gm- /EHsc /MD /GS /Gy /fp:precise /Zc:wchar_t /Zc:forScope /Fo"C:\XDiag\uoncore\busmaster\Sources\/bin/DumpFiles/busmaster_debug\/OBJ/CAN_IXXAT_VCI/" /Fd"busmaster_debug\vc110.pdb" /Gd /TP /analyze- /errorReport:prompt /I "C:\XDiag\uoncore\busmaster\Sources\/Localization/include" CAN_IXXAT_VCI.cpp CANControllerConfigDlg.cpp CANSelectDlg.cpp ClientBuffer.cpp ClientList.cpp DIL_CAN_IXXAT_VCI.cpp HardwareListing.cpp IxxatCanChannel.cpp ..\Application\MultiLanguage.cpp vcinpldynl.cpp
         CAN_IXXAT_VCI.cpp
     1>C:\WinDDK\7600.16385.1\inc\mfc42\afxv_w32.h(120): warning C4005: “_WIN32_WINDOWS”: 宏重定义
                 c:\xdiag\uoncore\busmaster\sources\can_ixxat_vci\targetver.h(20) : 参见“_WIN32_WINDOWS”的前一个定义
         CANControllerConfigDlg.cpp
     1>C:\WinDDK\7600.16385.1\inc\mfc42\afxv_w32.h(120): warning C4005: “_WIN32_WINDOWS”: 宏重定义
                 c:\xdiag\uoncore\busmaster\sources\can_ixxat_vci\targetver.h(20) : 参见“_WIN32_WINDOWS”的前一个定义
         CANSelectDlg.cpp
     1>C:\WinDDK\7600.16385.1\inc\mfc42\afxv_w32.h(120): warning C4005: “_WIN32_WINDOWS”: 宏重定义
                 c:\xdiag\uoncore\busmaster\sources\can_ixxat_vci\targetver.h(20) : 参见“_WIN32_WINDOWS”的前一个定义
         ClientBuffer.cpp
     1>C:\WinDDK\7600.16385.1\inc\mfc42\afxv_w32.h(120): warning C4005: “_WIN32_WINDOWS”: 宏重定义
                 c:\xdiag\uoncore\busmaster\sources\can_ixxat_vci\targetver.h(20) : 参见“_WIN32_WINDOWS”的前一个定义
     1>ClientBuffer.cpp(169): warning C4018: “<”: 有符号/无符号不匹配
         ClientList.cpp
     1>C:\WinDDK\7600.16385.1\inc\mfc42\afxv_w32.h(120): warning C4005: “_WIN32_WINDOWS”: 宏重定义
                 c:\xdiag\uoncore\busmaster\sources\can_ixxat_vci\targetver.h(20) : 参见“_WIN32_WINDOWS”的前一个定义
         DIL_CAN_IXXAT_VCI.cpp
     1>C:\WinDDK\7600.16385.1\inc\mfc42\afxv_w32.h(120): warning C4005: “_WIN32_WINDOWS”: 宏重定义
                 c:\xdiag\uoncore\busmaster\sources\can_ixxat_vci\targetver.h(20) : 参见“_WIN32_WINDOWS”的前一个定义
     1>DIL_CAN_IXXAT_VCI.cpp(245): warning C4018: “>=”: 有符号/无符号不匹配
         HardwareListing.cpp
     1>C:\WinDDK\7600.16385.1\inc\mfc42\afxv_w32.h(120): warning C4005: “_WIN32_WINDOWS”: 宏重定义
                 c:\xdiag\uoncore\busmaster\sources\can_ixxat_vci\targetver.h(20) : 参见“_WIN32_WINDOWS”的前一个定义
         IxxatCanChannel.cpp
     1>C:\WinDDK\7600.16385.1\inc\mfc42\afxv_w32.h(120): warning C4005: “_WIN32_WINDOWS”: 宏重定义
                 c:\xdiag\uoncore\busmaster\sources\can_ixxat_vci\targetver.h(20) : 参见“_WIN32_WINDOWS”的前一个定义
         MultiLanguage.cpp
     1>..\Application\MultiLanguage.cpp(190): warning C4996: 'sscanf': This function or variable may be unsafe. Consider using sscanf_s instead. To disable deprecation, use _CRT_SECURE_NO_WARNINGS. See online help for details.
                 C:\Program Files\Microsoft Visual Studio 11.0\VC\include\stdio.h(311) : 参见“sscanf”的声明
         vcinpldynl.cpp
     1>C:\WinDDK\7600.16385.1\inc\mfc42\afxv_w32.h(120): warning C4005: “_WIN32_WINDOWS”: 宏重定义
                 c:\xdiag\uoncore\busmaster\sources\can_ixxat_vci\targetver.h(20) : 参见“_WIN32_WINDOWS”的前一个定义
       ResourceCompile:
         C:\Program Files\Microsoft SDKs\Windows\v7.1A\bin\rc.exe /D NDEBUG /D _USING_V110_SDK71_ /D _AFXDLL /l"0x0409" /Ibusmaster_debug\ /nologo /fo"busmaster_debug\CAN_IXXAT_VCI.res" CAN_IXXAT_VCI.rc 
     1>C:\Program Files\MSBuild\Microsoft.Cpp\v4.0\V110\Microsoft.CppBuild.targets(1137,5): warning MSB8012: TargetPath(C:\XDiag\uoncore\busmaster\Sources\CAN_IXXAT_VCI\busmaster_debug\CAN_IXXAT_VCI.dll) does not match the Linker's OutputFile property value (C:\XDiag\uoncore\busmaster\Sources\bin\busmaster_debug\CAN_IXXAT_VCI.dll). This may cause your project to build incorrectly. To correct this, please make sure that $(OutDir), $(TargetName) and $(TargetExt) property values match the value specified in %(Link.OutputFile).
       Link:
         C:\Program Files\Microsoft Visual Studio 11.0\VC\bin\link.exe /ERRORREPORT:PROMPT /OUT:"C:\XDiag\uoncore\busmaster\Sources\/bin/busmaster_debug\CAN_IXXAT_VCI.dll" /INCREMENTAL:NO /NOLOGO /DEF:".\CAN_IXXAT_VCI.def" /MANIFEST /MANIFESTUAC:"level='asInvoker' uiAccess='false'" /manifest:embed /manifestinput:"C:\Program Files\Microsoft Visual Studio 11.0\VC\Include\Manifest\dpiaware.manifest" /DEBUG /PDB:"C:\XDiag\uoncore\busmaster\Sources\/bin/DumpFiles/busmaster_debug\/PDB/CAN_IXXAT_VCI.pdb" /MAP /SUBSYSTEM:WINDOWS,"5.01" /STACK:"8000000" /OPT:REF /OPT:ICF /LTCG /TLBID:1 /DYNAMICBASE /NXCOMPAT /IMPLIB:"C:\XDiag\uoncore\busmaster\Sources\/BIN/Libs/busmaster_debug\CAN_IXXAT_VCI.lib" /MACHINE:X86 /SAFESEH "C:\XDiag\uoncore\busmaster\Sources\/BIN/Libs/busmaster_debug\Utils.lib" /DLL busmaster_debug\CAN_IXXAT_VCI.res
         C:\XDiag\uoncore\busmaster\Sources\/bin/DumpFiles/busmaster_debug\/OBJ/CAN_IXXAT_VCI/CAN_IXXAT_VCI.obj
         C:\XDiag\uoncore\busmaster\Sources\/bin/DumpFiles/busmaster_debug\/OBJ/CAN_IXXAT_VCI/CAN_IXXAT_VCI_stdafx.obj
         C:\XDiag\uoncore\busmaster\Sources\/bin/DumpFiles/busmaster_debug\/OBJ/CAN_IXXAT_VCI/CANControllerConfigDlg.obj
         C:\XDiag\uoncore\busmaster\Sources\/bin/DumpFiles/busmaster_debug\/OBJ/CAN_IXXAT_VCI/CANSelectDlg.obj
         C:\XDiag\uoncore\busmaster\Sources\/bin/DumpFiles/busmaster_debug\/OBJ/CAN_IXXAT_VCI/ClientBuffer.obj
         C:\XDiag\uoncore\busmaster\Sources\/bin/DumpFiles/busmaster_debug\/OBJ/CAN_IXXAT_VCI/ClientList.obj
         C:\XDiag\uoncore\busmaster\Sources\/bin/DumpFiles/busmaster_debug\/OBJ/CAN_IXXAT_VCI/DIL_CAN_IXXAT_VCI.obj
         C:\XDiag\uoncore\busmaster\Sources\/bin/DumpFiles/busmaster_debug\/OBJ/CAN_IXXAT_VCI/HardwareListing.obj
         C:\XDiag\uoncore\busmaster\Sources\/bin/DumpFiles/busmaster_debug\/OBJ/CAN_IXXAT_VCI/IxxatCanChannel.obj
         C:\XDiag\uoncore\busmaster\Sources\/bin/DumpFiles/busmaster_debug\/OBJ/CAN_IXXAT_VCI/MultiLanguage.obj
         C:\XDiag\uoncore\busmaster\Sources\/bin/DumpFiles/busmaster_debug\/OBJ/CAN_IXXAT_VCI/vcinpldynl.obj
            正在创建库 C:\XDiag\uoncore\busmaster\Sources\/BIN/Libs/busmaster_debug\CAN_IXXAT_VCI.lib 和对象 C:\XDiag\uoncore\busmaster\Sources\/BIN/Libs/busmaster_debug\CAN_IXXAT_VCI.exp
         正在生成代码
         已完成代码的生成
         CAN_IXXAT_VCI.vcxproj -> C:\XDiag\uoncore\busmaster\Sources\CAN_IXXAT_VCI\busmaster_debug\CAN_IXXAT_VCI.dll
     1>已完成生成项目“C:\XDiag\uoncore\busmaster\Sources\CAN_IXXAT_VCI\CAN_IXXAT_VCI.vcxproj”(Rebuild 个目标)的操作。

生成成功。

已用时间 00:00:18.49
