C:\XDIAG\UONCORE\BUSMASTER\SOURCES\DATATYPES\BUSMASTER_DEBUG\DATATYPES.PCH
C:\XDIAG\UONCORE\BUSMASTER\SOURCES\BIN\DUMPFILES\BUSMASTER_DEBUG\OBJ\DATATYPES\CLUSTER.OBJ
C:\XDIAG\UONCORE\BUSMASTER\SOURCES\BIN\DUMPFILES\BUSMASTER_DEBUG\OBJ\DATATYPES\DEFINES_FLEXRAY.OBJ
C:\XDIAG\UONCORE\BUSMASTER\SOURCES\BIN\DUMPFILES\BUSMASTER_DEBUG\OBJ\DATATYPES\FEALDATA.OBJ
C:\XDIAG\UONCORE\BUSMASTER\SOURCES\BIN\DUMPFILES\BUSMASTER_DEBUG\OBJ\DATATYPES\FILTER_DATATYPES.OBJ
C:\XDIAG\UONCORE\BUSMASTER\SOURCES\BIN\DUMPFILES\BUSMASTER_DEBUG\OBJ\DATATYPES\FLEXRAY_DATATYPES.OBJ
C:\XDIAG\UONCORE\BUSMASTER\SOURCES\BIN\DUMPFILES\BUSMASTER_DEBUG\OBJ\DATATYPES\J1939_DATATYPES.OBJ
C:\XDIAG\UONCORE\BUSMASTER\SOURCES\BIN\DUMPFILES\BUSMASTER_DEBUG\OBJ\DATATYPES\LOG_DATATYPES.OBJ
C:\XDIAG\UONCORE\BUSMASTER\SOURCES\BIN\DUMPFILES\BUSMASTER_DEBUG\OBJ\DATATYPES\MAINSUBENTRY.OBJ
C:\XDIAG\UONCORE\BUSMASTER\SOURCES\BIN\DUMPFILES\BUSMASTER_DEBUG\OBJ\DATATYPES\MSGBUFVSE.OBJ
C:\XDIAG\UONCORE\BUSMASTER\SOURCES\BIN\DUMPFILES\BUSMASTER_DEBUG\OBJ\DATATYPES\MSGBUFVVSE.OBJ
C:\XDIAG\UONCORE\BUSMASTER\SOURCES\BIN\DUMPFILES\BUSMASTER_DEBUG\OBJ\DATATYPES\MSGSIGNAL_DATATYPES.OBJ
C:\XDIAG\UONCORE\BUSMASTER\SOURCES\BIN\DUMPFILES\BUSMASTER_DEBUG\OBJ\DATATYPES\PROJCONFIG_DATATYPES.OBJ
C:\XDIAG\UONCORE\BUSMASTER\SOURCES\BIN\DUMPFILES\BUSMASTER_DEBUG\OBJ\DATATYPES\STRUCT_BUS.OBJ
C:\XDIAG\UONCORE\BUSMASTER\SOURCES\BIN\DUMPFILES\BUSMASTER_DEBUG\OBJ\DATATYPES\UDS_DATATYPES.OBJ
C:\XDIAG\UONCORE\BUSMASTER\SOURCES\DATATYPES\BUSMASTER_DEBUG\VC110.PDB
C:\XDIAG\UONCORE\BUSMASTER\SOURCES\BIN\LIBS\BUSMASTER_DEBUG\DATATYPES.LIB
C:\XDiag\uoncore\busmaster\Sources\DataTypes\busmaster_debug\cl.command.1.tlog
C:\XDiag\uoncore\busmaster\Sources\DataTypes\busmaster_debug\CL.read.1.tlog
C:\XDiag\uoncore\busmaster\Sources\DataTypes\busmaster_debug\CL.write.1.tlog
C:\XDiag\uoncore\busmaster\Sources\DataTypes\busmaster_debug\Lib-link.read.1.tlog
C:\XDiag\uoncore\busmaster\Sources\DataTypes\busmaster_debug\Lib-link.write.1.tlog
C:\XDiag\uoncore\busmaster\Sources\DataTypes\busmaster_debug\lib.command.1.tlog
C:\XDiag\uoncore\busmaster\Sources\DataTypes\busmaster_debug\Lib.read.1.tlog
C:\XDiag\uoncore\busmaster\Sources\DataTypes\busmaster_debug\DataTypes.pch
C:\XDiag\uoncore\busmaster\Sources\DataTypes\busmaster_debug\vc110.pdb
