C:\XDIAG\UONCORE\BUSMASTER\SOURCES\BIN\DUMPFILES\BUSMASTER_DEBUG\OBJ\SIGNALDEFINER\SIGNALDEFINERDLG.OBJ
C:\XDIAG\UONCORE\BUSMASTER\SOURCES\BIN\DUMPFILES\BUSMASTER_DEBUG\OBJ\SIGNALDEFINER\SIGNALDEFINER.OBJ
C:\XDIAG\UONCORE\BUSMASTER\SOURCES\BIN\DUMPFILES\BUSMASTER_DEBUG\OBJ\SIGNALDEFINER\MULTILANGUAGE.OBJ
C:\XDIAG\UONCORE\BUSMASTER\SOURCES\SIGNALDEFINER\BUSMASTER_DEBUG\VC110.PDB
C:\XDIAG\UONCORE\BUSMASTER\SOURCES\BIN\BUSMASTER_DEBUG\SIGNALDEFINER.DLL
C:\XDIAG\UONCORE\BUSMASTER\SOURCES\BIN\DUMPFILES\BUSMASTER_DEBUG\PDB\SIGNALDEFINER.PDB
C:\XDIAG\UONCORE\BUSMASTER\SOURCES\SIGNALDEFINER\BUSMASTER_DEBUG\SIGNALDEFINER.RES
C:\XDiag\uoncore\busmaster\Sources\BIN\Libs\busmaster_debug\SignalDefiner.lib
C:\XDiag\uoncore\busmaster\Sources\BIN\Libs\busmaster_debug\SignalDefiner.exp
C:\XDiag\uoncore\busmaster\Sources\SignalDefiner\busmaster_debug\cl.command.1.tlog
C:\XDiag\uoncore\busmaster\Sources\SignalDefiner\busmaster_debug\CL.read.1.tlog
C:\XDiag\uoncore\busmaster\Sources\SignalDefiner\busmaster_debug\CL.write.1.tlog
C:\XDiag\uoncore\busmaster\Sources\SignalDefiner\busmaster_debug\link-cvtres.read.1.tlog
C:\XDiag\uoncore\busmaster\Sources\SignalDefiner\busmaster_debug\link-cvtres.write.1.tlog
C:\XDiag\uoncore\busmaster\Sources\SignalDefiner\busmaster_debug\link-mt.read.1.tlog
C:\XDiag\uoncore\busmaster\Sources\SignalDefiner\busmaster_debug\link-mt.write.1.tlog
C:\XDiag\uoncore\busmaster\Sources\SignalDefiner\busmaster_debug\link-rc.read.1.tlog
C:\XDiag\uoncore\busmaster\Sources\SignalDefiner\busmaster_debug\link-rc.write.1.tlog
C:\XDiag\uoncore\busmaster\Sources\SignalDefiner\busmaster_debug\link.command.1.tlog
C:\XDiag\uoncore\busmaster\Sources\SignalDefiner\busmaster_debug\link.read.1.tlog
C:\XDiag\uoncore\busmaster\Sources\SignalDefiner\busmaster_debug\link.write.1.tlog
C:\XDiag\uoncore\busmaster\Sources\SignalDefiner\busmaster_debug\rc.command.1.tlog
C:\XDiag\uoncore\busmaster\Sources\SignalDefiner\busmaster_debug\rc.read.1.tlog
C:\XDiag\uoncore\busmaster\Sources\SignalDefiner\busmaster_debug\rc.write.1.tlog
C:\XDiag\uoncore\busmaster\Sources\SignalDefiner\busmaster_debug\SignalDefiner.write.1.tlog
C:\XDiag\uoncore\busmaster\Sources\SignalDefiner\busmaster_debug\SignalDefiner.res
C:\XDiag\uoncore\busmaster\Sources\SignalDefiner\busmaster_debug\vc110.pdb
