C:\XDIAG\UONCORE\BUSMASTER\SOURCES\BIN\DUMPFILES\BUSMASTER_DEBUG\OBJ\DIL_INTERFACE\DIL_LIN.OBJ
C:\XDIAG\UONCORE\BUSMASTER\SOURCES\BIN\DUMPFILES\BUSMASTER_DEBUG\OBJ\DIL_INTERFACE\DILI_J1939.OBJ
C:\XDIAG\UONCORE\BUSMASTER\SOURCES\BIN\DUMPFILES\BUSMASTER_DEBUG\OBJ\DIL_INTERFACE\DILC_DUMMY.OBJ
C:\XDIAG\UONCORE\BUSMASTER\SOURCES\BIN\DUMPFILES\BUSMASTER_DEBUG\OBJ\DIL_INTERFACE\DIL_INTERFACE_STDAFX.OBJ
C:\XDIAG\UONCORE\BUSMASTER\SOURCES\BIN\DUMPFILES\BUSMASTER_DEBUG\OBJ\DIL_INTERFACE\DIL_INTERFACE.OBJ
C:\XDIAG\UONCORE\BUSMASTER\SOURCES\BIN\DUMPFILES\BUSMASTER_DEBUG\OBJ\DIL_INTERFACE\DIL_FLEXRAY.OBJ
C:\XDIAG\UONCORE\BUSMASTER\SOURCES\BIN\DUMPFILES\BUSMASTER_DEBUG\OBJ\DIL_INTERFACE\DIL_CAN.OBJ
C:\XDIAG\UONCORE\BUSMASTER\SOURCES\BIN\DUMPFILES\BUSMASTER_DEBUG\OBJ\DIL_INTERFACE\DILL_DUMMY.OBJ
C:\XDIAG\UONCORE\BUSMASTER\SOURCES\BIN\DUMPFILES\BUSMASTER_DEBUG\OBJ\DIL_INTERFACE\COMMANDIL_LIN.OBJ
C:\XDIAG\UONCORE\BUSMASTER\SOURCES\BIN\DUMPFILES\BUSMASTER_DEBUG\OBJ\DIL_INTERFACE\COMMANDIL_FLEXRAY.OBJ
C:\XDIAG\UONCORE\BUSMASTER\SOURCES\BIN\DUMPFILES\BUSMASTER_DEBUG\OBJ\DIL_INTERFACE\CLIENTLIST.OBJ
C:\XDIAG\UONCORE\BUSMASTER\SOURCES\BIN\DUMPFILES\BUSMASTER_DEBUG\OBJ\DIL_INTERFACE\CLIENTBUFFER.OBJ
C:\XDIAG\UONCORE\BUSMASTER\SOURCES\DIL_INTERFACE\BUSMASTER_DEBUG\VC110.PDB
C:\XDiag\uoncore\busmaster\Sources\BIN\Libs\busmaster_debug\DIL_Interface.lib
C:\XDiag\uoncore\busmaster\Sources\BIN\Libs\busmaster_debug\DIL_Interface.exp
C:\XDIAG\UONCORE\BUSMASTER\SOURCES\BIN\BUSMASTER_DEBUG\DIL_INTERFACE.DLL
C:\XDIAG\UONCORE\BUSMASTER\SOURCES\BIN\DUMPFILES\BUSMASTER_DEBUG\PDB\DIL_INTERFACE.PDB
C:\XDiag\uoncore\busmaster\Sources\DIL_Interface\busmaster_debug\cl.command.1.tlog
C:\XDiag\uoncore\busmaster\Sources\DIL_Interface\busmaster_debug\CL.read.1.tlog
C:\XDiag\uoncore\busmaster\Sources\DIL_Interface\busmaster_debug\CL.write.1.tlog
C:\XDiag\uoncore\busmaster\Sources\DIL_Interface\busmaster_debug\DIL_Interface.write.1.tlog
C:\XDiag\uoncore\busmaster\Sources\DIL_Interface\busmaster_debug\link-cvtres.read.1.tlog
C:\XDiag\uoncore\busmaster\Sources\DIL_Interface\busmaster_debug\link-cvtres.write.1.tlog
C:\XDiag\uoncore\busmaster\Sources\DIL_Interface\busmaster_debug\link-mt.read.1.tlog
C:\XDiag\uoncore\busmaster\Sources\DIL_Interface\busmaster_debug\link-mt.write.1.tlog
C:\XDiag\uoncore\busmaster\Sources\DIL_Interface\busmaster_debug\link-rc.read.1.tlog
C:\XDiag\uoncore\busmaster\Sources\DIL_Interface\busmaster_debug\link-rc.write.1.tlog
C:\XDiag\uoncore\busmaster\Sources\DIL_Interface\busmaster_debug\link.command.1.tlog
C:\XDiag\uoncore\busmaster\Sources\DIL_Interface\busmaster_debug\link.read.1.tlog
C:\XDiag\uoncore\busmaster\Sources\DIL_Interface\busmaster_debug\link.write.1.tlog
C:\XDiag\uoncore\busmaster\Sources\DIL_Interface\busmaster_debug\vc110.pdb
