生成启动时间为 2015/11/18 10:44:02。
     1>项目“C:\XDiag\uoncore\busmaster\Sources\DIL_Interface\DIL_Interface.vcxproj”在节点 2 上(Rebuild 个目标)。
     1>C:\Windows\Microsoft.NET\Framework\v4.0.30319\Microsoft.Common.Targets(1395,5): warning : The referenced project '..\CAN_ETAS_BOA\CAN_ETAS_BOA.vcxproj' does not exist.
     1>ClCompile:
         C:\Program Files\Microsoft Visual Studio 11.0\VC\bin\CL.exe /c /IC:\XDiag\uoncore\busmaster\Sources\ /IC:\WinDDK\7600.16385.1\inc\mfc42 /IC:\WinDDK\7600.16385.1\inc\atl71 /Zi /nologo /W4 /WX- /Od /Oy- /D WIN32 /D NDEBUG /D _WINDOWS /D _USRDLL /D WINVER=0x0500 /D _VC80_UPGRADE=0x0710 /D _USING_V110_SDK71_ /D _WINDLL /D _MBCS /D _AFXDLL /Gm- /EHsc /MD /GS /fp:precise /Zc:wchar_t /Zc:forScope /Fo"C:\XDiag\uoncore\busmaster\Sources\/bin/DumpFiles/busmaster_debug\/OBJ/DIL_Interface/" /Fd"busmaster_debug\vc110.pdb" /Gd /TP /analyze- /errorReport:prompt /I "C:\XDiag\uoncore\busmaster\Sources\/Localization/include" ClientBuffer.cpp ClientList.cpp CommanDIL_Flexray.cpp CommanDIL_LIN.cpp DILL_Dummy.cpp DIL_CAN.cpp DIL_FLEXRAY.cpp DIL_Interface.cpp DIL_Interface_stdafx.cpp DILC_Dummy.cpp DILI_J1939.cpp DIL_LIN.cpp
         ClientBuffer.cpp
         ClientList.cpp
         CommanDIL_Flexray.cpp
         CommanDIL_LIN.cpp
     1>CommanDIL_LIN.cpp(188): warning C4996: 'strcpy': This function or variable may be unsafe. Consider using strcpy_s instead. To disable deprecation, use _CRT_SECURE_NO_WARNINGS. See online help for details.
                 C:\Program Files\Microsoft Visual Studio 11.0\VC\include\string.h(110) : 参见“strcpy”的声明
     1>CommanDIL_LIN.cpp(203): warning C4996: 'strcpy': This function or variable may be unsafe. Consider using strcpy_s instead. To disable deprecation, use _CRT_SECURE_NO_WARNINGS. See online help for details.
                 C:\Program Files\Microsoft Visual Studio 11.0\VC\include\string.h(110) : 参见“strcpy”的声明
     1>CommanDIL_LIN.cpp(428): warning C4244: “初始化”: 从“UINT”转换到“UCHAR”，可能丢失数据
     1>CommanDIL_LIN.cpp(437): warning C4244: “return”: 从“UINT”转换到“UCHAR”，可能丢失数据
     1>CommanDIL_LIN.cpp(446): warning C4244: “=”: 从“int”转换到“char”，可能丢失数据
     1>CommanDIL_LIN.cpp(470): warning C4244: “参数”: 从“UINT”转换到“UCHAR”，可能丢失数据
     1>CommanDIL_LIN.cpp(472): warning C4018: “<”: 有符号/无符号不匹配
     1>CommanDIL_LIN.cpp(477): warning C4244: “初始化”: 从“UINT”转换到“UCHAR”，可能丢失数据
     1>CommanDIL_LIN.cpp(486): warning C4244: “return”: 从“UINT”转换到“UCHAR”，可能丢失数据
     1>CommanDIL_LIN.cpp(544): warning C4244: “=”: 从“unsigned short”转换到“UCHAR”，可能丢失数据
     1>CommanDIL_LIN.cpp(572): warning C4244: “=”: 从“int”转换到“unsigned char”，可能丢失数据
     1>CommanDIL_LIN.cpp(576): warning C4244: “=”: 从“int”转换到“unsigned char”，可能丢失数据
     1>CommanDIL_LIN.cpp(672): warning C4100: “dwClientId”: 未引用的形参
     1>CommanDIL_LIN.cpp(768): warning C4244: “=”: 从“int”转换到“unsigned char”，可能丢失数据
     1>CommanDIL_LIN.cpp(775): warning C4244: “=”: 从“int”转换到“unsigned char”，可能丢失数据
     1>CommanDIL_LIN.cpp(797): warning C4018: “>=”: 有符号/无符号不匹配
     1>CommanDIL_LIN.cpp(815): warning C4244: “=”: 从“const int”转换到“unsigned char”，可能丢失数据
         DILL_Dummy.cpp
     1>DILL_Dummy.cpp(191): warning C4100: “nHandle”: 未引用的形参
     1>DILL_Dummy.cpp(191): warning C4100: “nChannel”: 未引用的形参
     1>DILL_Dummy.cpp(191): warning C4100: “dwClientId”: 未引用的形参
     1>DILL_Dummy.cpp(196): warning C4100: “nTableHandle”: 未引用的形参
     1>DILL_Dummy.cpp(196): warning C4100: “nChannel”: 未引用的形参
     1>DILL_Dummy.cpp(196): warning C4100: “dwClientId”: 未引用的形参
     1>DILL_Dummy.cpp(201): warning C4100: “nTableHandle”: 未引用的形参
     1>DILL_Dummy.cpp(201): warning C4100: “nChannel”: 未引用的形参
     1>DILL_Dummy.cpp(201): warning C4100: “dwClientId”: 未引用的形参
     1>DILL_Dummy.cpp(205): warning C4100: “ouTable”: 未引用的形参
     1>DILL_Dummy.cpp(205): warning C4100: “nHandle”: 未引用的形参
     1>DILL_Dummy.cpp(205): warning C4100: “nChannel”: 未引用的形参
     1>DILL_Dummy.cpp(205): warning C4100: “dwClientId”: 未引用的形参
     1>DILL_Dummy.cpp(210): warning C4100: “bEnable”: 未引用的形参
     1>DILL_Dummy.cpp(210): warning C4100: “nIndex”: 未引用的形参
     1>DILL_Dummy.cpp(210): warning C4100: “nTableHandle”: 未引用的形参
     1>DILL_Dummy.cpp(210): warning C4100: “nChannel”: 未引用的形参
     1>DILL_Dummy.cpp(210): warning C4100: “dwClientId”: 未引用的形参
     1>DILL_Dummy.cpp(216): warning C4100: “nCycleTimer”: 未引用的形参
     1>DILL_Dummy.cpp(216): warning C4100: “nId”: 未引用的形参
     1>DILL_Dummy.cpp(216): warning C4100: “nChannel”: 未引用的形参
     1>DILL_Dummy.cpp(216): warning C4100: “dwClientId”: 未引用的形参
     1>DILL_Dummy.cpp(220): warning C4100: “nId”: 未引用的形参
     1>DILL_Dummy.cpp(220): warning C4100: “nChannel”: 未引用的形参
     1>DILL_Dummy.cpp(220): warning C4100: “dwClientId”: 未引用的形参
         DIL_CAN.cpp
     1>DIL_CAN.cpp(79): warning C4245: “=”: 从“”转换到“DWORD”，有符号/无符号不匹配
     1>DIL_CAN.cpp(292): warning C4245: “=”: 从“”转换到“DWORD”，有符号/无符号不匹配
     1>DIL_CAN.cpp(297): warning C4245: “=”: 从“”转换到“DWORD”，有符号/无符号不匹配
     1>DIL_CAN.cpp(419): warning C4245: “=”: 从“”转换到“DWORD”，有符号/无符号不匹配
         DIL_FLEXRAY.cpp
     1>DIL_FLEXRAY.cpp(42): warning C4245: “初始化”: 从“”转换到“DWORD”，有符号/无符号不匹配
     1>DIL_FLEXRAY.cpp(54): warning C4245: “=”: 从“”转换到“DWORD”，有符号/无符号不匹配
     1>DIL_FLEXRAY.cpp(206): warning C4245: “=”: 从“”转换到“DWORD”，有符号/无符号不匹配
     1>DIL_FLEXRAY.cpp(210): warning C4245: “=”: 从“”转换到“DWORD”，有符号/无符号不匹配
         DIL_Interface.cpp
     1>c:\xdiag\uoncore\busmaster\sources\dil_interface\BaseDIL_J1939.h : warning C4819: 该文件包含不能在当前代码页(936)中表示的字符。请将该文件保存为 Unicode 格式以防止数据丢失
         DIL_Interface_stdafx.cpp
         DILC_Dummy.cpp
     1>DILC_Dummy.cpp(151): warning C4100: “unChannelCount”: 未引用的形参
     1>DILC_Dummy.cpp(151): warning C4100: “bIsHardwareListed”: 未引用的形参
     1>DILC_Dummy.cpp(151): warning C4100: “dwDriverId”: 未引用的形参
         DILI_J1939.cpp
     1>C:\XDiag\uoncore\busmaster\Sources\DIL_J1939/DIL_J1939_Extern.h : warning C4819: 该文件包含不能在当前代码页(936)中表示的字符。请将该文件保存为 Unicode 格式以防止数据丢失
     1>c:\xdiag\uoncore\busmaster\sources\dil_interface\BaseDIL_J1939.h : warning C4819: 该文件包含不能在当前代码页(936)中表示的字符。请将该文件保存为 Unicode 格式以防止数据丢失
         DIL_LIN.cpp
     1>DIL_LIN.cpp(50): warning C4245: “初始化”: 从“”转换到“DWORD”，有符号/无符号不匹配
     1>DIL_LIN.cpp(62): warning C4245: “=”: 从“”转换到“DWORD”，有符号/无符号不匹配
     1>DIL_LIN.cpp(221): warning C4245: “=”: 从“”转换到“DWORD”，有符号/无符号不匹配
     1>DIL_LIN.cpp(265): warning C4245: “=”: 从“”转换到“DWORD”，有符号/无符号不匹配
     1>DIL_LIN.cpp(350): warning C4245: “=”: 从“”转换到“DWORD”，有符号/无符号不匹配
         正在生成代码...
     1>C:\Program Files\MSBuild\Microsoft.Cpp\v4.0\V110\Microsoft.CppBuild.targets(1137,5): warning MSB8012: TargetPath(C:\XDiag\uoncore\busmaster\Sources\DIL_Interface\busmaster_debug\DIL_Interface.dll) does not match the Linker's OutputFile property value (C:\XDiag\uoncore\busmaster\Sources\bin\busmaster_debug\DIL_Interface.dll). This may cause your project to build incorrectly. To correct this, please make sure that $(OutDir), $(TargetName) and $(TargetExt) property values match the value specified in %(Link.OutputFile).
       Link:
         C:\Program Files\Microsoft Visual Studio 11.0\VC\bin\link.exe /ERRORREPORT:PROMPT /OUT:"C:\XDiag\uoncore\busmaster\Sources\/bin/busmaster_debug\DIL_Interface.dll" /INCREMENTAL:NO /NOLOGO /LIBPATH:C:\WinDDK\7600.16385.1\lib\Mfc\i386 /LIBPATH:C:\WinDDK\7600.16385.1\lib\ATL\i386 /MANIFEST /MANIFESTUAC:"level='asInvoker' uiAccess='false'" /manifest:embed /manifestinput:"C:\Program Files\Microsoft Visual Studio 11.0\VC\Include\Manifest\dpiaware.manifest" /DEBUG /PDB:"C:\XDiag\uoncore\busmaster\Sources\/bin/DumpFiles/busmaster_debug\/PDB/DIL_Interface.pdb" /SUBSYSTEM:WINDOWS,"5.01" /STACK:"8000000" /OPT:REF /OPT:ICF /TLBID:1 /DYNAMICBASE:NO /IMPLIB:"C:\XDiag\uoncore\busmaster\Sources\/BIN/Libs/busmaster_debug\DIL_Interface.lib" /MACHINE:X86 /SAFESEH /DLL C:\XDiag\uoncore\busmaster\Sources\/bin/DumpFiles/busmaster_debug\/OBJ/DIL_Interface/ClientBuffer.obj
         C:\XDiag\uoncore\busmaster\Sources\/bin/DumpFiles/busmaster_debug\/OBJ/DIL_Interface/ClientList.obj
         C:\XDiag\uoncore\busmaster\Sources\/bin/DumpFiles/busmaster_debug\/OBJ/DIL_Interface/CommanDIL_Flexray.obj
         C:\XDiag\uoncore\busmaster\Sources\/bin/DumpFiles/busmaster_debug\/OBJ/DIL_Interface/CommanDIL_LIN.obj
         C:\XDiag\uoncore\busmaster\Sources\/bin/DumpFiles/busmaster_debug\/OBJ/DIL_Interface/DILL_Dummy.obj
         C:\XDiag\uoncore\busmaster\Sources\/bin/DumpFiles/busmaster_debug\/OBJ/DIL_Interface/DIL_CAN.obj
         C:\XDiag\uoncore\busmaster\Sources\/bin/DumpFiles/busmaster_debug\/OBJ/DIL_Interface/DIL_FLEXRAY.obj
         C:\XDiag\uoncore\busmaster\Sources\/bin/DumpFiles/busmaster_debug\/OBJ/DIL_Interface/DIL_Interface.obj
         C:\XDiag\uoncore\busmaster\Sources\/bin/DumpFiles/busmaster_debug\/OBJ/DIL_Interface/DIL_Interface_stdafx.obj
         C:\XDiag\uoncore\busmaster\Sources\/bin/DumpFiles/busmaster_debug\/OBJ/DIL_Interface/DILC_Dummy.obj
         C:\XDiag\uoncore\busmaster\Sources\/bin/DumpFiles/busmaster_debug\/OBJ/DIL_Interface/DILI_J1939.obj
         C:\XDiag\uoncore\busmaster\Sources\/bin/DumpFiles/busmaster_debug\/OBJ/DIL_Interface/DIL_LIN.obj
         C:\XDiag\uoncore\busmaster\Sources\BIN\Libs\busmaster_debug\CAN_ICS_neoVI.lib
         C:\XDiag\uoncore\busmaster\Sources\BIN\Libs\busmaster_debug\CAN_Kvaser_CAN.lib
         C:\XDiag\uoncore\busmaster\Sources\BIN\Libs\busmaster_debug\CAN_MHS.lib
         C:\XDiag\uoncore\busmaster\Sources\BIN\Libs\busmaster_debug\CAN_STUB.lib
         C:\XDiag\uoncore\busmaster\Sources\BIN\Libs\busmaster_debug\CAN_Vector_XL.lib
         C:\XDiag\uoncore\busmaster\Sources\BIN\Libs\busmaster_debug\CAN_VSCOM.lib
         C:\XDiag\uoncore\busmaster\Sources\BIN\Libs\busmaster_debug\DIL_J1939.lib
         C:\XDiag\uoncore\busmaster\Sources\BIN\Libs\busmaster_debug\DataTypes.lib
         C:\XDiag\uoncore\busmaster\Sources\BIN\Libs\busmaster_debug\Utils.lib
            正在创建库 C:\XDiag\uoncore\busmaster\Sources\/BIN/Libs/busmaster_debug\DIL_Interface.lib 和对象 C:\XDiag\uoncore\busmaster\Sources\/BIN/Libs/busmaster_debug\DIL_Interface.exp
         DIL_Interface.vcxproj -> C:\XDiag\uoncore\busmaster\Sources\DIL_Interface\busmaster_debug\DIL_Interface.dll
     1>已完成生成项目“C:\XDiag\uoncore\busmaster\Sources\DIL_Interface\DIL_Interface.vcxproj”(Rebuild 个目标)的操作。

生成成功。

已用时间 00:00:19.37
