C:\XDiag\uoncore\busmaster\Sources\BIN\Libs\busmaster_debug\CAN_NSI.lib
C:\XDiag\uoncore\busmaster\Sources\BIN\Libs\busmaster_debug\CAN_NSI.exp
C:\XDIAG\UONCORE\BUSMASTER\SOURCES\BIN\DUMPFILES\BUSMASTER_DEBUG\OBJ\CAN_NSI\MULTILANGUAGE.OBJ
C:\XDIAG\UONCORE\BUSMASTER\SOURCES\BIN\DUMPFILES\BUSMASTER_DEBUG\OBJ\CAN_NSI\HARDWARELISTING.OBJ
C:\XDIAG\UONCORE\BUSMASTER\SOURCES\BIN\DUMPFILES\BUSMASTER_DEBUG\OBJ\CAN_NSI\CHANGEREGISTERS.OBJ
C:\XDIAG\UONCORE\BUSMASTER\SOURCES\BIN\DUMPFILES\BUSMASTER_DEBUG\OBJ\CAN_NSI\CANREGANALYSIS.OBJ
C:\XDIAG\UONCORE\BUSMASTER\SOURCES\BIN\DUMPFILES\BUSMASTER_DEBUG\OBJ\CAN_NSI\CAN_NSI_STDAFX.OBJ
C:\XDIAG\UONCORE\BUSMASTER\SOURCES\BIN\DUMPFILES\BUSMASTER_DEBUG\OBJ\CAN_NSI\CAN_NSI.OBJ
C:\XDIAG\UONCORE\BUSMASTER\SOURCES\BIN\DUMPFILES\BUSMASTER_DEBUG\OBJ\CAN_NSI\ACCEPTANCEFILTERDLG.OBJ
C:\XDIAG\UONCORE\BUSMASTER\SOURCES\CAN_NSI\BUSMASTER_DEBUG\VC110.PDB
C:\XDIAG\UONCORE\BUSMASTER\SOURCES\BIN\BUSMASTER_DEBUG\CAN_NSI.DLL
C:\XDIAG\UONCORE\BUSMASTER\SOURCES\BIN\DUMPFILES\BUSMASTER_DEBUG\PDB\CAN_NSI.PDB
C:\XDIAG\UONCORE\BUSMASTER\SOURCES\CAN_NSI\BUSMASTER_DEBUG\CAN_NSI.RES
C:\XDiag\uoncore\busmaster\Sources\CAN_NSI\busmaster_debug\CAN_NSI.write.1.tlog
C:\XDiag\uoncore\busmaster\Sources\CAN_NSI\busmaster_debug\cl.command.1.tlog
C:\XDiag\uoncore\busmaster\Sources\CAN_NSI\busmaster_debug\CL.read.1.tlog
C:\XDiag\uoncore\busmaster\Sources\CAN_NSI\busmaster_debug\CL.write.1.tlog
C:\XDiag\uoncore\busmaster\Sources\CAN_NSI\busmaster_debug\link-cvtres.read.1.tlog
C:\XDiag\uoncore\busmaster\Sources\CAN_NSI\busmaster_debug\link-cvtres.write.1.tlog
C:\XDiag\uoncore\busmaster\Sources\CAN_NSI\busmaster_debug\link-mt.read.1.tlog
C:\XDiag\uoncore\busmaster\Sources\CAN_NSI\busmaster_debug\link-mt.write.1.tlog
C:\XDiag\uoncore\busmaster\Sources\CAN_NSI\busmaster_debug\link-rc.read.1.tlog
C:\XDiag\uoncore\busmaster\Sources\CAN_NSI\busmaster_debug\link-rc.write.1.tlog
C:\XDiag\uoncore\busmaster\Sources\CAN_NSI\busmaster_debug\link.command.1.tlog
C:\XDiag\uoncore\busmaster\Sources\CAN_NSI\busmaster_debug\link.read.1.tlog
C:\XDiag\uoncore\busmaster\Sources\CAN_NSI\busmaster_debug\link.write.1.tlog
C:\XDiag\uoncore\busmaster\Sources\CAN_NSI\busmaster_debug\rc.command.1.tlog
C:\XDiag\uoncore\busmaster\Sources\CAN_NSI\busmaster_debug\rc.read.1.tlog
C:\XDiag\uoncore\busmaster\Sources\CAN_NSI\busmaster_debug\rc.write.1.tlog
C:\XDiag\uoncore\busmaster\Sources\CAN_NSI\busmaster_debug\CAN_NSI.res
C:\XDiag\uoncore\busmaster\Sources\CAN_NSI\busmaster_debug\vc110.pdb
