C:\XDIAG\UONCORE\BUSMASTER\SOURCES\BIN\DUMPFILES\BUSMASTER_DEBUG\OBJ\REPLAY\UTILITY_REPLAY.OBJ
C:\XDIAG\UONCORE\BUSMASTER\SOURCES\BIN\DUMPFILES\BUSMASTER_DEBUG\OBJ\REPLAY\REPLAYPROCESS.OBJ
C:\XDIAG\UONCORE\BUSMASTER\SOURCES\BIN\DUMPFILES\BUSMASTER_DEBUG\OBJ\REPLAY\REPLAYMANAGER.OBJ
C:\XDIAG\UONCORE\BUSMASTER\SOURCES\BIN\DUMPFILES\BUSMASTER_DEBUG\OBJ\REPLAY\REPLAYFILECONFIGDLG.OBJ
C:\XDIAG\UONCORE\BUSMASTER\SOURCES\BIN\DUMPFILES\BUSMASTER_DEBUG\OBJ\REPLAY\REPLAYFILE.OBJ
C:\XDIAG\UONCORE\BUSMASTER\SOURCES\BIN\DUMPFILES\BUSMASTER_DEBUG\OBJ\REPLAY\REPLAY.OBJ
C:\XDIAG\UONCORE\BUSMASTER\SOURCES\BIN\DUMPFILES\BUSMASTER_DEBUG\OBJ\REPLAY\OWNERDATALISTCTRL.OBJ
C:\XDIAG\UONCORE\BUSMASTER\SOURCES\BIN\DUMPFILES\BUSMASTER_DEBUG\OBJ\REPLAY\MULTILANGUAGE.OBJ
C:\XDIAG\UONCORE\BUSMASTER\SOURCES\BIN\DUMPFILES\BUSMASTER_DEBUG\OBJ\REPLAY\MSGREPLAYWND.OBJ
C:\XDIAG\UONCORE\BUSMASTER\SOURCES\REPLAY\BUSMASTER_DEBUG\VC110.PDB
C:\XDIAG\UONCORE\BUSMASTER\SOURCES\BIN\BUSMASTER_DEBUG\REPLAY.DLL
C:\XDIAG\UONCORE\BUSMASTER\SOURCES\BIN\DUMPFILES\BUSMASTER_DEBUG\PDB\REPLAY.PDB
C:\XDIAG\UONCORE\BUSMASTER\SOURCES\REPLAY\BUSMASTER_DEBUG\REPLAY.RES
C:\XDiag\uoncore\busmaster\Sources\BIN\Libs\busmaster_debug\Replay.lib
C:\XDiag\uoncore\busmaster\Sources\BIN\Libs\busmaster_debug\Replay.exp
C:\XDiag\uoncore\busmaster\Sources\Replay\busmaster_debug\cl.command.1.tlog
C:\XDiag\uoncore\busmaster\Sources\Replay\busmaster_debug\CL.read.1.tlog
C:\XDiag\uoncore\busmaster\Sources\Replay\busmaster_debug\CL.write.1.tlog
C:\XDiag\uoncore\busmaster\Sources\Replay\busmaster_debug\link-cvtres.read.1.tlog
C:\XDiag\uoncore\busmaster\Sources\Replay\busmaster_debug\link-cvtres.write.1.tlog
C:\XDiag\uoncore\busmaster\Sources\Replay\busmaster_debug\link-mt.read.1.tlog
C:\XDiag\uoncore\busmaster\Sources\Replay\busmaster_debug\link-mt.write.1.tlog
C:\XDiag\uoncore\busmaster\Sources\Replay\busmaster_debug\link-rc.read.1.tlog
C:\XDiag\uoncore\busmaster\Sources\Replay\busmaster_debug\link-rc.write.1.tlog
C:\XDiag\uoncore\busmaster\Sources\Replay\busmaster_debug\link.command.1.tlog
C:\XDiag\uoncore\busmaster\Sources\Replay\busmaster_debug\link.read.1.tlog
C:\XDiag\uoncore\busmaster\Sources\Replay\busmaster_debug\link.write.1.tlog
C:\XDiag\uoncore\busmaster\Sources\Replay\busmaster_debug\rc.command.1.tlog
C:\XDiag\uoncore\busmaster\Sources\Replay\busmaster_debug\rc.read.1.tlog
C:\XDiag\uoncore\busmaster\Sources\Replay\busmaster_debug\rc.write.1.tlog
C:\XDiag\uoncore\busmaster\Sources\Replay\busmaster_debug\Replay.write.1.tlog
C:\XDiag\uoncore\busmaster\Sources\Replay\busmaster_debug\Replay.res
C:\XDiag\uoncore\busmaster\Sources\Replay\busmaster_debug\vc110.pdb
