生成启动时间为 2015/11/18 10:44:39。
     1>项目“C:\XDiag\uoncore\busmaster\Sources\Replay\Replay.vcxproj”在节点 3 上(Rebuild 个目标)。
     1>ClCompile:
         C:\Program Files\Microsoft Visual Studio 11.0\VC\bin\CL.exe /c /IC:\XDiag\uoncore\busmaster\Sources\ /IC:\WinDDK\7600.16385.1\inc\mfc42 /IC:\WinDDK\7600.16385.1\inc\atl71 /Zi /nologo /W4 /WX- /Od /Oy- /D WIN32 /D _WINDOWS /D NDEBUG /D _AFXEXT /D WINVER=0x0500 /D _VC80_UPGRADE=0x0710 /D _USING_V110_SDK71_ /D _WINDLL /D _MBCS /D _AFXDLL /Gm- /EHsc /MD /GS /fp:precise /Zc:wchar_t /Zc:forScope /Fo"C:\XDiag\uoncore\busmaster\Sources\/bin/DumpFiles/busmaster_debug\/OBJ/Replay/" /Fd"busmaster_debug\vc110.pdb" /Gd /TP /analyze- /errorReport:prompt /I "C:\XDiag\uoncore\busmaster\Sources\/Localization/include" MsgReplayWnd.cpp ..\Application\MultiLanguage.cpp OwnerDataListCtrl.cpp Replay.cpp ReplayFile.cpp ReplayFileConfigDlg.cpp ReplayManager.cpp ReplayProcess.cpp Utility_Replay.cpp
         MsgReplayWnd.cpp
     1>MsgReplayWnd.cpp(249): warning C4100: “bIsInteractive”: 未引用的形参
     1>MsgReplayWnd.cpp(695): warning C4018: “<”: 有符号/无符号不匹配
     1>MsgReplayWnd.cpp(711): warning C4996: 'strcpy': This function or variable may be unsafe. Consider using strcpy_s instead. To disable deprecation, use _CRT_SECURE_NO_WARNINGS. See online help for details.
                 C:\Program Files\Microsoft Visual Studio 11.0\VC\include\string.h(110) : 参见“strcpy”的声明
         MultiLanguage.cpp
     1>..\Application\MultiLanguage.cpp(190): warning C4996: 'sscanf': This function or variable may be unsafe. Consider using sscanf_s instead. To disable deprecation, use _CRT_SECURE_NO_WARNINGS. See online help for details.
                 C:\Program Files\Microsoft Visual Studio 11.0\VC\include\stdio.h(311) : 参见“sscanf”的声明
         OwnerDataListCtrl.cpp
         Replay.cpp
         ReplayFile.cpp
     1>C:\XDiag\uoncore\busmaster\Sources\DataTypes/Filter_DataTypes.h(858): warning C4244: “=”: 从“unsigned int”转换到“USHORT”，可能丢失数据
                 C:\XDiag\uoncore\busmaster\Sources\DataTypes/Filter_DataTypes.h(855): 编译类 模板 成员函数“int SFILTERAPPLIED<SFRAMEINFO_BASIC_BUS>::nGetFiltersFromName(SFILTERAPPLIED<SFRAMEINFO_BASIC_BUS> &,std::map<_Kty,_Ty> &)”时
                 with
                 [
                     SFRAMEINFO_BASIC_BUS=tagSFRAMEINFO_BASIC_CAN,
                     _Kty=std::string,
                     _Ty=int
                 ]
                 ReplayFile.cpp(530): 参见对正在编译的函数 模板 实例化“int SFILTERAPPLIED<SFRAMEINFO_BASIC_BUS>::nGetFiltersFromName(SFILTERAPPLIED<SFRAMEINFO_BASIC_BUS> &,std::map<_Kty,_Ty> &)”的引用
                 with
                 [
                     SFRAMEINFO_BASIC_BUS=tagSFRAMEINFO_BASIC_CAN,
                     _Kty=std::string,
                     _Ty=int
                 ]
                 c:\xdiag\uoncore\busmaster\sources\replay\ReplayFile.h(59): 参见对正在编译的类 模板 实例化“SFILTERAPPLIED<SFRAMEINFO_BASIC_BUS>”的引用
                 with
                 [
                     SFRAMEINFO_BASIC_BUS=tagSFRAMEINFO_BASIC_CAN
                 ]
     1>C:\XDiag\uoncore\busmaster\Sources\DataTypes/Filter_DataTypes.h(934): warning C4244: “=”: 从“int”转换到“USHORT”，可能丢失数据
                 C:\XDiag\uoncore\busmaster\Sources\DataTypes/Filter_DataTypes.h(918): 编译类 模板 成员函数“int SFILTERAPPLIED<SFRAMEINFO_BASIC_BUS>::nSetXMLConfigData(xmlDocPtr &,ETYPE_BUS)”时
                 with
                 [
                     SFRAMEINFO_BASIC_BUS=tagSFRAMEINFO_BASIC_CAN
                 ]
                 ReplayFile.cpp(528): 参见对正在编译的函数 模板 实例化“int SFILTERAPPLIED<SFRAMEINFO_BASIC_BUS>::nSetXMLConfigData(xmlDocPtr &,ETYPE_BUS)”的引用
                 with
                 [
                     SFRAMEINFO_BASIC_BUS=tagSFRAMEINFO_BASIC_CAN
                 ]
     1>C:\XDiag\uoncore\busmaster\Sources\DataTypes/Filter_DataTypes.h(977): warning C4244: “=”: 从“int”转换到“USHORT”，可能丢失数据
         ReplayFileConfigDlg.cpp
         ReplayManager.cpp
     1>ReplayManager.cpp(225): warning C4101: “nIndex”: 未引用的局部变量
     1>ReplayManager.cpp(359): warning C4018: “<”: 有符号/无符号不匹配
     1>ReplayManager.cpp(374): warning C4018: “<”: 有符号/无符号不匹配
     1>ReplayManager.cpp(797): warning C4239: 使用了非标准扩展:“初始化”: 从“CReplayFile”转换到“CReplayFile &”
                 非常量引用只能绑定到左值
         ReplayProcess.cpp
     1>ReplayProcess.cpp(155): warning C4101: “nIndex”: 未引用的局部变量
     1>ReplayProcess.cpp(876): warning C4800: “BOOL”: 将值强制为布尔值“true”或“false”(性能警告)
     1>ReplayProcess.cpp(1029): warning C4244: “初始化”: 从“std::streamoff”转换到“DWORD”，可能丢失数据
     1>ReplayProcess.cpp(1066): warning C4018: “<=”: 有符号/无符号不匹配
     1>ReplayProcess.cpp(1136): warning C4018: “<=”: 有符号/无符号不匹配
     1>ReplayProcess.cpp(1140): warning C4244: “=”: 从“std::streamoff”转换到“DWORD”，可能丢失数据
         Utility_Replay.cpp
         正在生成代码...
       ResourceCompile:
         C:\Program Files\Microsoft SDKs\Windows\v7.1A\bin\rc.exe /D NDEBUG /D _VC80_UPGRADE=0x0710 /D _USING_V110_SDK71_ /D _AFXDLL /l"0x0409" /Ibusmaster_debug\ /IC:\WinDDK\7600.16385.1\inc\mfc42 /IC:\WinDDK\7600.16385.1\inc\atl71 /nologo /fo"busmaster_debug\Replay.res" Replay.rc 
     1>C:\Program Files\MSBuild\Microsoft.Cpp\v4.0\V110\Microsoft.CppBuild.targets(1137,5): warning MSB8012: TargetPath(C:\XDiag\uoncore\busmaster\Sources\Replay\busmaster_debug\Replay.dll) does not match the Linker's OutputFile property value (C:\XDiag\uoncore\busmaster\Sources\bin\busmaster_debug\Replay.dll). This may cause your project to build incorrectly. To correct this, please make sure that $(OutDir), $(TargetName) and $(TargetExt) property values match the value specified in %(Link.OutputFile).
       Link:
         C:\Program Files\Microsoft Visual Studio 11.0\VC\bin\link.exe /ERRORREPORT:PROMPT /OUT:"C:\XDiag\uoncore\busmaster\Sources\/bin/busmaster_debug\Replay.dll" /INCREMENTAL:NO /NOLOGO /LIBPATH:C:\WinDDK\7600.16385.1\lib\Mfc\i386 /LIBPATH:C:\WinDDK\7600.16385.1\lib\ATL\i386 /DEF:".\Replay.def" /MANIFEST /MANIFESTUAC:"level='asInvoker' uiAccess='false'" /manifest:embed /manifestinput:"C:\Program Files\Microsoft Visual Studio 11.0\VC\Include\Manifest\dpiaware.manifest" /DEBUG /PDB:"C:\XDiag\uoncore\busmaster\Sources\/bin/DumpFiles/busmaster_debug\/PDB/Replay.pdb" /SUBSYSTEM:WINDOWS,"5.01" /STACK:"8000000" /OPT:REF /OPT:ICF /TLBID:1 /DYNAMICBASE:NO /IMPLIB:"C:\XDiag\uoncore\busmaster\Sources\/BIN/Libs/busmaster_debug\Replay.lib" /MACHINE:X86 /SAFESEH "C:\XDiag\uoncore\busmaster\Sources\/BIN/Libs/busmaster_debug\Utils.lib"
         "C:\XDiag\uoncore\busmaster\Sources\/BIN/Libs/busmaster_debug\DataTypes.lib"
         "C:\XDiag\uoncore\busmaster\Sources\/BIN/Libs/busmaster_debug\Filter.lib"
         "C:\XDiag\uoncore\busmaster\Sources\/BIN/Libs/busmaster_debug\DIL_Interface.lib"
         "Winmm.lib"
          /DLL busmaster_debug\Replay.res
         C:\XDiag\uoncore\busmaster\Sources\/bin/DumpFiles/busmaster_debug\/OBJ/Replay/MsgReplayWnd.obj
         C:\XDiag\uoncore\busmaster\Sources\/bin/DumpFiles/busmaster_debug\/OBJ/Replay/MultiLanguage.obj
         C:\XDiag\uoncore\busmaster\Sources\/bin/DumpFiles/busmaster_debug\/OBJ/Replay/OwnerDataListCtrl.obj
         C:\XDiag\uoncore\busmaster\Sources\/bin/DumpFiles/busmaster_debug\/OBJ/Replay/Replay.obj
         C:\XDiag\uoncore\busmaster\Sources\/bin/DumpFiles/busmaster_debug\/OBJ/Replay/ReplayFile.obj
         C:\XDiag\uoncore\busmaster\Sources\/bin/DumpFiles/busmaster_debug\/OBJ/Replay/ReplayFileConfigDlg.obj
         C:\XDiag\uoncore\busmaster\Sources\/bin/DumpFiles/busmaster_debug\/OBJ/Replay/ReplayManager.obj
         C:\XDiag\uoncore\busmaster\Sources\/bin/DumpFiles/busmaster_debug\/OBJ/Replay/ReplayProcess.obj
         C:\XDiag\uoncore\busmaster\Sources\/bin/DumpFiles/busmaster_debug\/OBJ/Replay/Utility_Replay.obj
         C:\XDiag\uoncore\busmaster\Sources\BIN\Libs\busmaster_debug\DataTypes.lib
         C:\XDiag\uoncore\busmaster\Sources\BIN\Libs\busmaster_debug\Utils.lib
         C:\XDiag\uoncore\busmaster\Sources\BIN\Libs\busmaster_debug\DIL_Interface.lib
         C:\XDiag\uoncore\busmaster\Sources\BIN\Libs\busmaster_debug\Filter.lib
            正在创建库 C:\XDiag\uoncore\busmaster\Sources\/BIN/Libs/busmaster_debug\Replay.lib 和对象 C:\XDiag\uoncore\busmaster\Sources\/BIN/Libs/busmaster_debug\Replay.exp
         Replay.vcxproj -> C:\XDiag\uoncore\busmaster\Sources\Replay\busmaster_debug\Replay.dll
     1>已完成生成项目“C:\XDiag\uoncore\busmaster\Sources\Replay\Replay.vcxproj”(Rebuild 个目标)的操作。

生成成功。

已用时间 00:00:15.85
