C:\XDIAG\UONCORE\BUSMASTER\SOURCES\BIN\DUMPFILES\BUSMASTER_DEBUG\OBJ\BUSEMULATION\SIMENG.OBJ
C:\XDIAG\UONCORE\BUSMASTER\SOURCES\BIN\DUMPFILES\BUSMASTER_DEBUG\OBJ\BUSEMULATION\BUSEMULATION.OBJ
C:\XDIAG\UONCORE\BUSMASTER\SOURCES\BUSEMULATION\BUSMASTER_DEBUG\VC110.PDB
C:\XDIAG\UONCORE\BUSMASTER\SOURCES\BIN\DUMPFILES\BUSMASTER_DEBUG\OBJ\BUSEMULATION\BUSEMULATION_I.OBJ
C:\XDIAG\UONCORE\BUSMASTER\SOURCES\BIN\DUMPFILES\BUSMASTER_DEBUG\OBJ\BUSEMULATION\DLLDATA.OBJ
C:\XDIAG\UONCORE\BUSMASTER\SOURCES\BIN\DUMPFILES\BUSMASTER_DEBUG\OBJ\BUSEMULATION\BUSEMULATION_P.OBJ
C:\XDIAG\UONCORE\BUSMASTER\SOURCES\BIN\BUSMASTER_DEBUG\BUSEMULATION.EXE
C:\XDIAG\UONCORE\BUSMASTER\SOURCES\BIN\DUMPFILES\BUSMASTER_DEBUG\PDB\BUSEMULATION.PDB
C:\XDIAG\UONCORE\BUSMASTER\SOURCES\BUSEMULATION\BUSMASTER_DEBUG\BUSEMULATION.TLB
C:\XDIAG\UONCORE\BUSMASTER\SOURCES\BUSEMULATION\BUSEMULATION_P.C
C:\XDIAG\UONCORE\BUSMASTER\SOURCES\BUSEMULATION\BUSEMULATION_I.C
C:\XDIAG\UONCORE\BUSMASTER\SOURCES\BUSEMULATION\BUSEMULATION.H
C:\XDIAG\UONCORE\BUSMASTER\SOURCES\BUSEMULATION\BUSMASTER_DEBUG\BUSEMULATION.RES
C:\XDiag\uoncore\busmaster\Sources\BusEmulation\busmaster_debug\BusEmulation.tlb
C:\XDiag\uoncore\busmaster\Sources\BusEmulation\busmaster_debug\cl.command.1.tlog
C:\XDiag\uoncore\busmaster\Sources\BusEmulation\busmaster_debug\CL.read.1.tlog
C:\XDiag\uoncore\busmaster\Sources\BusEmulation\busmaster_debug\CL.write.1.tlog
C:\XDiag\uoncore\busmaster\Sources\BusEmulation\busmaster_debug\link-cvtres.read.1.tlog
C:\XDiag\uoncore\busmaster\Sources\BusEmulation\busmaster_debug\link-cvtres.write.1.tlog
C:\XDiag\uoncore\busmaster\Sources\BusEmulation\busmaster_debug\link-rc.read.1.tlog
C:\XDiag\uoncore\busmaster\Sources\BusEmulation\busmaster_debug\link-rc.write.1.tlog
C:\XDiag\uoncore\busmaster\Sources\BusEmulation\busmaster_debug\link.command.1.tlog
C:\XDiag\uoncore\busmaster\Sources\BusEmulation\busmaster_debug\link.read.1.tlog
C:\XDiag\uoncore\busmaster\Sources\BusEmulation\busmaster_debug\link.write.1.tlog
C:\XDiag\uoncore\busmaster\Sources\BusEmulation\busmaster_debug\midl-midlc-cl.read.1.tlog
C:\XDiag\uoncore\busmaster\Sources\BusEmulation\busmaster_debug\midl-midlc-cl.write.1.tlog
C:\XDiag\uoncore\busmaster\Sources\BusEmulation\busmaster_debug\midl-midlc.read.1.tlog
C:\XDiag\uoncore\busmaster\Sources\BusEmulation\busmaster_debug\midl-midlc.write.1.tlog
C:\XDiag\uoncore\busmaster\Sources\BusEmulation\busmaster_debug\midl.command.1.tlog
C:\XDiag\uoncore\busmaster\Sources\BusEmulation\busmaster_debug\midl.read.1.tlog
C:\XDiag\uoncore\busmaster\Sources\BusEmulation\busmaster_debug\midl.write.1.tlog
C:\XDiag\uoncore\busmaster\Sources\BusEmulation\busmaster_debug\rc.command.1.tlog
C:\XDiag\uoncore\busmaster\Sources\BusEmulation\busmaster_debug\rc.read.1.tlog
C:\XDiag\uoncore\busmaster\Sources\BusEmulation\busmaster_debug\rc.write.1.tlog
C:\XDiag\uoncore\busmaster\Sources\BusEmulation\busmaster_debug\BusEmulation.res
C:\XDiag\uoncore\busmaster\Sources\BusEmulation\busmaster_debug\vc110.pdb
