C:\XDIAG\UONCORE\BUSMASTER\SOURCES\BIN\DUMPFILES\BUSMASTER_DEBUG\OBJ\TXWINDOW\CMSGSIGNALTEMP.OBJ
C:\XDIAG\UONCORE\BUSMASTER\SOURCES\TXWINDOW\BUSMASTER_DEBUG\VC110.PDB
C:\XDIAG\UONCORE\BUSMASTER\SOURCES\BIN\DUMPFILES\BUSMASTER_DEBUG\OBJ\TXWINDOW\TXWNDDATASTORE.OBJ
C:\XDIAG\UONCORE\BUSMASTER\SOURCES\BIN\DUMPFILES\BUSMASTER_DEBUG\OBJ\TXWINDOW\TXWINDOW.OBJ
C:\XDIAG\UONCORE\BUSMASTER\SOURCES\BIN\DUMPFILES\BUSMASTER_DEBUG\OBJ\TXWINDOW\TXMSGMANAGER.OBJ
C:\XDIAG\UONCORE\BUSMASTER\SOURCES\BIN\DUMPFILES\BUSMASTER_DEBUG\OBJ\TXWINDOW\TXMSGLISTVIEW.OBJ
C:\XDIAG\UONCORE\BUSMASTER\SOURCES\BIN\DUMPFILES\BUSMASTER_DEBUG\OBJ\TXWINDOW\TXMSGDETAILSVIEW.OBJ
C:\XDIAG\UONCORE\BUSMASTER\SOURCES\BIN\DUMPFILES\BUSMASTER_DEBUG\OBJ\TXWINDOW\TXMSGCHILDFRAME.OBJ
C:\XDIAG\UONCORE\BUSMASTER\SOURCES\BIN\DUMPFILES\BUSMASTER_DEBUG\OBJ\TXWINDOW\TXMSGBLOCKSVIEW.OBJ
C:\XDIAG\UONCORE\BUSMASTER\SOURCES\BIN\DUMPFILES\BUSMASTER_DEBUG\OBJ\TXWINDOW\TXFUNCTIONSVIEW.OBJ
C:\XDIAG\UONCORE\BUSMASTER\SOURCES\BIN\DUMPFILES\BUSMASTER_DEBUG\OBJ\TXWINDOW\TXFLAGS.OBJ
C:\XDIAG\UONCORE\BUSMASTER\SOURCES\BIN\DUMPFILES\BUSMASTER_DEBUG\OBJ\TXWINDOW\TX_MDICHILDBASE.OBJ
C:\XDIAG\UONCORE\BUSMASTER\SOURCES\BIN\DUMPFILES\BUSMASTER_DEBUG\OBJ\TXWINDOW\SIGNALDETAILSDLG.OBJ
C:\XDIAG\UONCORE\BUSMASTER\SOURCES\BIN\DUMPFILES\BUSMASTER_DEBUG\OBJ\TXWINDOW\MULTILANGUAGE.OBJ
C:\XDIAG\UONCORE\BUSMASTER\SOURCES\BIN\DUMPFILES\BUSMASTER_DEBUG\OBJ\TXWINDOW\FLEXLISTCTRL.OBJ
C:\XDIAG\UONCORE\BUSMASTER\SOURCES\BIN\BUSMASTER_DEBUG\TXWINDOW.DLL
C:\XDIAG\UONCORE\BUSMASTER\SOURCES\BIN\DUMPFILES\BUSMASTER_DEBUG\PDB\TXWINDOW.PDB
C:\XDIAG\UONCORE\BUSMASTER\SOURCES\TXWINDOW\BUSMASTER_DEBUG\TXWINDOW.RES
C:\XDiag\uoncore\busmaster\Sources\BIN\Libs\busmaster_debug\TXWindow.lib
C:\XDiag\uoncore\busmaster\Sources\BIN\Libs\busmaster_debug\TXWindow.exp
C:\XDiag\uoncore\busmaster\Sources\TXWindow\busmaster_debug\cl.command.1.tlog
C:\XDiag\uoncore\busmaster\Sources\TXWindow\busmaster_debug\CL.read.1.tlog
C:\XDiag\uoncore\busmaster\Sources\TXWindow\busmaster_debug\CL.write.1.tlog
C:\XDiag\uoncore\busmaster\Sources\TXWindow\busmaster_debug\link-cvtres.read.1.tlog
C:\XDiag\uoncore\busmaster\Sources\TXWindow\busmaster_debug\link-cvtres.write.1.tlog
C:\XDiag\uoncore\busmaster\Sources\TXWindow\busmaster_debug\link-mt.read.1.tlog
C:\XDiag\uoncore\busmaster\Sources\TXWindow\busmaster_debug\link-mt.write.1.tlog
C:\XDiag\uoncore\busmaster\Sources\TXWindow\busmaster_debug\link-rc.read.1.tlog
C:\XDiag\uoncore\busmaster\Sources\TXWindow\busmaster_debug\link-rc.write.1.tlog
C:\XDiag\uoncore\busmaster\Sources\TXWindow\busmaster_debug\link.command.1.tlog
C:\XDiag\uoncore\busmaster\Sources\TXWindow\busmaster_debug\link.read.1.tlog
C:\XDiag\uoncore\busmaster\Sources\TXWindow\busmaster_debug\link.write.1.tlog
C:\XDiag\uoncore\busmaster\Sources\TXWindow\busmaster_debug\rc.command.1.tlog
C:\XDiag\uoncore\busmaster\Sources\TXWindow\busmaster_debug\rc.read.1.tlog
C:\XDiag\uoncore\busmaster\Sources\TXWindow\busmaster_debug\rc.write.1.tlog
C:\XDiag\uoncore\busmaster\Sources\TXWindow\busmaster_debug\TXWindow.write.1.tlog
C:\XDiag\uoncore\busmaster\Sources\TXWindow\busmaster_debug\TXWindow.res
C:\XDiag\uoncore\busmaster\Sources\TXWindow\busmaster_debug\vc110.pdb
