C:\XDIAG\UONCORE\BUSMASTER\SOURCES\BIN\DUMPFILES\BUSMASTER_DEBUG\OBJ\LIN_ISOLAR_EVE_VLIN\SOCKETUDP.OBJ
C:\XDIAG\UONCORE\BUSMASTER\SOURCES\BIN\DUMPFILES\BUSMASTER_DEBUG\OBJ\LIN_ISOLAR_EVE_VLIN\LIN_ISOLAR_EVE_VLIN_STDAFX.OBJ
C:\XDIAG\UONCORE\BUSMASTER\SOURCES\BIN\DUMPFILES\BUSMASTER_DEBUG\OBJ\LIN_ISOLAR_EVE_VLIN\LIN_ISOLAR_EVE_VLIN.OBJ
C:\XDIAG\UONCORE\BUSMASTER\SOURCES\BIN\DUMPFILES\BUSMASTER_DEBUG\OBJ\LIN_ISOLAR_EVE_VLIN\HARDWARELISTING.OBJ
C:\XDIAG\UONCORE\BUSMASTER\SOURCES\BIN\DUMPFILES\BUSMASTER_DEBUG\OBJ\LIN_ISOLAR_EVE_VLIN\EVE_LIN_CONTROLLER.OBJ
C:\XDIAG\UONCORE\BUSMASTER\SOURCES\LIN_ISOLAR_EVE_VLIN\BUSMASTER_DEBUG\VC110.PDB
C:\XDIAG\UONCORE\BUSMASTER\SOURCES\BIN\BUSMASTER_DEBUG\LIN_ISOLAR_EVE_VLIN.DLL
C:\XDIAG\UONCORE\BUSMASTER\SOURCES\BIN\DUMPFILES\BUSMASTER_DEBUG\PDB\LIN_ISOLAR_EVE_VLIN.PDB
C:\XDiag\uoncore\busmaster\Sources\LIN_ISOLAR_EVE_VLIN\busmaster_debug\LIN_ISOLAR_EVE_VLIN.lib
C:\XDiag\uoncore\busmaster\Sources\LIN_ISOLAR_EVE_VLIN\busmaster_debug\LIN_ISOLAR_EVE_VLIN.exp
C:\XDIAG\UONCORE\BUSMASTER\SOURCES\LIN_ISOLAR_EVE_VLIN\BUSMASTER_DEBUG\LIN_ISOLAR_EVE_VLIN.RES
C:\XDiag\uoncore\busmaster\Sources\LIN_ISOLAR_EVE_VLIN\busmaster_debug\cl.command.1.tlog
C:\XDiag\uoncore\busmaster\Sources\LIN_ISOLAR_EVE_VLIN\busmaster_debug\CL.read.1.tlog
C:\XDiag\uoncore\busmaster\Sources\LIN_ISOLAR_EVE_VLIN\busmaster_debug\CL.write.1.tlog
C:\XDiag\uoncore\busmaster\Sources\LIN_ISOLAR_EVE_VLIN\busmaster_debug\link-cvtres.read.1.tlog
C:\XDiag\uoncore\busmaster\Sources\LIN_ISOLAR_EVE_VLIN\busmaster_debug\link-cvtres.write.1.tlog
C:\XDiag\uoncore\busmaster\Sources\LIN_ISOLAR_EVE_VLIN\busmaster_debug\link-mt.read.1.tlog
C:\XDiag\uoncore\busmaster\Sources\LIN_ISOLAR_EVE_VLIN\busmaster_debug\link-mt.write.1.tlog
C:\XDiag\uoncore\busmaster\Sources\LIN_ISOLAR_EVE_VLIN\busmaster_debug\link-rc.read.1.tlog
C:\XDiag\uoncore\busmaster\Sources\LIN_ISOLAR_EVE_VLIN\busmaster_debug\link-rc.write.1.tlog
C:\XDiag\uoncore\busmaster\Sources\LIN_ISOLAR_EVE_VLIN\busmaster_debug\link.command.1.tlog
C:\XDiag\uoncore\busmaster\Sources\LIN_ISOLAR_EVE_VLIN\busmaster_debug\link.read.1.tlog
C:\XDiag\uoncore\busmaster\Sources\LIN_ISOLAR_EVE_VLIN\busmaster_debug\link.write.1.tlog
C:\XDiag\uoncore\busmaster\Sources\LIN_ISOLAR_EVE_VLIN\busmaster_debug\LIN_ISOLAR_EVE_VLIN.write.1.tlog
C:\XDiag\uoncore\busmaster\Sources\LIN_ISOLAR_EVE_VLIN\busmaster_debug\rc.command.1.tlog
C:\XDiag\uoncore\busmaster\Sources\LIN_ISOLAR_EVE_VLIN\busmaster_debug\rc.read.1.tlog
C:\XDiag\uoncore\busmaster\Sources\LIN_ISOLAR_EVE_VLIN\busmaster_debug\rc.write.1.tlog
C:\XDiag\uoncore\busmaster\Sources\LIN_ISOLAR_EVE_VLIN\busmaster_debug\LIN_ISOLAR_EVE_VLIN.res
C:\XDiag\uoncore\busmaster\Sources\LIN_ISOLAR_EVE_VLIN\busmaster_debug\vc110.pdb
