C:\XDIAG\UONCORE\BUSMASTER\SOURCES\BIN\DUMPFILES\BUSMASTER_DEBUG\OBJ\UDS_PROTOCOL\UDSSETTINGSWND.OBJ
C:\XDIAG\UONCORE\BUSMASTER\SOURCES\BIN\DUMPFILES\BUSMASTER_DEBUG\OBJ\UDS_PROTOCOL\UDSMAINWND.OBJ
C:\XDIAG\UONCORE\BUSMASTER\SOURCES\BIN\DUMPFILES\BUSMASTER_DEBUG\OBJ\UDS_PROTOCOL\UDS_TIMMINGWND.OBJ
C:\XDIAG\UONCORE\BUSMASTER\SOURCES\BIN\DUMPFILES\BUSMASTER_DEBUG\OBJ\UDS_PROTOCOL\UDS_PROTOCOL.OBJ
C:\XDIAG\UONCORE\BUSMASTER\SOURCES\BIN\DUMPFILES\BUSMASTER_DEBUG\OBJ\UDS_PROTOCOL\UDS_NEGRESPMNG.OBJ
C:\XDIAG\UONCORE\BUSMASTER\SOURCES\BIN\DUMPFILES\BUSMASTER_DEBUG\OBJ\UDS_PROTOCOL\STDAFX.OBJ
C:\XDIAG\UONCORE\BUSMASTER\SOURCES\UDS_PROTOCOL\BUSMASTER_DEBUG\VC110.PDB
C:\XDIAG\UONCORE\BUSMASTER\SOURCES\BIN\BUSMASTER_DEBUG\UDS_PROTOCOL.DLL
C:\XDIAG\UONCORE\BUSMASTER\SOURCES\BIN\DUMPFILES\BUSMASTER_DEBUG\PDB\UDS_PROTOCOL.PDB
C:\XDIAG\UONCORE\BUSMASTER\SOURCES\UDS_PROTOCOL\BUSMASTER_DEBUG\UDS.RES
C:\XDiag\uoncore\busmaster\Sources\BIN\Libs\busmaster_debug\UDS_Protocol.lib
C:\XDiag\uoncore\busmaster\Sources\BIN\Libs\busmaster_debug\UDS_Protocol.exp
C:\XDiag\uoncore\busmaster\Sources\UDS_Protocol\busmaster_debug\cl.command.1.tlog
C:\XDiag\uoncore\busmaster\Sources\UDS_Protocol\busmaster_debug\CL.read.1.tlog
C:\XDiag\uoncore\busmaster\Sources\UDS_Protocol\busmaster_debug\CL.write.1.tlog
C:\XDiag\uoncore\busmaster\Sources\UDS_Protocol\busmaster_debug\link-cvtres.read.1.tlog
C:\XDiag\uoncore\busmaster\Sources\UDS_Protocol\busmaster_debug\link-cvtres.write.1.tlog
C:\XDiag\uoncore\busmaster\Sources\UDS_Protocol\busmaster_debug\link-mt.read.1.tlog
C:\XDiag\uoncore\busmaster\Sources\UDS_Protocol\busmaster_debug\link-mt.write.1.tlog
C:\XDiag\uoncore\busmaster\Sources\UDS_Protocol\busmaster_debug\link-rc.read.1.tlog
C:\XDiag\uoncore\busmaster\Sources\UDS_Protocol\busmaster_debug\link-rc.write.1.tlog
C:\XDiag\uoncore\busmaster\Sources\UDS_Protocol\busmaster_debug\link.command.1.tlog
C:\XDiag\uoncore\busmaster\Sources\UDS_Protocol\busmaster_debug\link.read.1.tlog
C:\XDiag\uoncore\busmaster\Sources\UDS_Protocol\busmaster_debug\link.write.1.tlog
C:\XDiag\uoncore\busmaster\Sources\UDS_Protocol\busmaster_debug\rc.command.1.tlog
C:\XDiag\uoncore\busmaster\Sources\UDS_Protocol\busmaster_debug\rc.read.1.tlog
C:\XDiag\uoncore\busmaster\Sources\UDS_Protocol\busmaster_debug\rc.write.1.tlog
C:\XDiag\uoncore\busmaster\Sources\UDS_Protocol\busmaster_debug\UDS_Protocol.write.1.tlog
C:\XDiag\uoncore\busmaster\Sources\UDS_Protocol\busmaster_debug\uds.res
C:\XDiag\uoncore\busmaster\Sources\UDS_Protocol\busmaster_debug\vc110.pdb
