生成启动时间为 2015/11/18 10:44:21。
     1>项目“C:\XDiag\uoncore\busmaster\Sources\UDS_Protocol\UDS_Protocol.vcxproj”在节点 2 上(Rebuild 个目标)。
     1>ClCompile:
         C:\Program Files\Microsoft Visual Studio 11.0\VC\bin\CL.exe /c /IC:\XDiag\uoncore\busmaster\Sources\ /IC:\WinDDK\7600.16385.1\inc\mfc42 /IC:\WinDDK\7600.16385.1\inc\atl71 /I..\EXTERNAL\libxml2\include /I..\EXTERNAL\iconv\include /I..\Include /Zi /nologo /W3 /WX- /Od /Oy- /D WIN32 /D _WINDOWS /D NDEBUG /D _AFXEXT /D WINVER=0x0500 /D _VC80_UPGRADE=0x0710 /D _USING_V110_SDK71_ /D _WINDLL /D _MBCS /D _AFXDLL /Gm- /EHsc /MD /GS /Gy- /fp:precise /Zc:wchar_t /Zc:forScope /Fo"C:\XDiag\uoncore\busmaster\Sources\/bin/DumpFiles/busmaster_debug\/OBJ/UDS_Protocol/" /Fd"busmaster_debug\vc110.pdb" /Gd /TP /analyze- /errorReport:prompt /I "C:\XDiag\uoncore\busmaster\Sources\/Localization/include" stdafx.cpp UDS_NegRespMng.cpp UDS_Protocol.cpp UDS_TimmingWnd.cpp UDSMainWnd.cpp UDSSettingsWnd.cpp
         stdafx.cpp
         UDS_NegRespMng.cpp
         UDS_Protocol.cpp
     1>UDS_Protocol.cpp(198): warning C4996: 'sprintf': This function or variable may be unsafe. Consider using sprintf_s instead. To disable deprecation, use _CRT_SECURE_NO_WARNINGS. See online help for details.
                 C:\Program Files\Microsoft Visual Studio 11.0\VC\include\stdio.h(357) : 参见“sprintf”的声明
     1>UDS_Protocol.cpp(251): warning C4244: “=”: 从“__int64”转换到“UINT”，可能丢失数据
     1>UDS_Protocol.cpp(252): warning C4244: “=”: 从“__int64”转换到“UINT”，可能丢失数据
     1>UDS_Protocol.cpp(276): warning C4804: “<=”: 在操作中使用类型“bool”不安全
     1>UDS_Protocol.cpp(278): warning C4244: “=”: 从“double”转换到“int”，可能丢失数据
     1>UDS_Protocol.cpp(362): warning C4244: “参数”: 从“float”转换到“__int64”，可能丢失数据
     1>UDS_Protocol.cpp(388): warning C4244: “=”: 从“int”转换到“float”，可能丢失数据
     1>UDS_Protocol.cpp(476): warning C4244: “=”: 从“__int64”转换到“UINT”，可能丢失数据
     1>UDS_Protocol.cpp(477): warning C4244: “=”: 从“__int64”转换到“UINT”，可能丢失数据
         UDS_TimmingWnd.cpp
         UDSMainWnd.cpp
     1>UDSMainWnd.cpp(193): warning C4018: “<”: 有符号/无符号不匹配
     1>UDSMainWnd.cpp(236): warning C4018: “<”: 有符号/无符号不匹配
     1>UDSMainWnd.cpp(812): warning C4244: “=”: 从“__int64”转换到“UINT”，可能丢失数据
     1>UDSMainWnd.cpp(837): warning C4244: “=”: 从“__int64”转换到“UINT”，可能丢失数据
         UDSSettingsWnd.cpp
     1>UDSSettingsWnd.cpp : warning C4819: 该文件包含不能在当前代码页(936)中表示的字符。请将该文件保存为 Unicode 格式以防止数据丢失
     1>UDSSettingsWnd.cpp(198): warning C4244: “=”: 从“__int64”转换到“int”，可能丢失数据
     1>UDSSettingsWnd.cpp(261): warning C4244: “=”: 从“__int64”转换到“int”，可能丢失数据
     1>UDSSettingsWnd.cpp(275): warning C4244: “=”: 从“__int64”转换到“int”，可能丢失数据
     1>UDSSettingsWnd.cpp(283): warning C4244: “=”: 从“__int64”转换到“int”，可能丢失数据
     1>UDSSettingsWnd.cpp(299): warning C4244: “=”: 从“__int64”转换到“int”，可能丢失数据
     1>UDSSettingsWnd.cpp(315): warning C4244: “=”: 从“__int64”转换到“int”，可能丢失数据
     1>UDSSettingsWnd.cpp(586): warning C4244: “=”: 从“__int64”转换到“long”，可能丢失数据
     1>UDSSettingsWnd.cpp(587): warning C4244: “=”: 从“__int64”转换到“long”，可能丢失数据
     1>UDSSettingsWnd.cpp(645): warning C4244: “=”: 从“__int64”转换到“long”，可能丢失数据
     1>UDSSettingsWnd.cpp(646): warning C4244: “=”: 从“__int64”转换到“long”，可能丢失数据
     1>UDSSettingsWnd.cpp(679): warning C4244: “=”: 从“__int64”转换到“long”，可能丢失数据
     1>UDSSettingsWnd.cpp(680): warning C4244: “=”: 从“__int64”转换到“long”，可能丢失数据
     1>UDSSettingsWnd.cpp(716): warning C4244: “=”: 从“__int64”转换到“long”，可能丢失数据
     1>UDSSettingsWnd.cpp(717): warning C4244: “=”: 从“__int64”转换到“long”，可能丢失数据
     1>UDSSettingsWnd.cpp(752): warning C4800: “int”: 将值强制为布尔值“true”或“false”(性能警告)
     1>UDSSettingsWnd.cpp(753): warning C4800: “int”: 将值强制为布尔值“true”或“false”(性能警告)
     1>UDSSettingsWnd.cpp(772): warning C4819: 该文件包含不能在当前代码页(936)中表示的字符。请将该文件保存为 Unicode 格式以防止数据丢失
     1>UDSSettingsWnd.cpp(946): warning C4800: “int”: 将值强制为布尔值“true”或“false”(性能警告)
         正在生成代码...
       ResourceCompile:
         C:\Program Files\Microsoft SDKs\Windows\v7.1A\bin\rc.exe /D NDEBUG /D _VC80_UPGRADE=0x0710 /D _USING_V110_SDK71_ /D _AFXDLL /l"0x0409" /Ibusmaster_debug\ /IC:\WinDDK\7600.16385.1\inc\mfc42 /IC:\WinDDK\7600.16385.1\inc\atl71 /nologo /fo"busmaster_debug\uds.res" uds.rc 
     1>C:\Program Files\MSBuild\Microsoft.Cpp\v4.0\V110\Microsoft.CppBuild.targets(1137,5): warning MSB8012: TargetPath(C:\XDiag\uoncore\busmaster\Sources\UDS_Protocol\busmaster_debug\UDS_Protocol.dll) does not match the Linker's OutputFile property value (C:\XDiag\uoncore\busmaster\Sources\BIN\busmaster_debug\UDS_Protocol.dll). This may cause your project to build incorrectly. To correct this, please make sure that $(OutDir), $(TargetName) and $(TargetExt) property values match the value specified in %(Link.OutputFile).
       Link:
         C:\Program Files\Microsoft Visual Studio 11.0\VC\bin\link.exe /ERRORREPORT:PROMPT /OUT:"C:\XDiag\uoncore\busmaster\Sources\/BIN/busmaster_debug\UDS_Protocol.dll" /INCREMENTAL:NO /NOLOGO /LIBPATH:C:\WinDDK\7600.16385.1\lib\Mfc\i386 /LIBPATH:C:\WinDDK\7600.16385.1\lib\ATL\i386 Winmm.lib /MANIFEST /MANIFESTUAC:"level='asInvoker' uiAccess='false'" /manifest:embed /manifestinput:"C:\Program Files\Microsoft Visual Studio 11.0\VC\Include\Manifest\dpiaware.manifest" /DEBUG /PDB:"C:\XDiag\uoncore\busmaster\Sources\/bin/DumpFiles/busmaster_debug\/PDB/UDS_Protocol.pdb" /SUBSYSTEM:WINDOWS,"5.01" /OPT:REF /OPT:ICF /TLBID:1 /DYNAMICBASE:NO /IMPLIB:"C:\XDiag\uoncore\busmaster\Sources\/BIN/Libs/busmaster_debug\UDS_Protocol.lib" /MACHINE:X86 /SAFESEH "C:\XDiag\uoncore\busmaster\Sources\/BIN/Libs/busmaster_debug\/DIL_Interface.lib"
         "C:\XDiag\uoncore\busmaster\Sources\/BIN/Libs/busmaster_debug\/Utils.lib"
         "C:\XDiag\uoncore\busmaster\Sources\/BIN/Libs/busmaster_debug\/DataTypes.lib" /DLL busmaster_debug\uds.res
         C:\XDiag\uoncore\busmaster\Sources\/bin/DumpFiles/busmaster_debug\/OBJ/UDS_Protocol/stdafx.obj
         C:\XDiag\uoncore\busmaster\Sources\/bin/DumpFiles/busmaster_debug\/OBJ/UDS_Protocol/UDS_NegRespMng.obj
         C:\XDiag\uoncore\busmaster\Sources\/bin/DumpFiles/busmaster_debug\/OBJ/UDS_Protocol/UDS_Protocol.obj
         C:\XDiag\uoncore\busmaster\Sources\/bin/DumpFiles/busmaster_debug\/OBJ/UDS_Protocol/UDS_TimmingWnd.obj
         C:\XDiag\uoncore\busmaster\Sources\/bin/DumpFiles/busmaster_debug\/OBJ/UDS_Protocol/UDSMainWnd.obj
         C:\XDiag\uoncore\busmaster\Sources\/bin/DumpFiles/busmaster_debug\/OBJ/UDS_Protocol/UDSSettingsWnd.obj
            正在创建库 C:\XDiag\uoncore\busmaster\Sources\/BIN/Libs/busmaster_debug\UDS_Protocol.lib 和对象 C:\XDiag\uoncore\busmaster\Sources\/BIN/Libs/busmaster_debug\UDS_Protocol.exp
         UDS_Protocol.vcxproj -> C:\XDiag\uoncore\busmaster\Sources\UDS_Protocol\busmaster_debug\UDS_Protocol.dll
     1>已完成生成项目“C:\XDiag\uoncore\busmaster\Sources\UDS_Protocol\UDS_Protocol.vcxproj”(Rebuild 个目标)的操作。

生成成功。

已用时间 00:00:06.49
