C:\XDIAG\UONCORE\BUSMASTER\SOURCES\BIN\DUMPFILES\BUSMASTER_DEBUG\OBJ\SIGNALWATCH\SIGWATCHDLG.OBJ
C:\XDIAG\UONCORE\BUSMASTER\SOURCES\BIN\DUMPFILES\BUSMASTER_DEBUG\OBJ\SIGNALWATCH\SIGWATCHADDDELDLG.OBJ
C:\XDIAG\UONCORE\BUSMASTER\SOURCES\BIN\DUMPFILES\BUSMASTER_DEBUG\OBJ\SIGNALWATCH\SIGNALWATCH_LIN.OBJ
C:\XDIAG\UONCORE\BUSMASTER\SOURCES\BIN\DUMPFILES\BUSMASTER_DEBUG\OBJ\SIGNALWATCH\MSGSIGNALSELECT.OBJ
C:\XDIAG\UONCORE\BUSMASTER\SOURCES\BIN\DUMPFILES\BUSMASTER_DEBUG\OBJ\SIGNALWATCH\SIGNALWATCHLISTBOX.OBJ
C:\XDIAG\UONCORE\BUSMASTER\SOURCES\BIN\DUMPFILES\BUSMASTER_DEBUG\OBJ\SIGNALWATCH\SIGNALWATCH_J1939.OBJ
C:\XDIAG\UONCORE\BUSMASTER\SOURCES\BIN\DUMPFILES\BUSMASTER_DEBUG\OBJ\SIGNALWATCH\SIGNALWATCH_CAN.OBJ
C:\XDIAG\UONCORE\BUSMASTER\SOURCES\BIN\DUMPFILES\BUSMASTER_DEBUG\OBJ\SIGNALWATCH\SIGNALWATCH.OBJ
C:\XDIAG\UONCORE\BUSMASTER\SOURCES\BIN\DUMPFILES\BUSMASTER_DEBUG\OBJ\SIGNALWATCH\CHECKBOXTREE.OBJ
C:\XDIAG\UONCORE\BUSMASTER\SOURCES\BIN\DUMPFILES\BUSMASTER_DEBUG\OBJ\SIGNALWATCH\MULTILANGUAGE.OBJ
C:\XDIAG\UONCORE\BUSMASTER\SOURCES\SIGNALWATCH\BUSMASTER_DEBUG\VC110.PDB
C:\XDIAG\UONCORE\BUSMASTER\SOURCES\BIN\BUSMASTER_DEBUG\SIGNALWATCH.DLL
C:\XDIAG\UONCORE\BUSMASTER\SOURCES\BIN\DUMPFILES\BUSMASTER_DEBUG\PDB\SIGNALWATCH.PDB
C:\XDIAG\UONCORE\BUSMASTER\SOURCES\SIGNALWATCH\BUSMASTER_DEBUG\SIGNALWATCH.RES
C:\XDiag\uoncore\busmaster\Sources\BIN\Libs\busmaster_debug\SignalWatch.lib
C:\XDiag\uoncore\busmaster\Sources\BIN\Libs\busmaster_debug\SignalWatch.exp
C:\XDiag\uoncore\busmaster\Sources\SignalWatch\busmaster_debug\cl.command.1.tlog
C:\XDiag\uoncore\busmaster\Sources\SignalWatch\busmaster_debug\CL.read.1.tlog
C:\XDiag\uoncore\busmaster\Sources\SignalWatch\busmaster_debug\CL.write.1.tlog
C:\XDiag\uoncore\busmaster\Sources\SignalWatch\busmaster_debug\link-cvtres.read.1.tlog
C:\XDiag\uoncore\busmaster\Sources\SignalWatch\busmaster_debug\link-cvtres.write.1.tlog
C:\XDiag\uoncore\busmaster\Sources\SignalWatch\busmaster_debug\link-mt.read.1.tlog
C:\XDiag\uoncore\busmaster\Sources\SignalWatch\busmaster_debug\link-mt.write.1.tlog
C:\XDiag\uoncore\busmaster\Sources\SignalWatch\busmaster_debug\link-rc.read.1.tlog
C:\XDiag\uoncore\busmaster\Sources\SignalWatch\busmaster_debug\link-rc.write.1.tlog
C:\XDiag\uoncore\busmaster\Sources\SignalWatch\busmaster_debug\link.command.1.tlog
C:\XDiag\uoncore\busmaster\Sources\SignalWatch\busmaster_debug\link.read.1.tlog
C:\XDiag\uoncore\busmaster\Sources\SignalWatch\busmaster_debug\link.write.1.tlog
C:\XDiag\uoncore\busmaster\Sources\SignalWatch\busmaster_debug\rc.command.1.tlog
C:\XDiag\uoncore\busmaster\Sources\SignalWatch\busmaster_debug\rc.read.1.tlog
C:\XDiag\uoncore\busmaster\Sources\SignalWatch\busmaster_debug\rc.write.1.tlog
C:\XDiag\uoncore\busmaster\Sources\SignalWatch\busmaster_debug\SignalWatch.write.1.tlog
C:\XDiag\uoncore\busmaster\Sources\SignalWatch\busmaster_debug\SignalWatch.res
C:\XDiag\uoncore\busmaster\Sources\SignalWatch\busmaster_debug\vc110.pdb
