生成启动时间为 2015/11/18 10:44:56。
     1>项目“C:\XDiag\uoncore\busmaster\Sources\SignalWatch\SignalWatch.vcxproj”在节点 2 上(Rebuild 个目标)。
     1>ClCompile:
         C:\Program Files\Microsoft Visual Studio 11.0\VC\bin\CL.exe /c /IC:\XDiag\uoncore\busmaster\Sources\ /IC:\WinDDK\7600.16385.1\inc\mfc42 /IC:\WinDDK\7600.16385.1\inc\atl71 /Zi /nologo /W4 /WX- /Od /Oy- /D WIN32 /D _WINDOWS /D NDEBUG /D _USRDLL /D WINVER=0x0500 /D _VC80_UPGRADE=0x0710 /D _USING_V110_SDK71_ /D _WINDLL /D _MBCS /D _AFXDLL /Gm- /EHsc /MD /GS /fp:precise /Zc:wchar_t /Zc:forScope /Fo"C:\XDiag\uoncore\busmaster\Sources\/bin/DumpFiles/busmaster_debug\/OBJ/SignalWatch/" /Fd"busmaster_debug\vc110.pdb" /Gd /TP /analyze- /errorReport:prompt /I "C:\XDiag\uoncore\busmaster\Sources\/Localization/include" ..\Application\MultiLanguage.cpp CheckBoxTree.cpp SignalWatch.cpp SignalWatch_CAN.cpp SignalWatch_J1939.cpp SignalWatchListBox.cpp MsgSignalSelect.cpp SignalWatch_LIN.cpp SigWatchAddDelDlg.cpp SigWatchDlg.cpp
         MultiLanguage.cpp
     1>..\Application\MultiLanguage.cpp(190): warning C4996: 'sscanf': This function or variable may be unsafe. Consider using sscanf_s instead. To disable deprecation, use _CRT_SECURE_NO_WARNINGS. See online help for details.
                 C:\Program Files\Microsoft Visual Studio 11.0\VC\include\stdio.h(311) : 参见“sscanf”的声明
         CheckBoxTree.cpp
         SignalWatch.cpp
     1>C:\XDiag\uoncore\busmaster\Sources\DIL_Interface/BaseDIL_J1939.h : warning C4819: 该文件包含不能在当前代码页(936)中表示的字符。请将该文件保存为 Unicode 格式以防止数据丢失
         SignalWatch_CAN.cpp
         SignalWatch_J1939.cpp
     1>C:\XDiag\uoncore\busmaster\Sources\DIL_Interface/BaseDIL_J1939.h : warning C4819: 该文件包含不能在当前代码页(936)中表示的字符。请将该文件保存为 Unicode 格式以防止数据丢失
     1>SignalWatch_J1939.cpp(155): warning C4239: 使用了非标准扩展:“初始化”: 从“SSignalInfo”转换到“SSignalInfo &”
                 非常量引用只能绑定到左值
         SignalWatchListBox.cpp
         MsgSignalSelect.cpp
     1>MsgSignalSelect.cpp(201): warning C4996: 'strcmpi': The POSIX name for this item is deprecated. Instead, use the ISO C++ conformant name: _strcmpi. See online help for details.
                 C:\Program Files\Microsoft Visual Studio 11.0\VC\include\string.h(248) : 参见“strcmpi”的声明
         SignalWatch_LIN.cpp
     1>SignalWatch_LIN.cpp(171): warning C4244: “参数”: 从“int”转换到“unsigned char”，可能丢失数据
     1>SignalWatch_LIN.cpp(269): warning C4100: “m_ouCluster”: 未引用的形参
         SigWatchAddDelDlg.cpp
         SigWatchDlg.cpp
     1>SigWatchDlg.cpp(301): warning C4996: 'strcmpi': The POSIX name for this item is deprecated. Instead, use the ISO C++ conformant name: _strcmpi. See online help for details.
                 C:\Program Files\Microsoft Visual Studio 11.0\VC\include\string.h(248) : 参见“strcmpi”的声明
         正在生成代码...
     1>c:\xdiag\uoncore\busmaster\sources\signalwatch\msgsignalselect.cpp(217): warning C4703: 使用了可能未初始化的本地指针变量“hNumofChannel”
       ResourceCompile:
         C:\Program Files\Microsoft SDKs\Windows\v7.1A\bin\rc.exe /D NDEBUG /D _VC80_UPGRADE=0x0710 /D _USING_V110_SDK71_ /D _AFXDLL /l"0x0409" /Ibusmaster_debug\ /IC:\WinDDK\7600.16385.1\inc\mfc42 /IC:\WinDDK\7600.16385.1\inc\atl71 /nologo /fo"busmaster_debug\SignalWatch.res" SignalWatch.rc 
     1>C:\Program Files\MSBuild\Microsoft.Cpp\v4.0\V110\Microsoft.CppBuild.targets(1137,5): warning MSB8012: TargetPath(C:\XDiag\uoncore\busmaster\Sources\SignalWatch\busmaster_debug\SignalWatch.dll) does not match the Linker's OutputFile property value (C:\XDiag\uoncore\busmaster\Sources\bin\busmaster_debug\SignalWatch.dll). This may cause your project to build incorrectly. To correct this, please make sure that $(OutDir), $(TargetName) and $(TargetExt) property values match the value specified in %(Link.OutputFile).
       Link:
         C:\Program Files\Microsoft Visual Studio 11.0\VC\bin\link.exe /ERRORREPORT:PROMPT /OUT:"C:\XDiag\uoncore\busmaster\Sources\/bin/busmaster_debug\SignalWatch.dll" /INCREMENTAL:NO /NOLOGO /LIBPATH:C:\WinDDK\7600.16385.1\lib\Mfc\i386 /LIBPATH:C:\WinDDK\7600.16385.1\lib\ATL\i386 /MANIFEST /MANIFESTUAC:"level='asInvoker' uiAccess='false'" /manifest:embed /manifestinput:"C:\Program Files\Microsoft Visual Studio 11.0\VC\Include\Manifest\dpiaware.manifest" /DEBUG /PDB:"C:\XDiag\uoncore\busmaster\Sources\/bin/DumpFiles/busmaster_debug\/PDB/SignalWatch.pdb" /SUBSYSTEM:WINDOWS,"5.01" /STACK:"8000000" /OPT:REF /OPT:ICF /TLBID:1 /DYNAMICBASE:NO /IMPLIB:"C:\XDiag\uoncore\busmaster\Sources\/BIN/Libs/busmaster_debug\SignalWatch.lib" /MACHINE:X86 /SAFESEH "C:\XDiag\uoncore\busmaster\Sources\/BIN/Libs/busmaster_debug\Utils.lib"
         "C:\XDiag\uoncore\busmaster\Sources\/BIN/Libs/busmaster_debug\Datatypes.lib"
         "C:\XDiag\uoncore\busmaster\Sources\/BIN/Libs/busmaster_debug\DIL_Interface.lib"
          /DLL busmaster_debug\SignalWatch.res
         C:\XDiag\uoncore\busmaster\Sources\/bin/DumpFiles/busmaster_debug\/OBJ/SignalWatch/MultiLanguage.obj
         C:\XDiag\uoncore\busmaster\Sources\/bin/DumpFiles/busmaster_debug\/OBJ/SignalWatch/CheckBoxTree.obj
         C:\XDiag\uoncore\busmaster\Sources\/bin/DumpFiles/busmaster_debug\/OBJ/SignalWatch/SignalWatch.obj
         C:\XDiag\uoncore\busmaster\Sources\/bin/DumpFiles/busmaster_debug\/OBJ/SignalWatch/SignalWatch_CAN.obj
         C:\XDiag\uoncore\busmaster\Sources\/bin/DumpFiles/busmaster_debug\/OBJ/SignalWatch/SignalWatch_J1939.obj
         C:\XDiag\uoncore\busmaster\Sources\/bin/DumpFiles/busmaster_debug\/OBJ/SignalWatch/SignalWatchListBox.obj
         C:\XDiag\uoncore\busmaster\Sources\/bin/DumpFiles/busmaster_debug\/OBJ/SignalWatch/MsgSignalSelect.obj
         C:\XDiag\uoncore\busmaster\Sources\/bin/DumpFiles/busmaster_debug\/OBJ/SignalWatch/SignalWatch_LIN.obj
         C:\XDiag\uoncore\busmaster\Sources\/bin/DumpFiles/busmaster_debug\/OBJ/SignalWatch/SigWatchAddDelDlg.obj
         C:\XDiag\uoncore\busmaster\Sources\/bin/DumpFiles/busmaster_debug\/OBJ/SignalWatch/SigWatchDlg.obj
         C:\XDiag\uoncore\busmaster\Sources\BIN\Libs\busmaster_debug\DataTypes.lib
         C:\XDiag\uoncore\busmaster\Sources\BIN\Libs\busmaster_debug\Utils.lib
         C:\XDiag\uoncore\busmaster\Sources\BIN\Libs\busmaster_debug\DIL_Interface.lib
            正在创建库 C:\XDiag\uoncore\busmaster\Sources\/BIN/Libs/busmaster_debug\SignalWatch.lib 和对象 C:\XDiag\uoncore\busmaster\Sources\/BIN/Libs/busmaster_debug\SignalWatch.exp
         SignalWatch.vcxproj -> C:\XDiag\uoncore\busmaster\Sources\SignalWatch\busmaster_debug\SignalWatch.dll
     1>已完成生成项目“C:\XDiag\uoncore\busmaster\Sources\SignalWatch\SignalWatch.vcxproj”(Rebuild 个目标)的操作。

生成成功。

已用时间 00:00:19.75
