C:\XDIAG\UONCORE\BUSMASTER\SOURCES\BIN\DUMPFILES\BUSMASTER_DEBUG\OBJ\SIGGRPHWND\SIGGRPHWND.OBJ
C:\XDIAG\UONCORE\BUSMASTER\SOURCES\BIN\DUMPFILES\BUSMASTER_DEBUG\OBJ\SIGGRPHWND\GRAPHRIGHTVIEW.OBJ
C:\XDIAG\UONCORE\BUSMASTER\SOURCES\BIN\DUMPFILES\BUSMASTER_DEBUG\OBJ\SIGGRPHWND\GRAPHLEFTVIEW.OBJ
C:\XDIAG\UONCORE\BUSMASTER\SOURCES\BIN\DUMPFILES\BUSMASTER_DEBUG\OBJ\SIGGRPHWND\GRAPHEXPORTDLG.OBJ
C:\XDIAG\UONCORE\BUSMASTER\SOURCES\BIN\DUMPFILES\BUSMASTER_DEBUG\OBJ\SIGGRPHWND\GRAPHCHILDFRAME.OBJ
C:\XDIAG\UONCORE\BUSMASTER\SOURCES\BIN\DUMPFILES\BUSMASTER_DEBUG\OBJ\SIGGRPHWND\GRAPHBOTTOMVIEW.OBJ
C:\XDIAG\UONCORE\BUSMASTER\SOURCES\SIGGRPHWND\BUSMASTER_DEBUG\VC110.PDB
C:\XDIAG\UONCORE\BUSMASTER\SOURCES\BIN\DUMPFILES\BUSMASTER_DEBUG\OBJ\SIGGRPHWND\TIMEMANAGER.OBJ
C:\XDIAG\UONCORE\BUSMASTER\SOURCES\BIN\DUMPFILES\BUSMASTER_DEBUG\OBJ\SIGGRPHWND\MULTILANGUAGE.OBJ
C:\XDIAG\UONCORE\BUSMASTER\SOURCES\BIN\DUMPFILES\BUSMASTER_DEBUG\OBJ\SIGGRPHWND\MESSAGELIST.OBJ
C:\XDIAG\UONCORE\BUSMASTER\SOURCES\BIN\DUMPFILES\BUSMASTER_DEBUG\OBJ\SIGGRPHWND\MDICHILDBASE.OBJ
C:\XDIAG\UONCORE\BUSMASTER\SOURCES\BIN\DUMPFILES\BUSMASTER_DEBUG\OBJ\SIGGRPHWND\GRAPHSINK.OBJ
C:\XDIAG\UONCORE\BUSMASTER\SOURCES\BIN\DUMPFILES\BUSMASTER_DEBUG\OBJ\SIGGRPHWND\GRAPHPARAMETERS.OBJ
C:\XDIAG\UONCORE\BUSMASTER\SOURCES\BIN\DUMPFILES\BUSMASTER_DEBUG\OBJ\SIGGRPHWND\GRAPHLIST.OBJ
C:\XDIAG\UONCORE\BUSMASTER\SOURCES\BIN\DUMPFILES\BUSMASTER_DEBUG\OBJ\SIGGRPHWND\GRAPHELEMENT.OBJ
C:\XDIAG\UONCORE\BUSMASTER\SOURCES\BIN\DUMPFILES\BUSMASTER_DEBUG\OBJ\SIGGRPHWND\GRAPHCONFIGURATION.OBJ
C:\XDIAG\UONCORE\BUSMASTER\SOURCES\BIN\BUSMASTER_DEBUG\SIGGRPHWND.DLL
C:\XDIAG\UONCORE\BUSMASTER\SOURCES\BIN\DUMPFILES\BUSMASTER_DEBUG\PDB\SIGGRPHWND.PDB
C:\XDIAG\UONCORE\BUSMASTER\SOURCES\SIGGRPHWND\BUSMASTER_DEBUG\SIGGRPHWND.RES
C:\XDiag\uoncore\busmaster\Sources\BIN\Libs\busmaster_debug\SigGrphWnd.lib
C:\XDiag\uoncore\busmaster\Sources\BIN\Libs\busmaster_debug\SigGrphWnd.exp
C:\XDiag\uoncore\busmaster\Sources\SigGrphWnd\busmaster_debug\cl.command.1.tlog
C:\XDiag\uoncore\busmaster\Sources\SigGrphWnd\busmaster_debug\CL.read.1.tlog
C:\XDiag\uoncore\busmaster\Sources\SigGrphWnd\busmaster_debug\CL.write.1.tlog
C:\XDiag\uoncore\busmaster\Sources\SigGrphWnd\busmaster_debug\link-cvtres.read.1.tlog
C:\XDiag\uoncore\busmaster\Sources\SigGrphWnd\busmaster_debug\link-cvtres.write.1.tlog
C:\XDiag\uoncore\busmaster\Sources\SigGrphWnd\busmaster_debug\link-mt.read.1.tlog
C:\XDiag\uoncore\busmaster\Sources\SigGrphWnd\busmaster_debug\link-mt.write.1.tlog
C:\XDiag\uoncore\busmaster\Sources\SigGrphWnd\busmaster_debug\link-rc.read.1.tlog
C:\XDiag\uoncore\busmaster\Sources\SigGrphWnd\busmaster_debug\link-rc.write.1.tlog
C:\XDiag\uoncore\busmaster\Sources\SigGrphWnd\busmaster_debug\link.command.1.tlog
C:\XDiag\uoncore\busmaster\Sources\SigGrphWnd\busmaster_debug\link.read.1.tlog
C:\XDiag\uoncore\busmaster\Sources\SigGrphWnd\busmaster_debug\link.write.1.tlog
C:\XDiag\uoncore\busmaster\Sources\SigGrphWnd\busmaster_debug\rc.command.1.tlog
C:\XDiag\uoncore\busmaster\Sources\SigGrphWnd\busmaster_debug\rc.read.1.tlog
C:\XDiag\uoncore\busmaster\Sources\SigGrphWnd\busmaster_debug\rc.write.1.tlog
C:\XDiag\uoncore\busmaster\Sources\SigGrphWnd\busmaster_debug\SigGrphWnd.write.1.tlog
C:\XDiag\uoncore\busmaster\Sources\SigGrphWnd\busmaster_debug\SigGrphWnd.res
C:\XDiag\uoncore\busmaster\Sources\SigGrphWnd\busmaster_debug\vc110.pdb
