生成启动时间为 2015/11/18 10:43:15。
     1>项目“C:\XDiag\uoncore\busmaster\Sources\CAN_STUB\CAN_STUB.vcxproj”在节点 3 上(Rebuild 个目标)。
     1>ClCompile:
         C:\Program Files\Microsoft Visual Studio 11.0\VC\bin\CL.exe /c /IC:\XDiag\uoncore\busmaster\Sources\ /IC:\WinDDK\7600.16385.1\inc\mfc42 /IC:\WinDDK\7600.16385.1\inc\atl71 /Zi /nologo /W4 /WX- /Od /Oy- /D WIN32 /D _WINDOWS /D NDEBUG /D _USRDLL /D WINVER=0x0500 /D _VC80_UPGRADE=0x0710 /D _USING_V110_SDK71_ /D _WINDLL /D _MBCS /D _AFXDLL /Gm- /EHsc /MD /GS /fp:precise /Zc:wchar_t /Zc:forScope /Fo"C:\XDiag\uoncore\busmaster\Sources\/bin/DumpFiles/busmaster_debug\/OBJ/CAN_STUB/" /Fd"busmaster_debug\vc110.pdb" /Gd /TP /analyze- /errorReport:prompt /I "C:\XDiag\uoncore\busmaster\Sources\/Localization/include" CAN_STUB.cpp
         CAN_STUB.cpp
     1>C:\WinDDK\7600.16385.1\inc\atl71\cstringt.h(267): warning C4996: 'wcscpy': This function or variable may be unsafe. Consider using wcscpy_s instead. To disable deprecation, use _CRT_SECURE_NO_WARNINGS. See online help for details.
                 C:\Program Files\Microsoft Visual Studio 11.0\VC\include\string.h(288) : 参见“wcscpy”的声明
     1>C:\WinDDK\7600.16385.1\inc\atl71\cstringt.h(286): warning C4996: 'wcscpy': This function or variable may be unsafe. Consider using wcscpy_s instead. To disable deprecation, use _CRT_SECURE_NO_WARNINGS. See online help for details.
                 C:\Program Files\Microsoft Visual Studio 11.0\VC\include\string.h(288) : 参见“wcscpy”的声明
     1>C:\WinDDK\7600.16385.1\inc\atl71\cstringt.h(629): warning C4996: '_wcsupr': This function or variable may be unsafe. Consider using _wcsupr_s instead. To disable deprecation, use _CRT_SECURE_NO_WARNINGS. See online help for details.
                 C:\Program Files\Microsoft Visual Studio 11.0\VC\include\string.h(355) : 参见“_wcsupr”的声明
     1>C:\WinDDK\7600.16385.1\inc\atl71\cstringt.h(634): warning C4996: '_wcslwr': This function or variable may be unsafe. Consider using _wcslwr_s instead. To disable deprecation, use _CRT_SECURE_NO_WARNINGS. See online help for details.
                 C:\Program Files\Microsoft Visual Studio 11.0\VC\include\string.h(349) : 参见“_wcslwr”的声明
     1>C:\WinDDK\7600.16385.1\inc\atl71\cstringt.h(649): warning C4996: 'vswprintf': swprintf has been changed to conform with the ISO C standard, adding an extra character count parameter. To use traditional Microsoft swprintf, set _CRT_NON_CONFORMING_SWPRINTFS.
                 C:\Program Files\Microsoft Visual Studio 11.0\VC\include\swprintf.inl(97) : 参见“vswprintf”的声明
     1>CAN_STUB.cpp(1380): warning C4100: “unChannelCount”: 未引用的形参
     1>CAN_STUB.cpp(1380): warning C4100: “bIsHardwareListed”: 未引用的形参
     1>CAN_STUB.cpp(1380): warning C4100: “dwDriverId”: 未引用的形参
     1>C:\Program Files\MSBuild\Microsoft.Cpp\v4.0\V110\Microsoft.CppBuild.targets(1137,5): warning MSB8012: TargetPath(C:\XDiag\uoncore\busmaster\Sources\CAN_STUB\busmaster_debug\CAN_STUB.dll) does not match the Linker's OutputFile property value (C:\XDiag\uoncore\busmaster\Sources\bin\busmaster_debug\CAN_STUB.dll). This may cause your project to build incorrectly. To correct this, please make sure that $(OutDir), $(TargetName) and $(TargetExt) property values match the value specified in %(Link.OutputFile).
       Link:
         C:\Program Files\Microsoft Visual Studio 11.0\VC\bin\link.exe /ERRORREPORT:PROMPT /OUT:"C:\XDiag\uoncore\busmaster\Sources\/bin/busmaster_debug\CAN_STUB.dll" /INCREMENTAL:NO /NOLOGO /LIBPATH:C:\WinDDK\7600.16385.1\lib\Mfc\i386 /LIBPATH:C:\WinDDK\7600.16385.1\lib\ATL\i386 /MANIFEST /MANIFESTUAC:"level='asInvoker' uiAccess='false'" /manifest:embed /manifestinput:"C:\Program Files\Microsoft Visual Studio 11.0\VC\Include\Manifest\dpiaware.manifest" /DEBUG /PDB:"C:\XDiag\uoncore\busmaster\Sources\/bin/DumpFiles/busmaster_debug\/PDB/CAN_STUB.pdb" /SUBSYSTEM:WINDOWS,"5.01" /STACK:"8000000" /OPT:REF /OPT:ICF /TLBID:1 /DYNAMICBASE:NO /IMPLIB:"C:\XDiag\uoncore\busmaster\Sources\/BIN/Libs/busmaster_debug\CAN_STUB.lib" /MACHINE:X86 /SAFESEH "C:\XDiag\uoncore\busmaster\Sources\/BIN/Libs/busmaster_debug\DataTypes.lib"
         "C:\XDiag\uoncore\busmaster\Sources\/BIN/Libs/busmaster_debug\Utils.lib"
          /DLL C:\XDiag\uoncore\busmaster\Sources\/bin/DumpFiles/busmaster_debug\/OBJ/CAN_STUB/CAN_STUB.obj
         C:\XDiag\uoncore\busmaster\Sources\BIN\Libs\busmaster_debug\DataTypes.lib
         C:\XDiag\uoncore\busmaster\Sources\BIN\Libs\busmaster_debug\Utils.lib
            正在创建库 C:\XDiag\uoncore\busmaster\Sources\/BIN/Libs/busmaster_debug\CAN_STUB.lib 和对象 C:\XDiag\uoncore\busmaster\Sources\/BIN/Libs/busmaster_debug\CAN_STUB.exp
         CAN_STUB.vcxproj -> C:\XDiag\uoncore\busmaster\Sources\CAN_STUB\busmaster_debug\CAN_STUB.dll
     1>已完成生成项目“C:\XDiag\uoncore\busmaster\Sources\CAN_STUB\CAN_STUB.vcxproj”(Rebuild 个目标)的操作。

生成成功。

已用时间 00:00:03.00
