C:\XDIAG\UONCORE\BUSMASTER\SOURCES\BIN\DUMPFILES\BUSMASTER_DEBUG\OBJ\FRAMEPROCESSOR\LOGOBJECTLIN.OBJ
C:\XDIAG\UONCORE\BUSMASTER\SOURCES\BIN\DUMPFILES\BUSMASTER_DEBUG\OBJ\FRAMEPROCESSOR\LOGOBJECTJ1939.OBJ
C:\XDIAG\UONCORE\BUSMASTER\SOURCES\BIN\DUMPFILES\BUSMASTER_DEBUG\OBJ\FRAMEPROCESSOR\LOGOBJECTCAN.OBJ
C:\XDIAG\UONCORE\BUSMASTER\SOURCES\BIN\DUMPFILES\BUSMASTER_DEBUG\OBJ\FRAMEPROCESSOR\FRAMEPROCESSOR_LIN.OBJ
C:\XDIAG\UONCORE\BUSMASTER\SOURCES\BIN\DUMPFILES\BUSMASTER_DEBUG\OBJ\FRAMEPROCESSOR\FRAMEPROCESSOR_J1939.OBJ
C:\XDIAG\UONCORE\BUSMASTER\SOURCES\BIN\DUMPFILES\BUSMASTER_DEBUG\OBJ\FRAMEPROCESSOR\FRAMEPROCESSOR_COMMON.OBJ
C:\XDIAG\UONCORE\BUSMASTER\SOURCES\BIN\DUMPFILES\BUSMASTER_DEBUG\OBJ\FRAMEPROCESSOR\FRAMEPROCESSOR_CAN.OBJ
C:\XDIAG\UONCORE\BUSMASTER\SOURCES\BIN\DUMPFILES\BUSMASTER_DEBUG\OBJ\FRAMEPROCESSOR\FRAMEPROCESSOR.OBJ
C:\XDIAG\UONCORE\BUSMASTER\SOURCES\BIN\DUMPFILES\BUSMASTER_DEBUG\OBJ\FRAMEPROCESSOR\FORMATMSGLIN.OBJ
C:\XDIAG\UONCORE\BUSMASTER\SOURCES\BIN\DUMPFILES\BUSMASTER_DEBUG\OBJ\FRAMEPROCESSOR\FORMATMSGJ1939.OBJ
C:\XDIAG\UONCORE\BUSMASTER\SOURCES\BIN\DUMPFILES\BUSMASTER_DEBUG\OBJ\FRAMEPROCESSOR\FORMATMSGCOMMON.OBJ
C:\XDIAG\UONCORE\BUSMASTER\SOURCES\BIN\DUMPFILES\BUSMASTER_DEBUG\OBJ\FRAMEPROCESSOR\FORMATMSGCAN.OBJ
C:\XDIAG\UONCORE\BUSMASTER\SOURCES\BIN\DUMPFILES\BUSMASTER_DEBUG\OBJ\FRAMEPROCESSOR\BASELOGOBJECT.OBJ
C:\XDIAG\UONCORE\BUSMASTER\SOURCES\FRAMEPROCESSOR\BUSMASTER_DEBUG\VC110.PDB
C:\XDiag\uoncore\busmaster\Sources\BIN\Libs\busmaster_debug\FrameProcessor.lib
C:\XDiag\uoncore\busmaster\Sources\BIN\Libs\busmaster_debug\FrameProcessor.exp
C:\XDIAG\UONCORE\BUSMASTER\SOURCES\BIN\BUSMASTER_DEBUG\FRAMEPROCESSOR.DLL
C:\XDIAG\UONCORE\BUSMASTER\SOURCES\BIN\DUMPFILES\BUSMASTER_DEBUG\PDB\FRAMEPROCESSOR.PDB
C:\XDiag\uoncore\busmaster\Sources\FrameProcessor\busmaster_debug\cl.command.1.tlog
C:\XDiag\uoncore\busmaster\Sources\FrameProcessor\busmaster_debug\CL.read.1.tlog
C:\XDiag\uoncore\busmaster\Sources\FrameProcessor\busmaster_debug\CL.write.1.tlog
C:\XDiag\uoncore\busmaster\Sources\FrameProcessor\busmaster_debug\FrameProcessor.write.1.tlog
C:\XDiag\uoncore\busmaster\Sources\FrameProcessor\busmaster_debug\link-cvtres.read.1.tlog
C:\XDiag\uoncore\busmaster\Sources\FrameProcessor\busmaster_debug\link-cvtres.write.1.tlog
C:\XDiag\uoncore\busmaster\Sources\FrameProcessor\busmaster_debug\link-mt.read.1.tlog
C:\XDiag\uoncore\busmaster\Sources\FrameProcessor\busmaster_debug\link-mt.write.1.tlog
C:\XDiag\uoncore\busmaster\Sources\FrameProcessor\busmaster_debug\link-rc.read.1.tlog
C:\XDiag\uoncore\busmaster\Sources\FrameProcessor\busmaster_debug\link-rc.write.1.tlog
C:\XDiag\uoncore\busmaster\Sources\FrameProcessor\busmaster_debug\link.command.1.tlog
C:\XDiag\uoncore\busmaster\Sources\FrameProcessor\busmaster_debug\link.read.1.tlog
C:\XDiag\uoncore\busmaster\Sources\FrameProcessor\busmaster_debug\link.write.1.tlog
C:\XDiag\uoncore\busmaster\Sources\FrameProcessor\busmaster_debug\vc110.pdb
