生成启动时间为 2015/11/18 10:44:39。
     1>项目“C:\XDiag\uoncore\busmaster\Sources\FrameProcessor\FrameProcessor.vcxproj”在节点 2 上(Rebuild 个目标)。
     1>ClCompile:
         C:\Program Files\Microsoft Visual Studio 11.0\VC\bin\CL.exe /c /IC:\XDiag\uoncore\busmaster\Sources\ /IC:\WinDDK\7600.16385.1\inc\mfc42 /IC:\WinDDK\7600.16385.1\inc\atl71 /Zi /nologo /W4 /WX- /Od /Oy- /D WIN32 /D _WINDOWS /D NDEBUG /D _USRDLL /D WINVER=0x0500 /D _VC80_UPGRADE=0x0710 /D _USING_V110_SDK71_ /D _WINDLL /D _MBCS /D _AFXDLL /Gm- /EHsc /MD /GS /fp:precise /Zc:wchar_t /Zc:forScope /Fo"C:\XDiag\uoncore\busmaster\Sources\/bin/DumpFiles/busmaster_debug\/OBJ/FrameProcessor/" /Fd"busmaster_debug\vc110.pdb" /Gd /TP /analyze- /errorReport:prompt /I "C:\XDiag\uoncore\busmaster\Sources\/Localization/include" BaseLogObject.cpp Format\FormatMsgCAN.cpp Format\FormatMsgCommon.cpp Format\FormatMsgJ1939.cpp Format\FormatMsgLIN.cpp FrameProcessor.cpp FrameProcessor_CAN.cpp FrameProcessor_Common.cpp FrameProcessor_J1939.cpp FrameProcessor_LIN.cpp LogObjectCAN.cpp LogObjectJ1939.cpp LogObjectLIN.cpp
         BaseLogObject.cpp
     1>BaseLogObject.cpp(277): warning C4244: “初始化”: 从“double”转换到“INT”，可能丢失数据
     1>BaseLogObject.cpp(495): warning C4996: 'strcpy': This function or variable may be unsafe. Consider using strcpy_s instead. To disable deprecation, use _CRT_SECURE_NO_WARNINGS. See online help for details.
                 C:\Program Files\Microsoft Visual Studio 11.0\VC\include\string.h(110) : 参见“strcpy”的声明
     1>BaseLogObject.cpp(518): warning C4101: “qwRefSysTime”: 未引用的局部变量
     1>BaseLogObject.cpp(518): warning C4101: “qwAbsBaseTime”: 未引用的局部变量
         FormatMsgCAN.cpp
     1>Format\FormatMsgCAN.cpp(81): warning C4996: 'sprintf': This function or variable may be unsafe. Consider using sprintf_s instead. To disable deprecation, use _CRT_SECURE_NO_WARNINGS. See online help for details.
                 C:\Program Files\Microsoft Visual Studio 11.0\VC\include\stdio.h(357) : 参见“sprintf”的声明
     1>Format\FormatMsgCAN.cpp(87): warning C4996: 'sprintf': This function or variable may be unsafe. Consider using sprintf_s instead. To disable deprecation, use _CRT_SECURE_NO_WARNINGS. See online help for details.
                 C:\Program Files\Microsoft Visual Studio 11.0\VC\include\stdio.h(357) : 参见“sprintf”的声明
     1>Format\FormatMsgCAN.cpp(95): warning C4996: 'sprintf': This function or variable may be unsafe. Consider using sprintf_s instead. To disable deprecation, use _CRT_SECURE_NO_WARNINGS. See online help for details.
                 C:\Program Files\Microsoft Visual Studio 11.0\VC\include\stdio.h(357) : 参见“sprintf”的声明
     1>Format\FormatMsgCAN.cpp(101): warning C4996: 'sprintf': This function or variable may be unsafe. Consider using sprintf_s instead. To disable deprecation, use _CRT_SECURE_NO_WARNINGS. See online help for details.
                 C:\Program Files\Microsoft Visual Studio 11.0\VC\include\stdio.h(357) : 参见“sprintf”的声明
     1>Format\FormatMsgCAN.cpp(137): warning C4996: 'sprintf': This function or variable may be unsafe. Consider using sprintf_s instead. To disable deprecation, use _CRT_SECURE_NO_WARNINGS. See online help for details.
                 C:\Program Files\Microsoft Visual Studio 11.0\VC\include\stdio.h(357) : 参见“sprintf”的声明
     1>Format\FormatMsgCAN.cpp(162): warning C4996: '_itoa': This function or variable may be unsafe. Consider using _itoa_s instead. To disable deprecation, use _CRT_SECURE_NO_WARNINGS. See online help for details.
                 C:\Program Files\Microsoft Visual Studio 11.0\VC\include\stdlib.h(468) : 参见“_itoa”的声明
     1>Format\FormatMsgCAN.cpp(163): warning C4996: 'strcpy': This function or variable may be unsafe. Consider using strcpy_s instead. To disable deprecation, use _CRT_SECURE_NO_WARNINGS. See online help for details.
                 C:\Program Files\Microsoft Visual Studio 11.0\VC\include\string.h(110) : 参见“strcpy”的声明
         FormatMsgCommon.cpp
     1>Format\FormatMsgCommon.cpp(155): warning C4996: 'sprintf': This function or variable may be unsafe. Consider using sprintf_s instead. To disable deprecation, use _CRT_SECURE_NO_WARNINGS. See online help for details.
                 C:\Program Files\Microsoft Visual Studio 11.0\VC\include\stdio.h(357) : 参见“sprintf”的声明
         FormatMsgJ1939.cpp
     1>Format\FormatMsgJ1939.cpp(66): warning C4996: 'sprintf': This function or variable may be unsafe. Consider using sprintf_s instead. To disable deprecation, use _CRT_SECURE_NO_WARNINGS. See online help for details.
                 C:\Program Files\Microsoft Visual Studio 11.0\VC\include\stdio.h(357) : 参见“sprintf”的声明
     1>Format\FormatMsgJ1939.cpp(71): warning C4996: 'sprintf': This function or variable may be unsafe. Consider using sprintf_s instead. To disable deprecation, use _CRT_SECURE_NO_WARNINGS. See online help for details.
                 C:\Program Files\Microsoft Visual Studio 11.0\VC\include\stdio.h(357) : 参见“sprintf”的声明
     1>Format\FormatMsgJ1939.cpp(79): warning C4996: 'sprintf': This function or variable may be unsafe. Consider using sprintf_s instead. To disable deprecation, use _CRT_SECURE_NO_WARNINGS. See online help for details.
                 C:\Program Files\Microsoft Visual Studio 11.0\VC\include\stdio.h(357) : 参见“sprintf”的声明
     1>Format\FormatMsgJ1939.cpp(84): warning C4996: 'sprintf': This function or variable may be unsafe. Consider using sprintf_s instead. To disable deprecation, use _CRT_SECURE_NO_WARNINGS. See online help for details.
                 C:\Program Files\Microsoft Visual Studio 11.0\VC\include\stdio.h(357) : 参见“sprintf”的声明
     1>Format\FormatMsgJ1939.cpp(109): warning C4996: 'sprintf': This function or variable may be unsafe. Consider using sprintf_s instead. To disable deprecation, use _CRT_SECURE_NO_WARNINGS. See online help for details.
                 C:\Program Files\Microsoft Visual Studio 11.0\VC\include\stdio.h(357) : 参见“sprintf”的声明
     1>Format\FormatMsgJ1939.cpp(114): warning C4996: 'sprintf': This function or variable may be unsafe. Consider using sprintf_s instead. To disable deprecation, use _CRT_SECURE_NO_WARNINGS. See online help for details.
                 C:\Program Files\Microsoft Visual Studio 11.0\VC\include\stdio.h(357) : 参见“sprintf”的声明
     1>Format\FormatMsgJ1939.cpp(115): warning C4996: 'sprintf': This function or variable may be unsafe. Consider using sprintf_s instead. To disable deprecation, use _CRT_SECURE_NO_WARNINGS. See online help for details.
                 C:\Program Files\Microsoft Visual Studio 11.0\VC\include\stdio.h(357) : 参见“sprintf”的声明
     1>Format\FormatMsgJ1939.cpp(120): warning C4996: 'sprintf': This function or variable may be unsafe. Consider using sprintf_s instead. To disable deprecation, use _CRT_SECURE_NO_WARNINGS. See online help for details.
                 C:\Program Files\Microsoft Visual Studio 11.0\VC\include\stdio.h(357) : 参见“sprintf”的声明
     1>Format\FormatMsgJ1939.cpp(121): warning C4996: 'sprintf': This function or variable may be unsafe. Consider using sprintf_s instead. To disable deprecation, use _CRT_SECURE_NO_WARNINGS. See online help for details.
                 C:\Program Files\Microsoft Visual Studio 11.0\VC\include\stdio.h(357) : 参见“sprintf”的声明
     1>Format\FormatMsgJ1939.cpp(124): warning C4996: 'sprintf': This function or variable may be unsafe. Consider using sprintf_s instead. To disable deprecation, use _CRT_SECURE_NO_WARNINGS. See online help for details.
                 C:\Program Files\Microsoft Visual Studio 11.0\VC\include\stdio.h(357) : 参见“sprintf”的声明
     1>Format\FormatMsgJ1939.cpp(137): warning C4996: '_itoa': This function or variable may be unsafe. Consider using _itoa_s instead. To disable deprecation, use _CRT_SECURE_NO_WARNINGS. See online help for details.
                 C:\Program Files\Microsoft Visual Studio 11.0\VC\include\stdlib.h(468) : 参见“_itoa”的声明
         FormatMsgLIN.cpp
     1>Format\FormatMsgLIN.cpp(80): warning C4996: 'sprintf': This function or variable may be unsafe. Consider using sprintf_s instead. To disable deprecation, use _CRT_SECURE_NO_WARNINGS. See online help for details.
                 C:\Program Files\Microsoft Visual Studio 11.0\VC\include\stdio.h(357) : 参见“sprintf”的声明
     1>Format\FormatMsgLIN.cpp(86): warning C4996: 'sprintf': This function or variable may be unsafe. Consider using sprintf_s instead. To disable deprecation, use _CRT_SECURE_NO_WARNINGS. See online help for details.
                 C:\Program Files\Microsoft Visual Studio 11.0\VC\include\stdio.h(357) : 参见“sprintf”的声明
     1>Format\FormatMsgLIN.cpp(94): warning C4996: 'sprintf': This function or variable may be unsafe. Consider using sprintf_s instead. To disable deprecation, use _CRT_SECURE_NO_WARNINGS. See online help for details.
                 C:\Program Files\Microsoft Visual Studio 11.0\VC\include\stdio.h(357) : 参见“sprintf”的声明
     1>Format\FormatMsgLIN.cpp(100): warning C4996: 'sprintf': This function or variable may be unsafe. Consider using sprintf_s instead. To disable deprecation, use _CRT_SECURE_NO_WARNINGS. See online help for details.
                 C:\Program Files\Microsoft Visual Studio 11.0\VC\include\stdio.h(357) : 参见“sprintf”的声明
     1>Format\FormatMsgLIN.cpp(133): warning C4996: 'sprintf': This function or variable may be unsafe. Consider using sprintf_s instead. To disable deprecation, use _CRT_SECURE_NO_WARNINGS. See online help for details.
                 C:\Program Files\Microsoft Visual Studio 11.0\VC\include\stdio.h(357) : 参见“sprintf”的声明
     1>Format\FormatMsgLIN.cpp(143): warning C4996: '_itoa': This function or variable may be unsafe. Consider using _itoa_s instead. To disable deprecation, use _CRT_SECURE_NO_WARNINGS. See online help for details.
                 C:\Program Files\Microsoft Visual Studio 11.0\VC\include\stdlib.h(468) : 参见“_itoa”的声明
     1>Format\FormatMsgLIN.cpp(144): warning C4996: 'strcpy': This function or variable may be unsafe. Consider using strcpy_s instead. To disable deprecation, use _CRT_SECURE_NO_WARNINGS. See online help for details.
                 C:\Program Files\Microsoft Visual Studio 11.0\VC\include\string.h(110) : 参见“strcpy”的声明
     1>Format\FormatMsgLIN.cpp(155): warning C4244: “=”: 从“eLinMsgType”转换到“BYTE”，可能丢失数据
     1>Format\FormatMsgLIN.cpp(167): warning C4996: 'strcpy': This function or variable may be unsafe. Consider using strcpy_s instead. To disable deprecation, use _CRT_SECURE_NO_WARNINGS. See online help for details.
                 C:\Program Files\Microsoft Visual Studio 11.0\VC\include\string.h(110) : 参见“strcpy”的声明
     1>Format\FormatMsgLIN.cpp(171): warning C4996: 'strcpy': This function or variable may be unsafe. Consider using strcpy_s instead. To disable deprecation, use _CRT_SECURE_NO_WARNINGS. See online help for details.
                 C:\Program Files\Microsoft Visual Studio 11.0\VC\include\string.h(110) : 参见“strcpy”的声明
     1>Format\FormatMsgLIN.cpp(172): warning C4996: 'strcpy': This function or variable may be unsafe. Consider using strcpy_s instead. To disable deprecation, use _CRT_SECURE_NO_WARNINGS. See online help for details.
                 C:\Program Files\Microsoft Visual Studio 11.0\VC\include\string.h(110) : 参见“strcpy”的声明
     1>Format\FormatMsgLIN.cpp(173): warning C4996: 'strcpy': This function or variable may be unsafe. Consider using strcpy_s instead. To disable deprecation, use _CRT_SECURE_NO_WARNINGS. See online help for details.
                 C:\Program Files\Microsoft Visual Studio 11.0\VC\include\string.h(110) : 参见“strcpy”的声明
     1>Format\FormatMsgLIN.cpp(174): warning C4996: 'strcpy': This function or variable may be unsafe. Consider using strcpy_s instead. To disable deprecation, use _CRT_SECURE_NO_WARNINGS. See online help for details.
                 C:\Program Files\Microsoft Visual Studio 11.0\VC\include\string.h(110) : 参见“strcpy”的声明
     1>Format\FormatMsgLIN.cpp(175): warning C4996: 'strcpy': This function or variable may be unsafe. Consider using strcpy_s instead. To disable deprecation, use _CRT_SECURE_NO_WARNINGS. See online help for details.
                 C:\Program Files\Microsoft Visual Studio 11.0\VC\include\string.h(110) : 参见“strcpy”的声明
     1>Format\FormatMsgLIN.cpp(176): warning C4996: 'strcpy': This function or variable may be unsafe. Consider using strcpy_s instead. To disable deprecation, use _CRT_SECURE_NO_WARNINGS. See online help for details.
                 C:\Program Files\Microsoft Visual Studio 11.0\VC\include\string.h(110) : 参见“strcpy”的声明
     1>Format\FormatMsgLIN.cpp(177): warning C4996: 'strcpy': This function or variable may be unsafe. Consider using strcpy_s instead. To disable deprecation, use _CRT_SECURE_NO_WARNINGS. See online help for details.
                 C:\Program Files\Microsoft Visual Studio 11.0\VC\include\string.h(110) : 参见“strcpy”的声明
     1>Format\FormatMsgLIN.cpp(178): warning C4996: 'strcpy': This function or variable may be unsafe. Consider using strcpy_s instead. To disable deprecation, use _CRT_SECURE_NO_WARNINGS. See online help for details.
                 C:\Program Files\Microsoft Visual Studio 11.0\VC\include\string.h(110) : 参见“strcpy”的声明
     1>Format\FormatMsgLIN.cpp(182): warning C4245: “=”: 从“int”转换到“DWORD”，有符号/无符号不匹配
     1>Format\FormatMsgLIN.cpp(195): warning C4244: “=”: 从“eLinMsgType”转换到“BYTE”，可能丢失数据
         FrameProcessor.cpp
     1>C:\XDiag\uoncore\busmaster\Sources\DIL_Interface/BaseDIL_J1939.h : warning C4819: 该文件包含不能在当前代码页(936)中表示的字符。请将该文件保存为 Unicode 格式以防止数据丢失
         FrameProcessor_CAN.cpp
         FrameProcessor_Common.cpp
     1>FrameProcessor_Common.cpp(625): warning C4244: “=”: 从“int”转换到“USHORT”，可能丢失数据
         FrameProcessor_J1939.cpp
     1>C:\XDiag\uoncore\busmaster\Sources\DIL_Interface/BaseDIL_J1939.h : warning C4819: 该文件包含不能在当前代码页(936)中表示的字符。请将该文件保存为 Unicode 格式以防止数据丢失
         FrameProcessor_LIN.cpp
         LogObjectCAN.cpp
     1>C:\XDiag\uoncore\busmaster\Sources\DataTypes/Filter_Datatypes.h(858): warning C4244: “=”: 从“unsigned int”转换到“USHORT”，可能丢失数据
                 C:\XDiag\uoncore\busmaster\Sources\DataTypes/Filter_Datatypes.h(855): 编译类 模板 成员函数“int SFILTERAPPLIED<SFRAMEINFO_BASIC_BUS>::nGetFiltersFromName(SFILTERAPPLIED<SFRAMEINFO_BASIC_BUS> &,std::map<_Kty,_Ty> &)”时
                 with
                 [
                     SFRAMEINFO_BASIC_BUS=tagSFRAMEINFO_BASIC_CAN,
                     _Kty=std::string,
                     _Ty=int
                 ]
                 LogObjectCAN.cpp(343): 参见对正在编译的函数 模板 实例化“int SFILTERAPPLIED<SFRAMEINFO_BASIC_BUS>::nGetFiltersFromName(SFILTERAPPLIED<SFRAMEINFO_BASIC_BUS> &,std::map<_Kty,_Ty> &)”的引用
                 with
                 [
                     SFRAMEINFO_BASIC_BUS=tagSFRAMEINFO_BASIC_CAN,
                     _Kty=std::string,
                     _Ty=int
                 ]
                 c:\xdiag\uoncore\busmaster\sources\frameprocessor\LogObjectCAN.h(37): 参见对正在编译的类 模板 实例化“SFILTERAPPLIED<SFRAMEINFO_BASIC_BUS>”的引用
                 with
                 [
                     SFRAMEINFO_BASIC_BUS=tagSFRAMEINFO_BASIC_CAN
                 ]
     1>C:\XDiag\uoncore\busmaster\Sources\DataTypes/Filter_Datatypes.h(934): warning C4244: “=”: 从“int”转换到“USHORT”，可能丢失数据
                 C:\XDiag\uoncore\busmaster\Sources\DataTypes/Filter_Datatypes.h(918): 编译类 模板 成员函数“int SFILTERAPPLIED<SFRAMEINFO_BASIC_BUS>::nSetXMLConfigData(xmlDocPtr &,ETYPE_BUS)”时
                 with
                 [
                     SFRAMEINFO_BASIC_BUS=tagSFRAMEINFO_BASIC_CAN
                 ]
                 LogObjectCAN.cpp(307): 参见对正在编译的函数 模板 实例化“int SFILTERAPPLIED<SFRAMEINFO_BASIC_BUS>::nSetXMLConfigData(xmlDocPtr &,ETYPE_BUS)”的引用
                 with
                 [
                     SFRAMEINFO_BASIC_BUS=tagSFRAMEINFO_BASIC_CAN
                 ]
     1>C:\XDiag\uoncore\busmaster\Sources\DataTypes/Filter_Datatypes.h(977): warning C4244: “=”: 从“int”转换到“USHORT”，可能丢失数据
         LogObjectJ1939.cpp
     1>LogObjectJ1939.cpp(66): warning C4244: “初始化”: 从“__int64”转换到“TYPE_CHANNEL”，可能丢失数据
         LogObjectLIN.cpp
     1>LogObjectLIN.cpp(133): warning C4996: 'sprintf': This function or variable may be unsafe. Consider using sprintf_s instead. To disable deprecation, use _CRT_SECURE_NO_WARNINGS. See online help for details.
                 C:\Program Files\Microsoft Visual Studio 11.0\VC\include\stdio.h(357) : 参见“sprintf”的声明
     1>LogObjectLIN.cpp(147): warning C4996: 'sprintf': This function or variable may be unsafe. Consider using sprintf_s instead. To disable deprecation, use _CRT_SECURE_NO_WARNINGS. See online help for details.
                 C:\Program Files\Microsoft Visual Studio 11.0\VC\include\stdio.h(357) : 参见“sprintf”的声明
     1>C:\XDiag\uoncore\busmaster\Sources\DataTypes/Filter_Datatypes.h(858): warning C4244: “=”: 从“unsigned int”转换到“USHORT”，可能丢失数据
                 C:\XDiag\uoncore\busmaster\Sources\DataTypes/Filter_Datatypes.h(855): 编译类 模板 成员函数“int SFILTERAPPLIED<SFRAMEINFO_BASIC_BUS>::nGetFiltersFromName(SFILTERAPPLIED<SFRAMEINFO_BASIC_BUS> &,std::map<_Kty,_Ty> &)”时
                 with
                 [
                     SFRAMEINFO_BASIC_BUS=tagSFRAMEINFO_BASIC_LIN,
                     _Kty=std::string,
                     _Ty=int
                 ]
                 LogObjectLIN.cpp(367): 参见对正在编译的函数 模板 实例化“int SFILTERAPPLIED<SFRAMEINFO_BASIC_BUS>::nGetFiltersFromName(SFILTERAPPLIED<SFRAMEINFO_BASIC_BUS> &,std::map<_Kty,_Ty> &)”的引用
                 with
                 [
                     SFRAMEINFO_BASIC_BUS=tagSFRAMEINFO_BASIC_LIN,
                     _Kty=std::string,
                     _Ty=int
                 ]
                 c:\xdiag\uoncore\busmaster\sources\frameprocessor\LogObjectLIN.h(37): 参见对正在编译的类 模板 实例化“SFILTERAPPLIED<SFRAMEINFO_BASIC_BUS>”的引用
                 with
                 [
                     SFRAMEINFO_BASIC_BUS=tagSFRAMEINFO_BASIC_LIN
                 ]
     1>C:\XDiag\uoncore\busmaster\Sources\DataTypes/Filter_Datatypes.h(934): warning C4244: “=”: 从“int”转换到“USHORT”，可能丢失数据
                 C:\XDiag\uoncore\busmaster\Sources\DataTypes/Filter_Datatypes.h(918): 编译类 模板 成员函数“int SFILTERAPPLIED<SFRAMEINFO_BASIC_BUS>::nSetXMLConfigData(xmlDocPtr &,ETYPE_BUS)”时
                 with
                 [
                     SFRAMEINFO_BASIC_BUS=tagSFRAMEINFO_BASIC_LIN
                 ]
                 LogObjectLIN.cpp(331): 参见对正在编译的函数 模板 实例化“int SFILTERAPPLIED<SFRAMEINFO_BASIC_BUS>::nSetXMLConfigData(xmlDocPtr &,ETYPE_BUS)”的引用
                 with
                 [
                     SFRAMEINFO_BASIC_BUS=tagSFRAMEINFO_BASIC_LIN
                 ]
     1>C:\XDiag\uoncore\busmaster\Sources\DataTypes/Filter_Datatypes.h(977): warning C4244: “=”: 从“int”转换到“USHORT”，可能丢失数据
         正在生成代码...
     1>C:\Program Files\MSBuild\Microsoft.Cpp\v4.0\V110\Microsoft.CppBuild.targets(1137,5): warning MSB8012: TargetPath(C:\XDiag\uoncore\busmaster\Sources\FrameProcessor\busmaster_debug\FrameProcessor.dll) does not match the Linker's OutputFile property value (C:\XDiag\uoncore\busmaster\Sources\bin\busmaster_debug\FrameProcessor.dll). This may cause your project to build incorrectly. To correct this, please make sure that $(OutDir), $(TargetName) and $(TargetExt) property values match the value specified in %(Link.OutputFile).
       Link:
         C:\Program Files\Microsoft Visual Studio 11.0\VC\bin\link.exe /ERRORREPORT:PROMPT /OUT:"C:\XDiag\uoncore\busmaster\Sources\/bin/busmaster_debug\FrameProcessor.dll" /INCREMENTAL:NO /NOLOGO /LIBPATH:C:\WinDDK\7600.16385.1\lib\Mfc\i386 /LIBPATH:C:\WinDDK\7600.16385.1\lib\ATL\i386 /MANIFEST /MANIFESTUAC:"level='asInvoker' uiAccess='false'" /manifest:embed /manifestinput:"C:\Program Files\Microsoft Visual Studio 11.0\VC\Include\Manifest\dpiaware.manifest" /DEBUG /PDB:"C:\XDiag\uoncore\busmaster\Sources\/bin/DumpFiles/busmaster_debug\/PDB/FrameProcessor.pdb" /SUBSYSTEM:WINDOWS,"5.01" /STACK:"8000000" /OPT:REF /OPT:ICF /TLBID:1 /BASE:"0x61000000" /DYNAMICBASE:NO /IMPLIB:"C:\XDiag\uoncore\busmaster\Sources\/BIN/Libs/busmaster_debug\FrameProcessor.lib" /MACHINE:X86 /SAFESEH "C:\XDiag\uoncore\busmaster\Sources\/BIN/Libs/busmaster_debug\DataTypes.lib"
         "C:\XDiag\uoncore\busmaster\Sources\/BIN/Libs/busmaster_debug\Utils.lib"
         "C:\XDiag\uoncore\busmaster\Sources\/BIN/Libs/busmaster_debug\DIL_Interface.lib"
           
         "C:\XDiag\uoncore\busmaster\Sources\/BIN/Libs/busmaster_debug\CommonClass.lib"
          /DLL C:\XDiag\uoncore\busmaster\Sources\/bin/DumpFiles/busmaster_debug\/OBJ/FrameProcessor/BaseLogObject.obj
         C:\XDiag\uoncore\busmaster\Sources\/bin/DumpFiles/busmaster_debug\/OBJ/FrameProcessor/FormatMsgCAN.obj
         C:\XDiag\uoncore\busmaster\Sources\/bin/DumpFiles/busmaster_debug\/OBJ/FrameProcessor/FormatMsgCommon.obj
         C:\XDiag\uoncore\busmaster\Sources\/bin/DumpFiles/busmaster_debug\/OBJ/FrameProcessor/FormatMsgJ1939.obj
         C:\XDiag\uoncore\busmaster\Sources\/bin/DumpFiles/busmaster_debug\/OBJ/FrameProcessor/FormatMsgLIN.obj
         C:\XDiag\uoncore\busmaster\Sources\/bin/DumpFiles/busmaster_debug\/OBJ/FrameProcessor/FrameProcessor.obj
         C:\XDiag\uoncore\busmaster\Sources\/bin/DumpFiles/busmaster_debug\/OBJ/FrameProcessor/FrameProcessor_CAN.obj
         C:\XDiag\uoncore\busmaster\Sources\/bin/DumpFiles/busmaster_debug\/OBJ/FrameProcessor/FrameProcessor_Common.obj
         C:\XDiag\uoncore\busmaster\Sources\/bin/DumpFiles/busmaster_debug\/OBJ/FrameProcessor/FrameProcessor_J1939.obj
         C:\XDiag\uoncore\busmaster\Sources\/bin/DumpFiles/busmaster_debug\/OBJ/FrameProcessor/FrameProcessor_LIN.obj
         C:\XDiag\uoncore\busmaster\Sources\/bin/DumpFiles/busmaster_debug\/OBJ/FrameProcessor/LogObjectCAN.obj
         C:\XDiag\uoncore\busmaster\Sources\/bin/DumpFiles/busmaster_debug\/OBJ/FrameProcessor/LogObjectJ1939.obj
         C:\XDiag\uoncore\busmaster\Sources\/bin/DumpFiles/busmaster_debug\/OBJ/FrameProcessor/LogObjectLIN.obj
         C:\XDiag\uoncore\busmaster\Sources\BIN\Libs\busmaster_debug\DataTypes.lib
         C:\XDiag\uoncore\busmaster\Sources\BIN\Libs\busmaster_debug\Utils.lib
         C:\XDiag\uoncore\busmaster\Sources\BIN\Libs\busmaster_debug\DIL_Interface.lib
            正在创建库 C:\XDiag\uoncore\busmaster\Sources\/BIN/Libs/busmaster_debug\FrameProcessor.lib 和对象 C:\XDiag\uoncore\busmaster\Sources\/BIN/Libs/busmaster_debug\FrameProcessor.exp
         FrameProcessor.vcxproj -> C:\XDiag\uoncore\busmaster\Sources\FrameProcessor\busmaster_debug\FrameProcessor.dll
     1>已完成生成项目“C:\XDiag\uoncore\busmaster\Sources\FrameProcessor\FrameProcessor.vcxproj”(Rebuild 个目标)的操作。

生成成功。

已用时间 00:00:35.20
