C:\XDIAG\UONCORE\BUSMASTER\SOURCES\BIN\DUMPFILES\BUSMASTER_DEBUG\OBJ\UTILS\OFFSCREENDC.OBJ
C:\XDIAG\UONCORE\BUSMASTER\SOURCES\BIN\DUMPFILES\BUSMASTER_DEBUG\OBJ\UTILS\NUMSPINCTRL.OBJ
C:\XDIAG\UONCORE\BUSMASTER\SOURCES\BIN\DUMPFILES\BUSMASTER_DEBUG\OBJ\UTILS\NUMEDIT.OBJ
C:\XDIAG\UONCORE\BUSMASTER\SOURCES\BIN\DUMPFILES\BUSMASTER_DEBUG\OBJ\UTILS\MULTILANGUAGESUPPORT.OBJ
C:\XDIAG\UONCORE\BUSMASTER\SOURCES\BIN\DUMPFILES\BUSMASTER_DEBUG\OBJ\UTILS\MSGINTERPRETATION.OBJ
C:\XDIAG\UONCORE\BUSMASTER\SOURCES\BIN\DUMPFILES\BUSMASTER_DEBUG\OBJ\UTILS\KEYNUMEDIT.OBJ
C:\XDIAG\UONCORE\BUSMASTER\SOURCES\BIN\DUMPFILES\BUSMASTER_DEBUG\OBJ\UTILS\FLICKERFREETREE.OBJ
C:\XDIAG\UONCORE\BUSMASTER\SOURCES\BIN\DUMPFILES\BUSMASTER_DEBUG\OBJ\UTILS\FLICKERFREELISTCTRL.OBJ
C:\XDIAG\UONCORE\BUSMASTER\SOURCES\BIN\DUMPFILES\BUSMASTER_DEBUG\OBJ\UTILS\FLEXLISTCTRL.OBJ
C:\XDIAG\UONCORE\BUSMASTER\SOURCES\BIN\DUMPFILES\BUSMASTER_DEBUG\OBJ\UTILS\FFLISTCTRL.OBJ
C:\XDIAG\UONCORE\BUSMASTER\SOURCES\BIN\DUMPFILES\BUSMASTER_DEBUG\OBJ\UTILS\EDITITEM.OBJ
C:\XDIAG\UONCORE\BUSMASTER\SOURCES\BIN\DUMPFILES\BUSMASTER_DEBUG\OBJ\UTILS\DIRECTORYWATCHER.OBJ
C:\XDIAG\UONCORE\BUSMASTER\SOURCES\BIN\DUMPFILES\BUSMASTER_DEBUG\OBJ\UTILS\COMPUTECHECKSUM.OBJ
C:\XDIAG\UONCORE\BUSMASTER\SOURCES\BIN\DUMPFILES\BUSMASTER_DEBUG\OBJ\UTILS\COMBOITEM.OBJ
C:\XDIAG\UONCORE\BUSMASTER\SOURCES\BIN\DUMPFILES\BUSMASTER_DEBUG\OBJ\UTILS\COLUMNTREEWND.OBJ
C:\XDIAG\UONCORE\BUSMASTER\SOURCES\BIN\DUMPFILES\BUSMASTER_DEBUG\OBJ\UTILS\COLUMNTREECTRL.OBJ
C:\XDIAG\UONCORE\BUSMASTER\SOURCES\BIN\DUMPFILES\BUSMASTER_DEBUG\OBJ\UTILS\COLORSELECTOR.OBJ
C:\XDIAG\UONCORE\BUSMASTER\SOURCES\BIN\DUMPFILES\BUSMASTER_DEBUG\OBJ\UTILS\BUTTONITEM.OBJ
C:\XDIAG\UONCORE\BUSMASTER\SOURCES\BIN\DUMPFILES\BUSMASTER_DEBUG\OBJ\UTILS\ALPHANUMIRICEDIT.OBJ
C:\XDIAG\UONCORE\BUSMASTER\SOURCES\BIN\DUMPFILES\BUSMASTER_DEBUG\OBJ\UTILS\ALPHACHAR.OBJ
C:\XDIAG\UONCORE\BUSMASTER\SOURCES\BIN\DUMPFILES\BUSMASTER_DEBUG\OBJ\UTILS\WAITINDICATOR.OBJ
C:\XDIAG\UONCORE\BUSMASTER\SOURCES\BIN\DUMPFILES\BUSMASTER_DEBUG\OBJ\UTILS\UTILITY_THREAD.OBJ
C:\XDIAG\UONCORE\BUSMASTER\SOURCES\BIN\DUMPFILES\BUSMASTER_DEBUG\OBJ\UTILS\UTILITY_STRUCTS.OBJ
C:\XDIAG\UONCORE\BUSMASTER\SOURCES\BIN\DUMPFILES\BUSMASTER_DEBUG\OBJ\UTILS\UTILITY.OBJ
C:\XDIAG\UONCORE\BUSMASTER\SOURCES\BIN\DUMPFILES\BUSMASTER_DEBUG\OBJ\UTILS\UTILFUNCTIONS.OBJ
C:\XDIAG\UONCORE\BUSMASTER\SOURCES\BIN\DUMPFILES\BUSMASTER_DEBUG\OBJ\UTILS\SIGNALMATRIX.OBJ
C:\XDIAG\UONCORE\BUSMASTER\SOURCES\UTILITY\BUSMASTER_DEBUG\VC110.PDB
C:\XDIAG\UONCORE\BUSMASTER\SOURCES\BIN\DUMPFILES\BUSMASTER_DEBUG\OBJ\UTILS\RADIXEDIT.OBJ
C:\XDIAG\UONCORE\BUSMASTER\SOURCES\BIN\LIBS\BUSMASTER_DEBUG\UTILS.LIB
C:\XDiag\uoncore\busmaster\Sources\Utility\busmaster_debug\cl.command.1.tlog
C:\XDiag\uoncore\busmaster\Sources\Utility\busmaster_debug\CL.read.1.tlog
C:\XDiag\uoncore\busmaster\Sources\Utility\busmaster_debug\CL.write.1.tlog
C:\XDiag\uoncore\busmaster\Sources\Utility\busmaster_debug\Lib-link.read.1.tlog
C:\XDiag\uoncore\busmaster\Sources\Utility\busmaster_debug\Lib-link.write.1.tlog
C:\XDiag\uoncore\busmaster\Sources\Utility\busmaster_debug\lib.command.1.tlog
C:\XDiag\uoncore\busmaster\Sources\Utility\busmaster_debug\Lib.read.1.tlog
C:\XDiag\uoncore\busmaster\Sources\Utility\busmaster_debug\vc110.pdb
