C:\XDiag\uoncore\busmaster\Sources\BIN\Libs\busmaster_debug\CAN_ETAS_BOA_1_5.lib
C:\XDiag\uoncore\busmaster\Sources\BIN\Libs\busmaster_debug\CAN_ETAS_BOA_1_5.exp
C:\XDIAG\UONCORE\BUSMASTER\SOURCES\CAN_ETAS_BOA\BUSMASTER_DEBUG\MULTILANGUAGE.OBJ
C:\XDIAG\UONCORE\BUSMASTER\SOURCES\CAN_ETAS_BOA\BUSMASTER_DEBUG\HARDWARELISTING.OBJ
C:\XDIAG\UONCORE\BUSMASTER\SOURCES\CAN_ETAS_BOA\BUSMASTER_DEBUG\CHANGEREGISTERS_CAN_ETAS_BOA.OBJ
C:\XDIAG\UONCORE\BUSMASTER\SOURCES\CAN_ETAS_BOA\BUSMASTER_DEBUG\CAN_ETAS_BOA.OBJ
C:\XDIAG\UONCORE\BUSMASTER\SOURCES\CAN_ETAS_BOA\BUSMASTER_DEBUG\VC110.PDB
C:\XDIAG\UONCORE\BUSMASTER\SOURCES\BIN\BUSMASTER_DEBUG\CAN_ETAS_BOA_1_5.DLL
C:\XDIAG\UONCORE\BUSMASTER\SOURCES\BIN\DUMPFILES\BUSMASTER_DEBUG\PDB\CAN_ETAS_BOA_1_5.PDB
C:\XDIAG\UONCORE\BUSMASTER\SOURCES\CAN_ETAS_BOA\BUSMASTER_DEBUG\CAN_ETAS_BOA.RES
C:\XDiag\uoncore\busmaster\Sources\CAN_ETAS_BOA\busmaster_debug\CAN_ETAS_BOA.obj
C:\XDiag\uoncore\busmaster\Sources\CAN_ETAS_BOA\busmaster_debug\ChangeRegisters_CAN_ETAS_BOA.obj
C:\XDiag\uoncore\busmaster\Sources\CAN_ETAS_BOA\busmaster_debug\HardwareListing.obj
C:\XDiag\uoncore\busmaster\Sources\CAN_ETAS_BOA\busmaster_debug\MultiLanguage.obj
C:\XDiag\uoncore\busmaster\Sources\CAN_ETAS_BOA\busmaster_debug\msxml6.tli
C:\XDiag\uoncore\busmaster\Sources\CAN_ETAS_BOA\busmaster_debug\msxml6.tlh
C:\XDiag\uoncore\busmaster\Sources\CAN_ETAS_BOA\busmaster_debug\CAN_ETAS_BOA_1_5.write.1.tlog
C:\XDiag\uoncore\busmaster\Sources\CAN_ETAS_BOA\busmaster_debug\cl.command.1.tlog
C:\XDiag\uoncore\busmaster\Sources\CAN_ETAS_BOA\busmaster_debug\CL.read.1.tlog
C:\XDiag\uoncore\busmaster\Sources\CAN_ETAS_BOA\busmaster_debug\CL.write.1.tlog
C:\XDiag\uoncore\busmaster\Sources\CAN_ETAS_BOA\busmaster_debug\link-cvtres.read.1.tlog
C:\XDiag\uoncore\busmaster\Sources\CAN_ETAS_BOA\busmaster_debug\link-cvtres.write.1.tlog
C:\XDiag\uoncore\busmaster\Sources\CAN_ETAS_BOA\busmaster_debug\link-mt.read.1.tlog
C:\XDiag\uoncore\busmaster\Sources\CAN_ETAS_BOA\busmaster_debug\link-mt.write.1.tlog
C:\XDiag\uoncore\busmaster\Sources\CAN_ETAS_BOA\busmaster_debug\link-rc.read.1.tlog
C:\XDiag\uoncore\busmaster\Sources\CAN_ETAS_BOA\busmaster_debug\link-rc.write.1.tlog
C:\XDiag\uoncore\busmaster\Sources\CAN_ETAS_BOA\busmaster_debug\link.command.1.tlog
C:\XDiag\uoncore\busmaster\Sources\CAN_ETAS_BOA\busmaster_debug\link.read.1.tlog
C:\XDiag\uoncore\busmaster\Sources\CAN_ETAS_BOA\busmaster_debug\link.write.1.tlog
C:\XDiag\uoncore\busmaster\Sources\CAN_ETAS_BOA\busmaster_debug\rc.command.1.tlog
C:\XDiag\uoncore\busmaster\Sources\CAN_ETAS_BOA\busmaster_debug\rc.read.1.tlog
C:\XDiag\uoncore\busmaster\Sources\CAN_ETAS_BOA\busmaster_debug\rc.write.1.tlog
C:\XDiag\uoncore\busmaster\Sources\CAN_ETAS_BOA\busmaster_debug\CAN_ETAS_BOA.res
C:\XDiag\uoncore\busmaster\Sources\CAN_ETAS_BOA\busmaster_debug\vc110.pdb
