生成启动时间为 2015/11/18 10:42:10。
     1>项目“C:\XDiag\uoncore\busmaster\Sources\CAN_ETAS_BOA\CAN_ETAS_BOA_1_5.vcxproj”在节点 2 上(Rebuild 个目标)。
     1>ClCompile:
         C:\Program Files\Microsoft Visual Studio 11.0\VC\bin\CL.exe /c /IC:\XDiag\uoncore\busmaster\Sources\ /IC:\WinDDK\7600.16385.1\inc\mfc42 /IC:\WinDDK\7600.16385.1\inc\atl71 /Zi /nologo /W4 /WX- /Od /Oy- /D WIN32 /D _WINDOWS /D NDEBUG /D _USRDLL /D WINVER=0x0500 /D _VC80_UPGRADE=0x0710 /D _USING_V110_SDK71_ /D _WINDLL /D _MBCS /D _AFXDLL /Gm- /EHsc /MD /GS /fp:precise /Zc:wchar_t /Zc:forScope /Fo"busmaster_debug\\" /Fd"busmaster_debug\vc110.pdb" /Gd /TP /analyze- /errorReport:prompt /I "C:\XDiag\uoncore\busmaster\Sources\/Localization/include" /D "BOA_VERSION=BOA_VERSION_1_5" CAN_ETAS_BOA.cpp ChangeRegisters_CAN_ETAS_BOA.cpp HardwareListing.cpp ..\Application\MultiLanguage.cpp
         CAN_ETAS_BOA.cpp
     1>CAN_ETAS_BOA.cpp(1919): warning C4100: “unChannelCount”: 未引用的形参
     1>CAN_ETAS_BOA.cpp(1919): warning C4100: “dwDriverId”: 未引用的形参
     1>CAN_ETAS_BOA.cpp(2190): warning C4018: “<”: 有符号/无符号不匹配
         ChangeRegisters_CAN_ETAS_BOA.cpp
         HardwareListing.cpp
         MultiLanguage.cpp
     1>c:\xdiag\uoncore\busmaster\sources\application\stdAfx.h(80): warning C4192: 导入类型库“ISequentialStream”时自动排除“msxml6.dll”
     1>c:\xdiag\uoncore\busmaster\sources\application\stdAfx.h(80): warning C4192: 导入类型库“_FILETIME”时自动排除“msxml6.dll”
     1>..\Application\MultiLanguage.cpp(190): warning C4996: 'sscanf': This function or variable may be unsafe. Consider using sscanf_s instead. To disable deprecation, use _CRT_SECURE_NO_WARNINGS. See online help for details.
                 C:\Program Files\Microsoft Visual Studio 11.0\VC\include\stdio.h(311) : 参见“sscanf”的声明
         正在生成代码...
       ResourceCompile:
         C:\Program Files\Microsoft SDKs\Windows\v7.1A\bin\rc.exe /D NDEBUG /D _VC80_UPGRADE=0x0710 /D _USING_V110_SDK71_ /D _AFXDLL /l"0x0409" /Ibusmaster_debug\ /IC:\WinDDK\7600.16385.1\inc\mfc42 /IC:\WinDDK\7600.16385.1\inc\atl71 /nologo /fo"busmaster_debug\CAN_ETAS_BOA.res" CAN_ETAS_BOA.rc 
     1>C:\Program Files\MSBuild\Microsoft.Cpp\v4.0\V110\Microsoft.CppBuild.targets(1137,5): warning MSB8012: TargetPath(C:\XDiag\uoncore\busmaster\Sources\CAN_ETAS_BOA\busmaster_debug\CAN_ETAS_BOA_1_5.dll) does not match the Linker's OutputFile property value (C:\XDiag\uoncore\busmaster\Sources\bin\busmaster_debug\CAN_ETAS_BOA_1_5.dll). This may cause your project to build incorrectly. To correct this, please make sure that $(OutDir), $(TargetName) and $(TargetExt) property values match the value specified in %(Link.OutputFile).
       Link:
         C:\Program Files\Microsoft Visual Studio 11.0\VC\bin\link.exe /ERRORREPORT:PROMPT /OUT:"C:\XDiag\uoncore\busmaster\Sources\/bin/busmaster_debug\CAN_ETAS_BOA_1_5.dll" /INCREMENTAL:NO /NOLOGO /LIBPATH:C:\WinDDK\7600.16385.1\lib\Mfc\i386 /LIBPATH:C:\WinDDK\7600.16385.1\lib\ATL\i386 Advapi32.lib /NODEFAULTLIB:daouuid.lib /MANIFEST /MANIFESTUAC:"level='asInvoker' uiAccess='false'" /manifest:embed /manifestinput:"C:\Program Files\Microsoft Visual Studio 11.0\VC\Include\Manifest\dpiaware.manifest" /DEBUG /PDB:"C:\XDiag\uoncore\busmaster\Sources\/bin/DumpFiles/busmaster_debug\/PDB/CAN_ETAS_BOA_1_5.pdb" /SUBSYSTEM:WINDOWS,"5.01" /STACK:"8000000" /OPT:REF /OPT:ICF /TLBID:1 /DYNAMICBASE:NO /IMPLIB:"C:\XDiag\uoncore\busmaster\Sources\/BIN/Libs/busmaster_debug\CAN_ETAS_BOA_1_5.lib" /MACHINE:X86 /SAFESEH "C:\XDiag\uoncore\busmaster\Sources\/BIN/Libs/busmaster_debug\Utils.lib"
          /DLL busmaster_debug\CAN_ETAS_BOA.res
         busmaster_debug\CAN_ETAS_BOA.obj
         busmaster_debug\ChangeRegisters_CAN_ETAS_BOA.obj
         busmaster_debug\HardwareListing.obj
         busmaster_debug\MultiLanguage.obj
         C:\XDiag\uoncore\busmaster\Sources\BIN\Libs\busmaster_debug\DataTypes.lib
            正在创建库 C:\XDiag\uoncore\busmaster\Sources\/BIN/Libs/busmaster_debug\CAN_ETAS_BOA_1_5.lib 和对象 C:\XDiag\uoncore\busmaster\Sources\/BIN/Libs/busmaster_debug\CAN_ETAS_BOA_1_5.exp
         CAN_ETAS_BOA_1_5.vcxproj -> C:\XDiag\uoncore\busmaster\Sources\CAN_ETAS_BOA\busmaster_debug\CAN_ETAS_BOA_1_5.dll
     1>已完成生成项目“C:\XDiag\uoncore\busmaster\Sources\CAN_ETAS_BOA\CAN_ETAS_BOA_1_5.vcxproj”(Rebuild 个目标)的操作。

生成成功。

已用时间 00:00:08.13
