C:\XDIAG\UONCORE\BUSMASTER\SOURCES\BIN\DUMPFILES\BUSMASTER_DEBUG\OBJ\PROJECTCONFIGURATION\PROJECTCONFIGURATION.OBJ
C:\XDIAG\UONCORE\BUSMASTER\SOURCES\BIN\DUMPFILES\BUSMASTER_DEBUG\OBJ\PROJECTCONFIGURATION\PROJCONFIGMANAGER.OBJ
C:\XDIAG\UONCORE\BUSMASTER\SOURCES\BIN\DUMPFILES\BUSMASTER_DEBUG\OBJ\PROJECTCONFIGURATION\PROJCONFIG.OBJ
C:\XDIAG\UONCORE\BUSMASTER\SOURCES\BIN\DUMPFILES\BUSMASTER_DEBUG\OBJ\PROJECTCONFIGURATION\OPERATIONS_FILE.OBJ
C:\XDIAG\UONCORE\BUSMASTER\SOURCES\PROJECTCONFIGURATION\RELEASE\VC110.PDB
C:\XDIAG\UONCORE\BUSMASTER\SOURCES\BIN\BUSMASTER_DEBUG\PROJECTCONFIGURATION.DLL
C:\XDIAG\UONCORE\BUSMASTER\SOURCES\BIN\DUMPFILES\BUSMASTER_DEBUG\PDB\PROJECTCONFIGURATION.PDB
C:\XDiag\uoncore\busmaster\Sources\BIN\Libs\busmaster_debug\ProjectConfiguration.lib
C:\XDiag\uoncore\busmaster\Sources\BIN\Libs\busmaster_debug\ProjectConfiguration.exp
C:\XDiag\uoncore\busmaster\Sources\ProjectConfiguration\busmaster_debug\cl.command.1.tlog
C:\XDiag\uoncore\busmaster\Sources\ProjectConfiguration\busmaster_debug\CL.read.1.tlog
C:\XDiag\uoncore\busmaster\Sources\ProjectConfiguration\busmaster_debug\CL.write.1.tlog
C:\XDiag\uoncore\busmaster\Sources\ProjectConfiguration\busmaster_debug\link-cvtres.read.1.tlog
C:\XDiag\uoncore\busmaster\Sources\ProjectConfiguration\busmaster_debug\link-cvtres.write.1.tlog
C:\XDiag\uoncore\busmaster\Sources\ProjectConfiguration\busmaster_debug\link-mt.read.1.tlog
C:\XDiag\uoncore\busmaster\Sources\ProjectConfiguration\busmaster_debug\link-mt.write.1.tlog
C:\XDiag\uoncore\busmaster\Sources\ProjectConfiguration\busmaster_debug\link-rc.read.1.tlog
C:\XDiag\uoncore\busmaster\Sources\ProjectConfiguration\busmaster_debug\link-rc.write.1.tlog
C:\XDiag\uoncore\busmaster\Sources\ProjectConfiguration\busmaster_debug\link.command.1.tlog
C:\XDiag\uoncore\busmaster\Sources\ProjectConfiguration\busmaster_debug\link.read.1.tlog
C:\XDiag\uoncore\busmaster\Sources\ProjectConfiguration\busmaster_debug\link.write.1.tlog
C:\XDiag\uoncore\busmaster\Sources\ProjectConfiguration\busmaster_debug\ProjectConfiguration.write.1.tlog
