生成启动时间为 2015/11/18 10:45:34。
     1>项目“C:\XDiag\uoncore\busmaster\Sources\ProjectConfiguration\ProjectConfiguration.vcxproj”在节点 3 上(Rebuild 个目标)。
     1>ClCompile:
         C:\Program Files\Microsoft Visual Studio 11.0\VC\bin\CL.exe /c /IC:\XDiag\uoncore\busmaster\Sources\ /IC:\WinDDK\7600.16385.1\inc\mfc42 /IC:\WinDDK\7600.16385.1\inc\atl71 /Zi /nologo /W4 /WX- /Od /Oy- /D WIN32 /D _WINDOWS /D NDEBUG /D _USRDLL /D WINVER=0x0500 /D _VC80_UPGRADE=0x0710 /D _USING_V110_SDK71_ /D _WINDLL /D _MBCS /D _AFXDLL /Gm- /EHsc /MD /GS /fp:precise /Zc:wchar_t /Zc:forScope /Fo"C:\XDiag\uoncore\busmaster\Sources\/bin/DumpFiles/busmaster_debug\/OBJ/ProjectConfiguration/" /Fd".\Release/vc110.pdb" /Gd /TP /analyze- /errorReport:prompt /I "C:\XDiag\uoncore\busmaster\Sources\/Localization/include" operations_file.cpp ProjConfig.cpp projConfigManager.cpp ProjectConfiguration.cpp
         operations_file.cpp
         ProjConfig.cpp
         projConfigManager.cpp
         ProjectConfiguration.cpp
         正在生成代码...
     1>c:\xdiag\uoncore\busmaster\sources\projectconfiguration\operations_file.cpp(378): warning C4706: 条件表达式内的赋值
     1>c:\xdiag\uoncore\busmaster\sources\projectconfiguration\operations_file.cpp(418): warning C4706: 条件表达式内的赋值
     1>C:\Program Files\MSBuild\Microsoft.Cpp\v4.0\V110\Microsoft.CppBuild.targets(1137,5): warning MSB8012: TargetPath(C:\XDiag\uoncore\busmaster\Sources\ProjectConfiguration\busmaster_debug\ProjectConfiguration.dll) does not match the Linker's OutputFile property value (C:\XDiag\uoncore\busmaster\Sources\bin\busmaster_debug\ProjectConfiguration.dll). This may cause your project to build incorrectly. To correct this, please make sure that $(OutDir), $(TargetName) and $(TargetExt) property values match the value specified in %(Link.OutputFile).
       Link:
         C:\Program Files\Microsoft Visual Studio 11.0\VC\bin\link.exe /ERRORREPORT:PROMPT /OUT:"C:\XDiag\uoncore\busmaster\Sources\/bin/busmaster_debug\ProjectConfiguration.dll" /INCREMENTAL:NO /NOLOGO /LIBPATH:C:\WinDDK\7600.16385.1\lib\Mfc\i386 /LIBPATH:C:\WinDDK\7600.16385.1\lib\ATL\i386 /MANIFEST /MANIFESTUAC:"level='asInvoker' uiAccess='false'" /manifest:embed /manifestinput:"C:\Program Files\Microsoft Visual Studio 11.0\VC\Include\Manifest\dpiaware.manifest" /DEBUG /PDB:"C:\XDiag\uoncore\busmaster\Sources\/bin/DumpFiles/busmaster_debug\/PDB/ProjectConfiguration.pdb" /SUBSYSTEM:WINDOWS,"5.01" /STACK:"0" /TLBID:1 /BASE:"0x65000000" /DYNAMICBASE:NO /IMPLIB:"C:\XDiag\uoncore\busmaster\Sources\/BIN/Libs/busmaster_debug\ProjectConfiguration.lib" /MACHINE:X86 /SAFESEH "C:\XDiag\uoncore\busmaster\Sources\/BIN/Libs/busmaster_debug\DataTypes.lib"
          /DLL C:\XDiag\uoncore\busmaster\Sources\/bin/DumpFiles/busmaster_debug\/OBJ/ProjectConfiguration/operations_file.obj
         C:\XDiag\uoncore\busmaster\Sources\/bin/DumpFiles/busmaster_debug\/OBJ/ProjectConfiguration/ProjConfig.obj
         C:\XDiag\uoncore\busmaster\Sources\/bin/DumpFiles/busmaster_debug\/OBJ/ProjectConfiguration/projConfigManager.obj
         C:\XDiag\uoncore\busmaster\Sources\/bin/DumpFiles/busmaster_debug\/OBJ/ProjectConfiguration/ProjectConfiguration.obj
         C:\XDiag\uoncore\busmaster\Sources\BIN\Libs\busmaster_debug\DataTypes.lib
            正在创建库 C:\XDiag\uoncore\busmaster\Sources\/BIN/Libs/busmaster_debug\ProjectConfiguration.lib 和对象 C:\XDiag\uoncore\busmaster\Sources\/BIN/Libs/busmaster_debug\ProjectConfiguration.exp
         ProjectConfiguration.vcxproj -> C:\XDiag\uoncore\busmaster\Sources\ProjectConfiguration\busmaster_debug\ProjectConfiguration.dll
     1>已完成生成项目“C:\XDiag\uoncore\busmaster\Sources\ProjectConfiguration\ProjectConfiguration.vcxproj”(Rebuild 个目标)的操作。

生成成功。

已用时间 00:00:06.04
