生成启动时间为 2015/11/18 10:42:54。
     1>项目“C:\XDiag\uoncore\busmaster\Sources\CAN_ISOLAR_EVE_VCAN\CAN_ISOLAR_EVE_VCAN.vcxproj”在节点 2 上(Rebuild 个目标)。
     1>ClCompile:
         C:\Program Files\Microsoft Visual Studio 11.0\VC\bin\CL.exe /c /IC:\XDiag\uoncore\busmaster\Sources\ /IC:\WinDDK\7600.16385.1\inc\mfc42 /IC:\WinDDK\7600.16385.1\inc\atl71 /Zi /nologo /W4 /WX- /Od /Oy- /D WIN32 /D _WINDOWS /D NDEBUG /D _USRDLL /D WINVER=0x0500 /D _VC80_UPGRADE=0x0710 /D _USING_V110_SDK71_ /D _WINDLL /D _MBCS /D _AFXDLL /Gm- /EHsc /MD /GS /fp:precise /Zc:wchar_t /Zc:forScope /Fo"C:\XDiag\uoncore\busmaster\Sources\/bin/DumpFiles/busmaster_debug\/OBJ/CAN_ISOLAR_EVE_VCAN/" /Fd"busmaster_debug\vc110.pdb" /Gd /TP /analyze- /errorReport:prompt /I "C:\XDiag\uoncore\busmaster\Sources\/Localization/include" CAN_ISOLAR_EVE_VCAN.cpp CAN_ISOLAR_EVE_VCAN_stdafx.cpp
         CAN_ISOLAR_EVE_VCAN.cpp
     1>CAN_ISOLAR_EVE_VCAN.cpp(211): warning C4244: “=”: 从“int”转换到“unsigned char”，可能丢失数据
     1>CAN_ISOLAR_EVE_VCAN.cpp(841): warning C4100: “nLength”: 未引用的形参
     1>CAN_ISOLAR_EVE_VCAN.cpp(841): warning C4100: “punMsgIds”: 未引用的形参
     1>CAN_ISOLAR_EVE_VCAN.cpp(841): warning C4100: “Channel”: 未引用的形参
     1>CAN_ISOLAR_EVE_VCAN.cpp(841): warning C4100: “FilterType”: 未引用的形参
     1>CAN_ISOLAR_EVE_VCAN.cpp(856): warning C4244: “=”: 从“ECONTR_STATUS”转换到“unsigned short”，可能丢失数据
     1>CAN_ISOLAR_EVE_VCAN.cpp(1006): warning C4996: 'strcpy': This function or variable may be unsafe. Consider using strcpy_s instead. To disable deprecation, use _CRT_SECURE_NO_WARNINGS. See online help for details.
                 C:\Program Files\Microsoft Visual Studio 11.0\VC\include\string.h(110) : 参见“strcpy”的声明
     1>CAN_ISOLAR_EVE_VCAN.cpp(1022): warning C4996: 'strcpy': This function or variable may be unsafe. Consider using strcpy_s instead. To disable deprecation, use _CRT_SECURE_NO_WARNINGS. See online help for details.
                 C:\Program Files\Microsoft Visual Studio 11.0\VC\include\string.h(110) : 参见“strcpy”的声明
     1>CAN_ISOLAR_EVE_VCAN.cpp(1134): warning C4100: “unChannelCount”: 未引用的形参
     1>CAN_ISOLAR_EVE_VCAN.cpp(1134): warning C4100: “bIsHardwareListed”: 未引用的形参
     1>CAN_ISOLAR_EVE_VCAN.cpp(1134): warning C4100: “dwDriverId”: 未引用的形参
         CAN_ISOLAR_EVE_VCAN_stdafx.cpp
         正在生成代码...
     1>C:\Program Files\MSBuild\Microsoft.Cpp\v4.0\V110\Microsoft.CppBuild.targets(1137,5): warning MSB8012: TargetPath(C:\XDiag\uoncore\busmaster\Sources\CAN_ISOLAR_EVE_VCAN\busmaster_debug\CAN_ISOLAR_EVE_VCAN.dll) does not match the Linker's OutputFile property value (C:\XDiag\uoncore\busmaster\Sources\bin\busmaster_debug\CAN_ISOLAR_EVE_VCAN.dll). This may cause your project to build incorrectly. To correct this, please make sure that $(OutDir), $(TargetName) and $(TargetExt) property values match the value specified in %(Link.OutputFile).
       Link:
         C:\Program Files\Microsoft Visual Studio 11.0\VC\bin\link.exe /ERRORREPORT:PROMPT /OUT:"C:\XDiag\uoncore\busmaster\Sources\/bin/busmaster_debug\CAN_ISOLAR_EVE_VCAN.dll" /INCREMENTAL:NO /NOLOGO /LIBPATH:C:\WinDDK\7600.16385.1\lib\Mfc\i386 /LIBPATH:C:\WinDDK\7600.16385.1\lib\ATL\i386 Advapi32.lib /NODEFAULTLIB:daouuid.lib /MANIFEST /MANIFESTUAC:"level='asInvoker' uiAccess='false'" /manifest:embed /manifestinput:"C:\Program Files\Microsoft Visual Studio 11.0\VC\Include\Manifest\dpiaware.manifest" /DEBUG /PDB:"C:\XDiag\uoncore\busmaster\Sources\/bin/DumpFiles/busmaster_debug\/PDB/CAN_ISOLAR_EVE_VCAN.pdb" /SUBSYSTEM:WINDOWS,"5.01" /STACK:"8000000" /OPT:REF /OPT:ICF /TLBID:1 /DYNAMICBASE:NO /IMPLIB:"C:\XDiag\uoncore\busmaster\Sources\/BIN/Libs/busmaster_debug\CAN_ISOLAR_EVE_VCAN.lib" /MACHINE:X86 /SAFESEH "C:\XDiag\uoncore\busmaster\Sources\/BIN/Libs/busmaster_debug\DataTypes.lib"
         "C:\XDiag\uoncore\busmaster\Sources\/BIN/Libs/busmaster_debug\Utils.lib"
          /DLL C:\XDiag\uoncore\busmaster\Sources\/bin/DumpFiles/busmaster_debug\/OBJ/CAN_ISOLAR_EVE_VCAN/CAN_ISOLAR_EVE_VCAN.obj
         C:\XDiag\uoncore\busmaster\Sources\/bin/DumpFiles/busmaster_debug\/OBJ/CAN_ISOLAR_EVE_VCAN/CAN_ISOLAR_EVE_VCAN_stdafx.obj
            正在创建库 C:\XDiag\uoncore\busmaster\Sources\/BIN/Libs/busmaster_debug\CAN_ISOLAR_EVE_VCAN.lib 和对象 C:\XDiag\uoncore\busmaster\Sources\/BIN/Libs/busmaster_debug\CAN_ISOLAR_EVE_VCAN.exp
         CAN_ISOLAR_EVE_VCAN.vcxproj -> C:\XDiag\uoncore\busmaster\Sources\CAN_ISOLAR_EVE_VCAN\busmaster_debug\CAN_ISOLAR_EVE_VCAN.dll
     1>已完成生成项目“C:\XDiag\uoncore\busmaster\Sources\CAN_ISOLAR_EVE_VCAN\CAN_ISOLAR_EVE_VCAN.vcxproj”(Rebuild 个目标)的操作。

生成成功。

已用时间 00:00:03.85
