C:\XDiag\uoncore\busmaster\Sources\BIN\Libs\busmaster_debug\CAN_ISOLAR_EVE_VCAN.lib
C:\XDiag\uoncore\busmaster\Sources\BIN\Libs\busmaster_debug\CAN_ISOLAR_EVE_VCAN.exp
C:\XDIAG\UONCORE\BUSMASTER\SOURCES\BIN\DUMPFILES\BUSMASTER_DEBUG\OBJ\CAN_ISOLAR_EVE_VCAN\CAN_ISOLAR_EVE_VCAN_STDAFX.OBJ
C:\XDIAG\UONCORE\BUSMASTER\SOURCES\BIN\DUMPFILES\BUSMASTER_DEBUG\OBJ\CAN_ISOLAR_EVE_VCAN\CAN_ISOLAR_EVE_VCAN.OBJ
C:\XDIAG\UONCORE\BUSMASTER\SOURCES\CAN_ISOLAR_EVE_VCAN\BUSMASTER_DEBUG\VC110.PDB
C:\XDIAG\UONCORE\BUSMASTER\SOURCES\BIN\BUSMASTER_DEBUG\CAN_ISOLAR_EVE_VCAN.DLL
C:\XDIAG\UONCORE\BUSMASTER\SOURCES\BIN\DUMPFILES\BUSMASTER_DEBUG\PDB\CAN_ISOLAR_EVE_VCAN.PDB
C:\XDiag\uoncore\busmaster\Sources\CAN_ISOLAR_EVE_VCAN\busmaster_debug\CAN_ISOLAR_EVE_VCAN.write.1.tlog
C:\XDiag\uoncore\busmaster\Sources\CAN_ISOLAR_EVE_VCAN\busmaster_debug\cl.command.1.tlog
C:\XDiag\uoncore\busmaster\Sources\CAN_ISOLAR_EVE_VCAN\busmaster_debug\CL.read.1.tlog
C:\XDiag\uoncore\busmaster\Sources\CAN_ISOLAR_EVE_VCAN\busmaster_debug\CL.write.1.tlog
C:\XDiag\uoncore\busmaster\Sources\CAN_ISOLAR_EVE_VCAN\busmaster_debug\link-cvtres.read.1.tlog
C:\XDiag\uoncore\busmaster\Sources\CAN_ISOLAR_EVE_VCAN\busmaster_debug\link-cvtres.write.1.tlog
C:\XDiag\uoncore\busmaster\Sources\CAN_ISOLAR_EVE_VCAN\busmaster_debug\link-mt.read.1.tlog
C:\XDiag\uoncore\busmaster\Sources\CAN_ISOLAR_EVE_VCAN\busmaster_debug\link-mt.write.1.tlog
C:\XDiag\uoncore\busmaster\Sources\CAN_ISOLAR_EVE_VCAN\busmaster_debug\link-rc.read.1.tlog
C:\XDiag\uoncore\busmaster\Sources\CAN_ISOLAR_EVE_VCAN\busmaster_debug\link-rc.write.1.tlog
C:\XDiag\uoncore\busmaster\Sources\CAN_ISOLAR_EVE_VCAN\busmaster_debug\link.command.1.tlog
C:\XDiag\uoncore\busmaster\Sources\CAN_ISOLAR_EVE_VCAN\busmaster_debug\link.read.1.tlog
C:\XDiag\uoncore\busmaster\Sources\CAN_ISOLAR_EVE_VCAN\busmaster_debug\link.write.1.tlog
C:\XDiag\uoncore\busmaster\Sources\CAN_ISOLAR_EVE_VCAN\busmaster_debug\vc110.pdb
