C:\XDIAG\UONCORE\BUSMASTER\SOURCES\BIN\DUMPFILES\BUSMASTER_DEBUG\OBJ\DIL_J1939\TRANSFERLAYER.OBJ
C:\XDIAG\UONCORE\BUSMASTER\SOURCES\BIN\DUMPFILES\BUSMASTER_DEBUG\OBJ\DIL_J1939\READCANMSG.OBJ
C:\XDIAG\UONCORE\BUSMASTER\SOURCES\BIN\DUMPFILES\BUSMASTER_DEBUG\OBJ\DIL_J1939\NODECONMANAGER.OBJ
C:\XDIAG\UONCORE\BUSMASTER\SOURCES\BIN\DUMPFILES\BUSMASTER_DEBUG\OBJ\DIL_J1939\NETWORKMGMT.OBJ
C:\XDIAG\UONCORE\BUSMASTER\SOURCES\BIN\DUMPFILES\BUSMASTER_DEBUG\OBJ\DIL_J1939\MONITORNODE.OBJ
C:\XDIAG\UONCORE\BUSMASTER\SOURCES\BIN\DUMPFILES\BUSMASTER_DEBUG\OBJ\DIL_J1939\DIL_J1939_STDAFX.OBJ
C:\XDIAG\UONCORE\BUSMASTER\SOURCES\BIN\DUMPFILES\BUSMASTER_DEBUG\OBJ\DIL_J1939\DIL_J1939.OBJ
C:\XDIAG\UONCORE\BUSMASTER\SOURCES\BIN\DUMPFILES\BUSMASTER_DEBUG\OBJ\DIL_J1939\CONNECTIONDET.OBJ
C:\XDIAG\UONCORE\BUSMASTER\SOURCES\DIL_J1939\BUSMASTER_DEBUG\VC110.PDB
C:\XDiag\uoncore\busmaster\Sources\BIN\Libs\busmaster_debug\DIL_J1939.lib
C:\XDiag\uoncore\busmaster\Sources\BIN\Libs\busmaster_debug\DIL_J1939.exp
C:\XDIAG\UONCORE\BUSMASTER\SOURCES\BIN\BUSMASTER_DEBUG\DIL_J1939.DLL
C:\XDIAG\UONCORE\BUSMASTER\SOURCES\BIN\DUMPFILES\BUSMASTER_DEBUG\PDB\DIL_J1939.PDB
C:\XDiag\uoncore\busmaster\Sources\DIL_J1939\busmaster_debug\cl.command.1.tlog
C:\XDiag\uoncore\busmaster\Sources\DIL_J1939\busmaster_debug\CL.read.1.tlog
C:\XDiag\uoncore\busmaster\Sources\DIL_J1939\busmaster_debug\CL.write.1.tlog
C:\XDiag\uoncore\busmaster\Sources\DIL_J1939\busmaster_debug\DIL_J1939.write.1.tlog
C:\XDiag\uoncore\busmaster\Sources\DIL_J1939\busmaster_debug\link-cvtres.read.1.tlog
C:\XDiag\uoncore\busmaster\Sources\DIL_J1939\busmaster_debug\link-cvtres.write.1.tlog
C:\XDiag\uoncore\busmaster\Sources\DIL_J1939\busmaster_debug\link-mt.read.1.tlog
C:\XDiag\uoncore\busmaster\Sources\DIL_J1939\busmaster_debug\link-mt.write.1.tlog
C:\XDiag\uoncore\busmaster\Sources\DIL_J1939\busmaster_debug\link-rc.read.1.tlog
C:\XDiag\uoncore\busmaster\Sources\DIL_J1939\busmaster_debug\link-rc.write.1.tlog
C:\XDiag\uoncore\busmaster\Sources\DIL_J1939\busmaster_debug\link.command.1.tlog
C:\XDiag\uoncore\busmaster\Sources\DIL_J1939\busmaster_debug\link.read.1.tlog
C:\XDiag\uoncore\busmaster\Sources\DIL_J1939\busmaster_debug\link.write.1.tlog
C:\XDiag\uoncore\busmaster\Sources\DIL_J1939\busmaster_debug\vc110.pdb
