生成启动时间为 2015/11/18 10:42:25。
     1>项目“C:\XDiag\uoncore\busmaster\Sources\CAN_iVIEW\CAN_i-VIEW.vcxproj”在节点 2 上(Rebuild 个目标)。
     1>ClCompile:
         C:\Program Files\Microsoft Visual Studio 11.0\VC\bin\CL.exe /c /IC:\XDiag\uoncore\busmaster\Sources\ /IC:\WinDDK\7600.16385.1\inc\mfc42 /IC:\WinDDK\7600.16385.1\inc\atl71 /I\lib /I\include /I"\mDNSResponder-333.10\mDNSShared" /I. /Zi /nologo /W4 /WX- /Od /Oy- /D WIN32 /D _WINDOWS /D NDEBUG /D _USRDLL /D WINVER=0x0500 /D _VC80_UPGRADE=0x0710 /D _USING_V110_SDK71_ /D _WINDLL /D _MBCS /D _AFXDLL /GF- /Gm- /EHsc /MD /GS /Gy- /fp:precise /Zc:wchar_t /Zc:forScope /Fo"C:\XDiag\uoncore\busmaster\Sources\/bin/DumpFiles/busmaster_debug\/OBJ/CAN_i-VIEW/" /Fd"busmaster_debug\vc110.pdb" /Gd /TP /analyze- /errorReport:prompt AcceptanceFilterDlg.cpp "CAN_i-VIEW.cpp" CANRegAnalysis.cpp ChangeRegisters.cpp HardwareListing.cpp
         AcceptanceFilterDlg.cpp
         CAN_i-VIEW.cpp
     1>c:\xdiag\uoncore\busmaster\sources\can_iview\EXTERNAL\vci.h(519): warning C4005: “EIDRM”: 宏重定义
                 C:\Program Files\Microsoft Visual Studio 11.0\VC\include\errno.h(103) : 参见“EIDRM”的前一个定义
     1>c:\xdiag\uoncore\busmaster\sources\can_iview\EXTERNAL\vci.h(540): warning C4005: “ENOSTR”: 宏重定义
                 C:\Program Files\Microsoft Visual Studio 11.0\VC\include\errno.h(117) : 参见“ENOSTR”的前一个定义
     1>c:\xdiag\uoncore\busmaster\sources\can_iview\EXTERNAL\vci.h(541): warning C4005: “ENODATA”: 宏重定义
                 C:\Program Files\Microsoft Visual Studio 11.0\VC\include\errno.h(112) : 参见“ENODATA”的前一个定义
     1>c:\xdiag\uoncore\busmaster\sources\can_iview\EXTERNAL\vci.h(542): warning C4005: “ETIME”: 宏重定义
                 C:\Program Files\Microsoft Visual Studio 11.0\VC\include\errno.h(129) : 参见“ETIME”的前一个定义
     1>c:\xdiag\uoncore\busmaster\sources\can_iview\EXTERNAL\vci.h(543): warning C4005: “ENOSR”: 宏重定义
                 C:\Program Files\Microsoft Visual Studio 11.0\VC\include\errno.h(116) : 参见“ENOSR”的前一个定义
     1>c:\xdiag\uoncore\busmaster\sources\can_iview\EXTERNAL\vci.h(547): warning C4005: “ENOLINK”: 宏重定义
                 C:\Program Files\Microsoft Visual Studio 11.0\VC\include\errno.h(113) : 参见“ENOLINK”的前一个定义
     1>c:\xdiag\uoncore\busmaster\sources\can_iview\EXTERNAL\vci.h(551): warning C4005: “EPROTO”: 宏重定义
                 C:\Program Files\Microsoft Visual Studio 11.0\VC\include\errno.h(126) : 参见“EPROTO”的前一个定义
     1>c:\xdiag\uoncore\busmaster\sources\can_iview\EXTERNAL\vci.h(554): warning C4005: “EBADMSG”: 宏重定义
                 C:\Program Files\Microsoft Visual Studio 11.0\VC\include\errno.h(96) : 参见“EBADMSG”的前一个定义
     1>c:\xdiag\uoncore\busmaster\sources\can_iview\EXTERNAL\vci.h(555): warning C4005: “EOVERFLOW”: 宏重定义
                 C:\Program Files\Microsoft Visual Studio 11.0\VC\include\errno.h(124) : 参见“EOVERFLOW”的前一个定义
     1>c:\xdiag\uoncore\busmaster\sources\can_iview\EXTERNAL\vci.h(572): warning C4005: “ENOTSOCK”: 宏重定义
                 C:\Program Files\Microsoft Visual Studio 11.0\VC\include\errno.h(120) : 参见“ENOTSOCK”的前一个定义
     1>c:\xdiag\uoncore\busmaster\sources\can_iview\EXTERNAL\vci.h(573): warning C4005: “EDESTADDRREQ”: 宏重定义
                 C:\Program Files\Microsoft Visual Studio 11.0\VC\include\errno.h(101) : 参见“EDESTADDRREQ”的前一个定义
     1>c:\xdiag\uoncore\busmaster\sources\can_iview\EXTERNAL\vci.h(574): warning C4005: “EMSGSIZE”: 宏重定义
                 C:\Program Files\Microsoft Visual Studio 11.0\VC\include\errno.h(107) : 参见“EMSGSIZE”的前一个定义
     1>c:\xdiag\uoncore\busmaster\sources\can_iview\EXTERNAL\vci.h(575): warning C4005: “EPROTOTYPE”: 宏重定义
                 C:\Program Files\Microsoft Visual Studio 11.0\VC\include\errno.h(128) : 参见“EPROTOTYPE”的前一个定义
     1>c:\xdiag\uoncore\busmaster\sources\can_iview\EXTERNAL\vci.h(576): warning C4005: “ENOPROTOOPT”: 宏重定义
                 C:\Program Files\Microsoft Visual Studio 11.0\VC\include\errno.h(115) : 参见“ENOPROTOOPT”的前一个定义
     1>c:\xdiag\uoncore\busmaster\sources\can_iview\EXTERNAL\vci.h(577): warning C4005: “EPROTONOSUPPORT”: 宏重定义
                 C:\Program Files\Microsoft Visual Studio 11.0\VC\include\errno.h(127) : 参见“EPROTONOSUPPORT”的前一个定义
     1>c:\xdiag\uoncore\busmaster\sources\can_iview\EXTERNAL\vci.h(579): warning C4005: “EOPNOTSUPP”: 宏重定义
                 C:\Program Files\Microsoft Visual Studio 11.0\VC\include\errno.h(122) : 参见“EOPNOTSUPP”的前一个定义
     1>c:\xdiag\uoncore\busmaster\sources\can_iview\EXTERNAL\vci.h(581): warning C4005: “EAFNOSUPPORT”: 宏重定义
                 C:\Program Files\Microsoft Visual Studio 11.0\VC\include\errno.h(94) : 参见“EAFNOSUPPORT”的前一个定义
     1>c:\xdiag\uoncore\busmaster\sources\can_iview\EXTERNAL\vci.h(582): warning C4005: “EADDRINUSE”: 宏重定义
                 C:\Program Files\Microsoft Visual Studio 11.0\VC\include\errno.h(92) : 参见“EADDRINUSE”的前一个定义
     1>c:\xdiag\uoncore\busmaster\sources\can_iview\EXTERNAL\vci.h(583): warning C4005: “EADDRNOTAVAIL”: 宏重定义
                 C:\Program Files\Microsoft Visual Studio 11.0\VC\include\errno.h(93) : 参见“EADDRNOTAVAIL”的前一个定义
     1>c:\xdiag\uoncore\busmaster\sources\can_iview\EXTERNAL\vci.h(584): warning C4005: “ENETDOWN”: 宏重定义
                 C:\Program Files\Microsoft Visual Studio 11.0\VC\include\errno.h(108) : 参见“ENETDOWN”的前一个定义
     1>c:\xdiag\uoncore\busmaster\sources\can_iview\EXTERNAL\vci.h(585): warning C4005: “ENETUNREACH”: 宏重定义
                 C:\Program Files\Microsoft Visual Studio 11.0\VC\include\errno.h(110) : 参见“ENETUNREACH”的前一个定义
     1>c:\xdiag\uoncore\busmaster\sources\can_iview\EXTERNAL\vci.h(586): warning C4005: “ENETRESET”: 宏重定义
                 C:\Program Files\Microsoft Visual Studio 11.0\VC\include\errno.h(109) : 参见“ENETRESET”的前一个定义
     1>c:\xdiag\uoncore\busmaster\sources\can_iview\EXTERNAL\vci.h(587): warning C4005: “ECONNABORTED”: 宏重定义
                 C:\Program Files\Microsoft Visual Studio 11.0\VC\include\errno.h(98) : 参见“ECONNABORTED”的前一个定义
     1>c:\xdiag\uoncore\busmaster\sources\can_iview\EXTERNAL\vci.h(588): warning C4005: “ECONNRESET”: 宏重定义
                 C:\Program Files\Microsoft Visual Studio 11.0\VC\include\errno.h(100) : 参见“ECONNRESET”的前一个定义
     1>c:\xdiag\uoncore\busmaster\sources\can_iview\EXTERNAL\vci.h(589): warning C4005: “ENOBUFS”: 宏重定义
                 C:\Program Files\Microsoft Visual Studio 11.0\VC\include\errno.h(111) : 参见“ENOBUFS”的前一个定义
     1>c:\xdiag\uoncore\busmaster\sources\can_iview\EXTERNAL\vci.h(590): warning C4005: “EISCONN”: 宏重定义
                 C:\Program Files\Microsoft Visual Studio 11.0\VC\include\errno.h(105) : 参见“EISCONN”的前一个定义
     1>c:\xdiag\uoncore\busmaster\sources\can_iview\EXTERNAL\vci.h(591): warning C4005: “ENOTCONN”: 宏重定义
                 C:\Program Files\Microsoft Visual Studio 11.0\VC\include\errno.h(118) : 参见“ENOTCONN”的前一个定义
     1>c:\xdiag\uoncore\busmaster\sources\can_iview\EXTERNAL\vci.h(594): warning C4005: “ETIMEDOUT”: 宏重定义
                 C:\Program Files\Microsoft Visual Studio 11.0\VC\include\errno.h(130) : 参见“ETIMEDOUT”的前一个定义
     1>c:\xdiag\uoncore\busmaster\sources\can_iview\EXTERNAL\vci.h(595): warning C4005: “ECONNREFUSED”: 宏重定义
                 C:\Program Files\Microsoft Visual Studio 11.0\VC\include\errno.h(99) : 参见“ECONNREFUSED”的前一个定义
     1>c:\xdiag\uoncore\busmaster\sources\can_iview\EXTERNAL\vci.h(597): warning C4005: “EHOSTUNREACH”: 宏重定义
                 C:\Program Files\Microsoft Visual Studio 11.0\VC\include\errno.h(102) : 参见“EHOSTUNREACH”的前一个定义
     1>c:\xdiag\uoncore\busmaster\sources\can_iview\EXTERNAL\vci.h(598): warning C4005: “EALREADY”: 宏重定义
                 C:\Program Files\Microsoft Visual Studio 11.0\VC\include\errno.h(95) : 参见“EALREADY”的前一个定义
     1>c:\xdiag\uoncore\busmaster\sources\can_iview\EXTERNAL\vci.h(599): warning C4005: “EINPROGRESS”: 宏重定义
                 C:\Program Files\Microsoft Visual Studio 11.0\VC\include\errno.h(104) : 参见“EINPROGRESS”的前一个定义
     1>C:\WinDDK\7600.16385.1\inc\atl71\cstringt.h(267): warning C4996: 'wcscpy': This function or variable may be unsafe. Consider using wcscpy_s instead. To disable deprecation, use _CRT_SECURE_NO_WARNINGS. See online help for details.
                 C:\Program Files\Microsoft Visual Studio 11.0\VC\include\string.h(288) : 参见“wcscpy”的声明
     1>C:\WinDDK\7600.16385.1\inc\atl71\cstringt.h(286): warning C4996: 'wcscpy': This function or variable may be unsafe. Consider using wcscpy_s instead. To disable deprecation, use _CRT_SECURE_NO_WARNINGS. See online help for details.
                 C:\Program Files\Microsoft Visual Studio 11.0\VC\include\string.h(288) : 参见“wcscpy”的声明
     1>C:\WinDDK\7600.16385.1\inc\atl71\cstringt.h(629): warning C4996: '_wcsupr': This function or variable may be unsafe. Consider using _wcsupr_s instead. To disable deprecation, use _CRT_SECURE_NO_WARNINGS. See online help for details.
                 C:\Program Files\Microsoft Visual Studio 11.0\VC\include\string.h(355) : 参见“_wcsupr”的声明
     1>C:\WinDDK\7600.16385.1\inc\atl71\cstringt.h(634): warning C4996: '_wcslwr': This function or variable may be unsafe. Consider using _wcslwr_s instead. To disable deprecation, use _CRT_SECURE_NO_WARNINGS. See online help for details.
                 C:\Program Files\Microsoft Visual Studio 11.0\VC\include\string.h(349) : 参见“_wcslwr”的声明
     1>C:\WinDDK\7600.16385.1\inc\atl71\cstringt.h(649): warning C4996: 'vswprintf': swprintf has been changed to conform with the ISO C standard, adding an extra character count parameter. To use traditional Microsoft swprintf, set _CRT_NON_CONFORMING_SWPRINTFS.
                 C:\Program Files\Microsoft Visual Studio 11.0\VC\include\swprintf.inl(97) : 参见“vswprintf”的声明
     1>CAN_i-VIEW.cpp(1294): warning C4100: “unChannelCount”: 未引用的形参
     1>CAN_i-VIEW.cpp(1294): warning C4100: “bIsHardwareListed”: 未引用的形参
     1>CAN_i-VIEW.cpp(1294): warning C4100: “dwDriverId”: 未引用的形参
         CANRegAnalysis.cpp
         ChangeRegisters.cpp
     1>ChangeRegisters.cpp(195): warning C4996: 'strncpy': This function or variable may be unsafe. Consider using strncpy_s instead. To disable deprecation, use _CRT_SECURE_NO_WARNINGS. See online help for details.
                 C:\Program Files\Microsoft Visual Studio 11.0\VC\include\string.h(191) : 参见“strncpy”的声明
     1>ChangeRegisters.cpp(196): warning C4996: 'strncpy': This function or variable may be unsafe. Consider using strncpy_s instead. To disable deprecation, use _CRT_SECURE_NO_WARNINGS. See online help for details.
                 C:\Program Files\Microsoft Visual Studio 11.0\VC\include\string.h(191) : 参见“strncpy”的声明
     1>ChangeRegisters.cpp(197): warning C4996: 'strncpy': This function or variable may be unsafe. Consider using strncpy_s instead. To disable deprecation, use _CRT_SECURE_NO_WARNINGS. See online help for details.
                 C:\Program Files\Microsoft Visual Studio 11.0\VC\include\string.h(191) : 参见“strncpy”的声明
     1>ChangeRegisters.cpp(198): warning C4996: 'strncpy': This function or variable may be unsafe. Consider using strncpy_s instead. To disable deprecation, use _CRT_SECURE_NO_WARNINGS. See online help for details.
                 C:\Program Files\Microsoft Visual Studio 11.0\VC\include\string.h(191) : 参见“strncpy”的声明
     1>ChangeRegisters.cpp(199): warning C4996: 'strncpy': This function or variable may be unsafe. Consider using strncpy_s instead. To disable deprecation, use _CRT_SECURE_NO_WARNINGS. See online help for details.
                 C:\Program Files\Microsoft Visual Studio 11.0\VC\include\string.h(191) : 参见“strncpy”的声明
     1>ChangeRegisters.cpp(818): warning C4996: '_itoa': This function or variable may be unsafe. Consider using _itoa_s instead. To disable deprecation, use _CRT_SECURE_NO_WARNINGS. See online help for details.
                 C:\Program Files\Microsoft Visual Studio 11.0\VC\include\stdlib.h(468) : 参见“_itoa”的声明
     1>ChangeRegisters.cpp(946): warning C4996: '_itoa': This function or variable may be unsafe. Consider using _itoa_s instead. To disable deprecation, use _CRT_SECURE_NO_WARNINGS. See online help for details.
                 C:\Program Files\Microsoft Visual Studio 11.0\VC\include\stdlib.h(468) : 参见“_itoa”的声明
     1>ChangeRegisters.cpp(1130): warning C4996: '_itoa': This function or variable may be unsafe. Consider using _itoa_s instead. To disable deprecation, use _CRT_SECURE_NO_WARNINGS. See online help for details.
                 C:\Program Files\Microsoft Visual Studio 11.0\VC\include\stdlib.h(468) : 参见“_itoa”的声明
         HardwareListing.cpp
         正在生成代码...
       ResourceCompile:
         C:\Program Files\Microsoft SDKs\Windows\v7.1A\bin\rc.exe /D _DEBUG /D _VC80_UPGRADE=0x0710 /D _USING_V110_SDK71_ /D _AFXDLL /l"0x0409" /Ibusmaster_debug\ /nologo /fo"busmaster_debug\CAN_i-VIEW.res" CAN_i-VIEW.rc 
     1>C:\Program Files\MSBuild\Microsoft.Cpp\v4.0\V110\Microsoft.CppBuild.targets(1137,5): warning MSB8012: TargetPath(C:\XDiag\uoncore\busmaster\Sources\CAN_iVIEW\busmaster_debug\CAN_i-VIEW.dll) does not match the Linker's OutputFile property value (C:\XDiag\uoncore\busmaster\Sources\bin\busmaster_debug\CAN_i-VIEW.dll). This may cause your project to build incorrectly. To correct this, please make sure that $(OutDir), $(TargetName) and $(TargetExt) property values match the value specified in %(Link.OutputFile).
       Link:
         C:\Program Files\Microsoft Visual Studio 11.0\VC\bin\link.exe /ERRORREPORT:PROMPT /OUT:"C:\XDiag\uoncore\busmaster\Sources\/bin/busmaster_debug\CAN_i-VIEW.dll" /INCREMENTAL:NO /NOLOGO /LIBPATH:C:\WinDDK\7600.16385.1\lib\Mfc\i386 /LIBPATH:C:\WinDDK\7600.16385.1\lib\ATL\i386 Ws2_32.lib /NODEFAULTLIB:daouuid.lib /MANIFEST /MANIFESTUAC:"level='asInvoker' uiAccess='false'" /manifest:embed /manifestinput:"C:\Program Files\Microsoft Visual Studio 11.0\VC\Include\Manifest\dpiaware.manifest" /DEBUG /PDB:"C:\XDiag\uoncore\busmaster\Sources\/bin/DumpFiles/busmaster_debug\/PDB/CAN_i-VIEW.pdb" /SUBSYSTEM:WINDOWS,"5.01" /STACK:"8000000" /OPT:REF /OPT:ICF /TLBID:1 /DYNAMICBASE:NO /IMPLIB:"C:\XDiag\uoncore\busmaster\Sources\/BIN/Libs/busmaster_debug\CAN_i-VIEW.lib" /MACHINE:X86 /SAFESEH "C:\XDiag\uoncore\busmaster\Sources\/BIN/Libs/busmaster_debug\Utils.lib" /DLL "busmaster_debug\CAN_i-VIEW.res"
         "C:\XDiag\uoncore\busmaster\Sources\/bin/DumpFiles/busmaster_debug\/OBJ/CAN_i-VIEW/AcceptanceFilterDlg.obj"
         "C:\XDiag\uoncore\busmaster\Sources\/bin/DumpFiles/busmaster_debug\/OBJ/CAN_i-VIEW/CAN_i-VIEW.obj"
         "C:\XDiag\uoncore\busmaster\Sources\/bin/DumpFiles/busmaster_debug\/OBJ/CAN_i-VIEW/CANRegAnalysis.obj"
         "C:\XDiag\uoncore\busmaster\Sources\/bin/DumpFiles/busmaster_debug\/OBJ/CAN_i-VIEW/ChangeRegisters.obj"
         "C:\XDiag\uoncore\busmaster\Sources\/bin/DumpFiles/busmaster_debug\/OBJ/CAN_i-VIEW/HardwareListing.obj"
            正在创建库 C:\XDiag\uoncore\busmaster\Sources\/BIN/Libs/busmaster_debug\CAN_i-VIEW.lib 和对象 C:\XDiag\uoncore\busmaster\Sources\/BIN/Libs/busmaster_debug\CAN_i-VIEW.exp
         CAN_i-VIEW.vcxproj -> C:\XDiag\uoncore\busmaster\Sources\CAN_iVIEW\busmaster_debug\CAN_i-VIEW.dll
     1>已完成生成项目“C:\XDiag\uoncore\busmaster\Sources\CAN_iVIEW\CAN_i-VIEW.vcxproj”(Rebuild 个目标)的操作。

生成成功。

已用时间 00:00:09.57
