生成启动时间为 2015/11/18 10:43:05。
     1>项目“C:\XDiag\uoncore\busmaster\Sources\LIN_ETAS_BOA\LIN_ETAS_BOA.vcxproj”在节点 3 上(Rebuild 个目标)。
     1>ClCompile:
         C:\Program Files\Microsoft Visual Studio 11.0\VC\bin\CL.exe /c /IC:\XDiag\uoncore\busmaster\Sources\ /IC:\WinDDK\7600.16385.1\inc\mfc42 /IC:\WinDDK\7600.16385.1\inc\atl71 /Zi /nologo /W4 /WX- /Od /Oy- /D WIN32 /D _WINDOWS /D NDEBUG /D _USRDLL /D WINVER=0x0500 /D _VC80_UPGRADE=0x0710 /D _USING_V110_SDK71_ /D _WINDLL /D _MBCS /D _AFXDLL /Gm- /EHsc /MD /GS /fp:precise /Zc:wchar_t /Zc:forScope /Fo"C:\XDiag\uoncore\busmaster\Sources\/bin/DumpFiles/busmaster_debug\/OBJ/LIN_ETAS_BOA/" /Fd"busmaster_debug\vc110.pdb" /Gd /TP /analyze- /errorReport:prompt /I "C:\XDiag\uoncore\busmaster\Sources\/Localization/include" ..\DIL_Interface\CommanDIL_LIN.cpp LIN_ETAS_BOA.cpp LIN_ETAS_BOA_stdafx.cpp HardwareListing.cpp
         CommanDIL_LIN.cpp
     1>..\DIL_Interface\CommanDIL_LIN.cpp(188): warning C4996: 'strcpy': This function or variable may be unsafe. Consider using strcpy_s instead. To disable deprecation, use _CRT_SECURE_NO_WARNINGS. See online help for details.
                 C:\Program Files\Microsoft Visual Studio 11.0\VC\include\string.h(110) : 参见“strcpy”的声明
     1>..\DIL_Interface\CommanDIL_LIN.cpp(203): warning C4996: 'strcpy': This function or variable may be unsafe. Consider using strcpy_s instead. To disable deprecation, use _CRT_SECURE_NO_WARNINGS. See online help for details.
                 C:\Program Files\Microsoft Visual Studio 11.0\VC\include\string.h(110) : 参见“strcpy”的声明
     1>..\DIL_Interface\CommanDIL_LIN.cpp(428): warning C4244: “初始化”: 从“UINT”转换到“UCHAR”，可能丢失数据
     1>..\DIL_Interface\CommanDIL_LIN.cpp(437): warning C4244: “return”: 从“UINT”转换到“UCHAR”，可能丢失数据
     1>..\DIL_Interface\CommanDIL_LIN.cpp(446): warning C4244: “=”: 从“int”转换到“char”，可能丢失数据
     1>..\DIL_Interface\CommanDIL_LIN.cpp(470): warning C4244: “参数”: 从“UINT”转换到“UCHAR”，可能丢失数据
     1>..\DIL_Interface\CommanDIL_LIN.cpp(472): warning C4018: “<”: 有符号/无符号不匹配
     1>..\DIL_Interface\CommanDIL_LIN.cpp(477): warning C4244: “初始化”: 从“UINT”转换到“UCHAR”，可能丢失数据
     1>..\DIL_Interface\CommanDIL_LIN.cpp(486): warning C4244: “return”: 从“UINT”转换到“UCHAR”，可能丢失数据
     1>..\DIL_Interface\CommanDIL_LIN.cpp(544): warning C4244: “=”: 从“unsigned short”转换到“UCHAR”，可能丢失数据
     1>..\DIL_Interface\CommanDIL_LIN.cpp(572): warning C4244: “=”: 从“int”转换到“unsigned char”，可能丢失数据
     1>..\DIL_Interface\CommanDIL_LIN.cpp(576): warning C4244: “=”: 从“int”转换到“unsigned char”，可能丢失数据
     1>..\DIL_Interface\CommanDIL_LIN.cpp(672): warning C4100: “dwClientId”: 未引用的形参
     1>..\DIL_Interface\CommanDIL_LIN.cpp(768): warning C4244: “=”: 从“int”转换到“unsigned char”，可能丢失数据
     1>..\DIL_Interface\CommanDIL_LIN.cpp(775): warning C4244: “=”: 从“int”转换到“unsigned char”，可能丢失数据
     1>..\DIL_Interface\CommanDIL_LIN.cpp(797): warning C4018: “>=”: 有符号/无符号不匹配
     1>..\DIL_Interface\CommanDIL_LIN.cpp(815): warning C4244: “=”: 从“const int”转换到“unsigned char”，可能丢失数据
         LIN_ETAS_BOA.cpp
     1>c:\xdiag\uoncore\busmaster\sources\lin_etas_boa\LIN_ETAS_BOA_Defs.h(224): warning C4245: “=”: 从“int”转换到“UINT”，有符号/无符号不匹配
     1>LIN_ETAS_BOA.cpp(349): warning C4996: 'strcpy': This function or variable may be unsafe. Consider using strcpy_s instead. To disable deprecation, use _CRT_SECURE_NO_WARNINGS. See online help for details.
                 C:\Program Files\Microsoft Visual Studio 11.0\VC\include\string.h(110) : 参见“strcpy”的声明
     1>LIN_ETAS_BOA.cpp(350): warning C4996: 'strcat': This function or variable may be unsafe. Consider using strcat_s instead. To disable deprecation, use _CRT_SECURE_NO_WARNINGS. See online help for details.
                 C:\Program Files\Microsoft Visual Studio 11.0\VC\include\string.h(115) : 参见“strcat”的声明
     1>LIN_ETAS_BOA.cpp(351): warning C4996: 'strcat': This function or variable may be unsafe. Consider using strcat_s instead. To disable deprecation, use _CRT_SECURE_NO_WARNINGS. See online help for details.
                 C:\Program Files\Microsoft Visual Studio 11.0\VC\include\string.h(115) : 参见“strcat”的声明
     1>LIN_ETAS_BOA.cpp(366): warning C4996: 'strcpy': This function or variable may be unsafe. Consider using strcpy_s instead. To disable deprecation, use _CRT_SECURE_NO_WARNINGS. See online help for details.
                 C:\Program Files\Microsoft Visual Studio 11.0\VC\include\string.h(110) : 参见“strcpy”的声明
     1>LIN_ETAS_BOA.cpp(367): warning C4996: 'strcat': This function or variable may be unsafe. Consider using strcat_s instead. To disable deprecation, use _CRT_SECURE_NO_WARNINGS. See online help for details.
                 C:\Program Files\Microsoft Visual Studio 11.0\VC\include\string.h(115) : 参见“strcat”的声明
     1>LIN_ETAS_BOA.cpp(368): warning C4996: 'strcat': This function or variable may be unsafe. Consider using strcat_s instead. To disable deprecation, use _CRT_SECURE_NO_WARNINGS. See online help for details.
                 C:\Program Files\Microsoft Visual Studio 11.0\VC\include\string.h(115) : 参见“strcat”的声明
     1>LIN_ETAS_BOA.cpp(714): warning C4018: “<”: 有符号/无符号不匹配
     1>LIN_ETAS_BOA.cpp(730): warning C4018: “<”: 有符号/无符号不匹配
     1>LIN_ETAS_BOA.cpp(1113): warning C4245: “=”: 从“int”转换到“unsigned char”，有符号/无符号不匹配
     1>LIN_ETAS_BOA.cpp(1119): warning C4245: “=”: 从“int”转换到“unsigned char”，有符号/无符号不匹配
     1>LIN_ETAS_BOA.cpp(1142): warning C4245: “=”: 从“int”转换到“unsigned char”，有符号/无符号不匹配
     1>LIN_ETAS_BOA.cpp(1152): warning C4244: “=”: 从“uint32”转换到“unsigned char”，可能丢失数据
     1>LIN_ETAS_BOA.cpp(1174): warning C4245: “=”: 从“int”转换到“unsigned char”，有符号/无符号不匹配
     1>LIN_ETAS_BOA.cpp(1178): warning C4244: “=”: 从“uint32”转换到“unsigned char”，可能丢失数据
     1>LIN_ETAS_BOA.cpp(1179): warning C4244: “=”: 从“uint32”转换到“unsigned char”，可能丢失数据
     1>LIN_ETAS_BOA.cpp(1185): warning C4244: “=”: 从“uint32”转换到“unsigned char”，可能丢失数据
     1>LIN_ETAS_BOA.cpp(1192): warning C4244: “=”: 从“uint32”转换到“unsigned char”，可能丢失数据
     1>LIN_ETAS_BOA.cpp(1193): warning C4244: “=”: 从“uint32”转换到“unsigned char”，可能丢失数据
     1>LIN_ETAS_BOA.cpp(1194): warning C4244: “=”: 从“uint32”转换到“unsigned char”，可能丢失数据
     1>LIN_ETAS_BOA.cpp(1222): warning C4244: “=”: 从“uint32”转换到“unsigned char”，可能丢失数据
     1>LIN_ETAS_BOA.cpp(1223): warning C4244: “=”: 从“uint32”转换到“unsigned char”，可能丢失数据
     1>LIN_ETAS_BOA.cpp(1301): warning C4018: “>=”: 有符号/无符号不匹配
     1>LIN_ETAS_BOA.cpp(1623): warning C4018: “<”: 有符号/无符号不匹配
     1>LIN_ETAS_BOA.cpp(1665): warning C4018: “>=”: 有符号/无符号不匹配
     1>LIN_ETAS_BOA.cpp(1713): warning C4996: 'strcpy': This function or variable may be unsafe. Consider using strcpy_s instead. To disable deprecation, use _CRT_SECURE_NO_WARNINGS. See online help for details.
                 C:\Program Files\Microsoft Visual Studio 11.0\VC\include\string.h(110) : 参见“strcpy”的声明
     1>LIN_ETAS_BOA.cpp(2209): warning C4018: “<”: 有符号/无符号不匹配
         LIN_ETAS_BOA_stdafx.cpp
         HardwareListing.cpp
         正在生成代码...
       ResourceCompile:
         C:\Program Files\Microsoft SDKs\Windows\v7.1A\bin\rc.exe /D NDEBUG /D _VC80_UPGRADE=0x0710 /D _USING_V110_SDK71_ /D _AFXDLL /l"0x0409" /Ibusmaster_debug\ /IC:\WinDDK\7600.16385.1\inc\mfc42 /IC:\WinDDK\7600.16385.1\inc\atl71 /nologo /fo"busmaster_debug\LIN_ETAS_BOA.res" LIN_ETAS_BOA.rc 
     1>C:\Program Files\MSBuild\Microsoft.Cpp\v4.0\V110\Microsoft.CppBuild.targets(1137,5): warning MSB8012: TargetPath(C:\XDiag\uoncore\busmaster\Sources\LIN_ETAS_BOA\busmaster_debug\LIN_ETAS_BOA.dll) does not match the Linker's OutputFile property value (C:\XDiag\uoncore\busmaster\Sources\bin\busmaster_debug\LIN_ETAS_BOA.dll). This may cause your project to build incorrectly. To correct this, please make sure that $(OutDir), $(TargetName) and $(TargetExt) property values match the value specified in %(Link.OutputFile).
       Link:
         C:\Program Files\Microsoft Visual Studio 11.0\VC\bin\link.exe /ERRORREPORT:PROMPT /OUT:"C:\XDiag\uoncore\busmaster\Sources\/bin/busmaster_debug\LIN_ETAS_BOA.dll" /INCREMENTAL:NO /NOLOGO /LIBPATH:C:\WinDDK\7600.16385.1\lib\Mfc\i386 /LIBPATH:C:\WinDDK\7600.16385.1\lib\ATL\i386 Advapi32.lib /NODEFAULTLIB:daouuid.lib /MANIFEST /MANIFESTUAC:"level='asInvoker' uiAccess='false'" /manifest:embed /manifestinput:"C:\Program Files\Microsoft Visual Studio 11.0\VC\Include\Manifest\dpiaware.manifest" /DEBUG /PDB:"C:\XDiag\uoncore\busmaster\Sources\/bin/DumpFiles/busmaster_debug\/PDB/LIN_ETAS_BOA.pdb" /SUBSYSTEM:WINDOWS,"5.01" /STACK:"8000000" /OPT:REF /OPT:ICF /TLBID:1 /DYNAMICBASE:NO /IMPLIB:"C:\XDiag\uoncore\busmaster\Sources\/BIN/Libs/busmaster_debug\CAN_Vector_XL.lib" /MACHINE:X86 /SAFESEH "C:\XDiag\uoncore\busmaster\Sources\/BIN/Libs/busmaster_debug\DataTypes.lib"
         "C:\XDiag\uoncore\busmaster\Sources\/BIN/Libs/busmaster_debug\Utils.lib"
          /DLL busmaster_debug\LIN_ETAS_BOA.res
         C:\XDiag\uoncore\busmaster\Sources\/bin/DumpFiles/busmaster_debug\/OBJ/LIN_ETAS_BOA/CommanDIL_LIN.obj
         C:\XDiag\uoncore\busmaster\Sources\/bin/DumpFiles/busmaster_debug\/OBJ/LIN_ETAS_BOA/LIN_ETAS_BOA.obj
         C:\XDiag\uoncore\busmaster\Sources\/bin/DumpFiles/busmaster_debug\/OBJ/LIN_ETAS_BOA/LIN_ETAS_BOA_stdafx.obj
         C:\XDiag\uoncore\busmaster\Sources\/bin/DumpFiles/busmaster_debug\/OBJ/LIN_ETAS_BOA/HardwareListing.obj
            正在创建库 C:\XDiag\uoncore\busmaster\Sources\/BIN/Libs/busmaster_debug\CAN_Vector_XL.lib 和对象 C:\XDiag\uoncore\busmaster\Sources\/BIN/Libs/busmaster_debug\CAN_Vector_XL.exp
         LIN_ETAS_BOA.vcxproj -> C:\XDiag\uoncore\busmaster\Sources\LIN_ETAS_BOA\busmaster_debug\LIN_ETAS_BOA.dll
     1>已完成生成项目“C:\XDiag\uoncore\busmaster\Sources\LIN_ETAS_BOA\LIN_ETAS_BOA.vcxproj”(Rebuild 个目标)的操作。

生成成功。

已用时间 00:00:09.41
