C:\XDIAG\UONCORE\BUSMASTER\SOURCES\BIN\DUMPFILES\BUSMASTER_DEBUG\OBJ\LIN_ETAS_BOA\HARDWARELISTING.OBJ
C:\XDIAG\UONCORE\BUSMASTER\SOURCES\BIN\DUMPFILES\BUSMASTER_DEBUG\OBJ\LIN_ETAS_BOA\LIN_ETAS_BOA_STDAFX.OBJ
C:\XDIAG\UONCORE\BUSMASTER\SOURCES\BIN\DUMPFILES\BUSMASTER_DEBUG\OBJ\LIN_ETAS_BOA\LIN_ETAS_BOA.OBJ
C:\XDIAG\UONCORE\BUSMASTER\SOURCES\BIN\DUMPFILES\BUSMASTER_DEBUG\OBJ\LIN_ETAS_BOA\COMMANDIL_LIN.OBJ
C:\XDIAG\UONCORE\BUSMASTER\SOURCES\LIN_ETAS_BOA\BUSMASTER_DEBUG\VC110.PDB
C:\XDIAG\UONCORE\BUSMASTER\SOURCES\BIN\BUSMASTER_DEBUG\LIN_ETAS_BOA.DLL
C:\XDIAG\UONCORE\BUSMASTER\SOURCES\BIN\DUMPFILES\BUSMASTER_DEBUG\PDB\LIN_ETAS_BOA.PDB
C:\XDiag\uoncore\busmaster\Sources\BIN\Libs\busmaster_debug\CAN_Vector_XL.lib
C:\XDiag\uoncore\busmaster\Sources\BIN\Libs\busmaster_debug\CAN_Vector_XL.exp
C:\XDIAG\UONCORE\BUSMASTER\SOURCES\LIN_ETAS_BOA\BUSMASTER_DEBUG\LIN_ETAS_BOA.RES
C:\XDiag\uoncore\busmaster\Sources\LIN_ETAS_BOA\busmaster_debug\cl.command.1.tlog
C:\XDiag\uoncore\busmaster\Sources\LIN_ETAS_BOA\busmaster_debug\CL.read.1.tlog
C:\XDiag\uoncore\busmaster\Sources\LIN_ETAS_BOA\busmaster_debug\CL.write.1.tlog
C:\XDiag\uoncore\busmaster\Sources\LIN_ETAS_BOA\busmaster_debug\link-cvtres.read.1.tlog
C:\XDiag\uoncore\busmaster\Sources\LIN_ETAS_BOA\busmaster_debug\link-cvtres.write.1.tlog
C:\XDiag\uoncore\busmaster\Sources\LIN_ETAS_BOA\busmaster_debug\link-mt.read.1.tlog
C:\XDiag\uoncore\busmaster\Sources\LIN_ETAS_BOA\busmaster_debug\link-mt.write.1.tlog
C:\XDiag\uoncore\busmaster\Sources\LIN_ETAS_BOA\busmaster_debug\link-rc.read.1.tlog
C:\XDiag\uoncore\busmaster\Sources\LIN_ETAS_BOA\busmaster_debug\link-rc.write.1.tlog
C:\XDiag\uoncore\busmaster\Sources\LIN_ETAS_BOA\busmaster_debug\link.command.1.tlog
C:\XDiag\uoncore\busmaster\Sources\LIN_ETAS_BOA\busmaster_debug\link.read.1.tlog
C:\XDiag\uoncore\busmaster\Sources\LIN_ETAS_BOA\busmaster_debug\link.write.1.tlog
C:\XDiag\uoncore\busmaster\Sources\LIN_ETAS_BOA\busmaster_debug\LIN_ETAS_BOA.write.1.tlog
C:\XDiag\uoncore\busmaster\Sources\LIN_ETAS_BOA\busmaster_debug\rc.command.1.tlog
C:\XDiag\uoncore\busmaster\Sources\LIN_ETAS_BOA\busmaster_debug\rc.read.1.tlog
C:\XDiag\uoncore\busmaster\Sources\LIN_ETAS_BOA\busmaster_debug\rc.write.1.tlog
C:\XDiag\uoncore\busmaster\Sources\LIN_ETAS_BOA\busmaster_debug\LIN_ETAS_BOA.res
C:\XDiag\uoncore\busmaster\Sources\LIN_ETAS_BOA\busmaster_debug\vc110.pdb
